contig_1	1	1	-	-	-	-	-	NOTAL1	-	NOTAL	-
contig_1	2	1187830	-	-	contig_1	1	1185953	SYN1	-	SYN	-
contig_1	2	476927	-	-	contig_1	1	476904	SYNAL1	SYN1	SYNAL	-
contig_1	5433	5434	AG	A	contig_1	5432	5432	DEL16	SYN1	DEL	-
contig_1	5811	5812	AG	A	contig_1	5809	5809	DEL17	SYN1	DEL	-
contig_1	16729	16730	AG	A	contig_1	16726	16726	DEL18	SYN1	DEL	-
contig_1	21316	21317	AT	A	contig_1	21312	21312	DEL19	SYN1	DEL	-
contig_1	24725	24726	GT	G	contig_1	24720	24720	DEL20	SYN1	DEL	-
contig_1	54142	54143	CT	C	contig_1	54136	54136	DEL21	SYN1	DEL	-
contig_1	56933	56933	T	TCC	contig_1	56926	56928	INS22	SYN1	INS	-
contig_1	63233	63233	C	CT	contig_1	63228	63229	INS23	SYN1	INS	-
contig_1	63620	63621	CA	C	contig_1	63616	63616	DEL24	SYN1	DEL	-
contig_1	76957	76958	GC	G	contig_1	76952	76952	DEL25	SYN1	DEL	-
contig_1	110450	110451	AG	A	contig_1	110444	110444	DEL26	SYN1	DEL	-
contig_1	117801	117802	GT	G	contig_1	117794	117794	DEL27	SYN1	DEL	-
contig_1	124096	124097	GA	G	contig_1	124088	124088	DEL28	SYN1	DEL	-
contig_1	132525	132526	AC	A	contig_1	132516	132516	DEL29	SYN1	DEL	-
contig_1	170147	170147	G	A	contig_1	170137	170137	SNP30	SYN1	SNP	-
contig_1	180632	180633	GT	G	contig_1	180622	180622	DEL31	SYN1	DEL	-
contig_1	181595	181596	AG	A	contig_1	181584	181584	DEL32	SYN1	DEL	-
contig_1	184174	184175	GA	G	contig_1	184162	184162	DEL33	SYN1	DEL	-
contig_1	232530	232530	C	CA	contig_1	232517	232518	INS34	SYN1	INS	-
contig_1	241575	241575	A	AG	contig_1	241563	241564	INS35	SYN1	INS	-
contig_1	262425	262425	T	C	contig_1	262414	262414	SNP36	SYN1	SNP	-
contig_1	262426	262426	C	T	contig_1	262415	262415	SNP37	SYN1	SNP	-
contig_1	295165	295166	TA	T	contig_1	295154	295154	DEL38	SYN1	DEL	-
contig_1	306203	306204	CT	C	contig_1	306191	306191	DEL39	SYN1	DEL	-
contig_1	315985	315986	GC	G	contig_1	315972	315972	DEL40	SYN1	DEL	-
contig_1	316783	316783	G	GA	contig_1	316769	316770	INS41	SYN1	INS	-
contig_1	318568	318568	C	CG	contig_1	318555	318556	INS42	SYN1	INS	-
contig_1	318577	318578	CT	C	contig_1	318565	318565	DEL43	SYN1	DEL	-
contig_1	320756	320757	CT	C	contig_1	320743	320743	DEL44	SYN1	DEL	-
contig_1	324462	324463	AG	A	contig_1	324448	324448	DEL45	SYN1	DEL	-
contig_1	325210	325211	GA	G	contig_1	325195	325195	DEL46	SYN1	DEL	-
contig_1	325386	325386	A	G	contig_1	325370	325370	SNP47	SYN1	SNP	-
contig_1	325735	325736	TC	T	contig_1	325719	325719	DEL48	SYN1	DEL	-
contig_1	326482	326483	TC	T	contig_1	326465	326465	DEL49	SYN1	DEL	-
contig_1	326545	326546	GA	G	contig_1	326527	326527	DEL50	SYN1	DEL	-
contig_1	327140	327140	C	CG	contig_1	327121	327122	INS51	SYN1	INS	-
contig_1	337015	337016	GT	G	contig_1	336997	336997	DEL52	SYN1	DEL	-
contig_1	352911	352911	G	A	contig_1	352892	352892	SNP53	SYN1	SNP	-
contig_1	356398	356398	T	TA	contig_1	356379	356380	INS54	SYN1	INS	-
contig_1	357176	357176	A	AAG	contig_1	357158	357160	INS55	SYN1	INS	-
contig_1	357500	357500	A	G	contig_1	357484	357484	SNP56	SYN1	SNP	-
contig_1	357502	357502	A	AG	contig_1	357486	357487	INS57	SYN1	INS	-
contig_1	373707	373708	AT	A	contig_1	373692	373692	DEL58	SYN1	DEL	-
contig_1	377970	377970	G	A	contig_1	377954	377954	SNP59	SYN1	SNP	-
contig_1	389199	389200	GC	G	contig_1	389183	389183	DEL60	SYN1	DEL	-
contig_1	404655	404656	GA	G	contig_1	404638	404638	DEL61	SYN1	DEL	-
contig_1	404813	404814	CG	C	contig_1	404795	404795	DEL62	SYN1	DEL	-
contig_1	412251	412252	CA	C	contig_1	412232	412232	DEL63	SYN1	DEL	-
contig_1	426634	426635	CA	C	contig_1	426614	426614	DEL64	SYN1	DEL	-
contig_1	427206	427207	CT	C	contig_1	427185	427185	DEL65	SYN1	DEL	-
contig_1	435582	435583	GA	G	contig_1	435560	435560	DEL66	SYN1	DEL	-
contig_1	439482	439483	CT	C	contig_1	439459	439459	DEL67	SYN1	DEL	-
contig_1	444710	444710	T	C	contig_1	444686	444686	SNP68	SYN1	SNP	-
contig_1	444711	444711	C	T	contig_1	444687	444687	SNP69	SYN1	SNP	-
contig_1	464558	464558	G	GA	contig_1	464534	464535	INS70	SYN1	INS	-
contig_1	476927	480020	-	-	contig_1	476904	479996	HDR1	SYN1	HDR	-
contig_1	480021	552530	-	-	contig_1	479997	552506	SYNAL2	SYN1	SYNAL	-
contig_1	487286	487287	GT	G	contig_1	487262	487262	DEL71	SYN1	DEL	-
contig_1	493123	493123	C	CG	contig_1	493098	493099	INS72	SYN1	INS	-
contig_1	521363	521363	G	GA	contig_1	521339	521340	INS73	SYN1	INS	-
contig_1	525387	525388	CG	C	contig_1	525364	525364	DEL74	SYN1	DEL	-
contig_1	541971	541971	A	AG	contig_1	541947	541948	INS75	SYN1	INS	-
contig_1	549657	549658	CA	C	contig_1	549634	549634	DEL76	SYN1	DEL	-
contig_1	552530	560571	-	-	contig_1	552506	555599	HDR2	SYN1	HDR	-
contig_1	560572	711469	-	-	contig_1	555600	706498	SYNAL3	SYN1	SYNAL	-
contig_1	561272	561272	T	TA	contig_1	556300	556301	INS77	SYN1	INS	-
contig_1	592103	592104	AG	A	contig_1	587132	587132	DEL78	SYN1	DEL	-
contig_1	595110	595110	T	TC	contig_1	590138	590139	INS79	SYN1	INS	-
contig_1	616210	616210	A	AG	contig_1	611239	611240	INS80	SYN1	INS	-
contig_1	623513	623514	GA	G	contig_1	618543	618543	DEL81	SYN1	DEL	-
contig_1	627730	627730	C	CT	contig_1	622759	622760	INS82	SYN1	INS	-
contig_1	637319	637320	TA	T	contig_1	632349	632349	DEL83	SYN1	DEL	-
contig_1	652955	652955	A	AG	contig_1	647984	647985	INS84	SYN1	INS	-
contig_1	664472	664472	C	CT	contig_1	659502	659503	INS85	SYN1	INS	-
contig_1	681421	681422	TC	T	contig_1	676452	676452	DEL86	SYN1	DEL	-
contig_1	692313	692314	CA	C	contig_1	687343	687343	DEL87	SYN1	DEL	-
contig_1	699835	699836	GT	G	contig_1	694864	694864	DEL88	SYN1	DEL	-
contig_1	706870	706870	C	CT	contig_1	701898	701899	INS89	SYN1	INS	-
contig_1	711462	711469	-	-	contig_1	706490	709599	CPG3	SYN1	CPG	-
contig_1	711462	1187830	-	-	contig_1	709591	1185953	SYNAL4	SYN1	SYNAL	-
contig_1	715010	715010	A	AC	contig_1	713139	713140	INS90	SYN1	INS	-
contig_1	724118	724119	GC	G	contig_1	722248	722248	DEL91	SYN1	DEL	-
contig_1	729793	729795	GTT	G	contig_1	727922	727922	DEL92	SYN1	DEL	-
contig_1	777409	777410	CT	C	contig_1	775536	775536	DEL93	SYN1	DEL	-
contig_1	786838	786839	CA	C	contig_1	784964	784964	DEL94	SYN1	DEL	-
contig_1	795594	795594	G	GA	contig_1	793719	793720	INS95	SYN1	INS	-
contig_1	831470	831470	G	GA	contig_1	829596	829597	INS96	SYN1	INS	-
contig_1	849892	849893	GA	G	contig_1	848019	848019	DEL97	SYN1	DEL	-
contig_1	852278	852278	A	AC	contig_1	850404	850405	INS98	SYN1	INS	-
contig_1	853623	853624	TC	T	contig_1	851750	851750	DEL99	SYN1	DEL	-
contig_1	853680	853680	C	CA	contig_1	851806	851807	INS100	SYN1	INS	-
contig_1	853903	853903	T	TC	contig_1	852030	852031	INS101	SYN1	INS	-
contig_1	854303	854304	CA	C	contig_1	852431	852431	DEL102	SYN1	DEL	-
contig_1	854810	854811	CA	C	contig_1	852937	852937	DEL103	SYN1	DEL	-
contig_1	863961	863961	G	GA	contig_1	862087	862088	INS104	SYN1	INS	-
contig_1	867000	867001	CA	C	contig_1	865127	865127	DEL105	SYN1	DEL	-
contig_1	868516	868517	GA	G	contig_1	866642	866642	DEL106	SYN1	DEL	-
contig_1	869628	869629	CT	C	contig_1	867753	867753	DEL107	SYN1	DEL	-
contig_1	875921	875921	A	AT	contig_1	874045	874046	INS108	SYN1	INS	-
contig_1	887893	887893	G	GA	contig_1	886018	886019	INS109	SYN1	INS	-
contig_1	890323	890324	TC	T	contig_1	888449	888449	DEL110	SYN1	DEL	-
contig_1	894306	894306	A	G	contig_1	892431	892431	SNP111	SYN1	SNP	-
contig_1	908143	908144	GA	G	contig_1	906268	906268	DEL112	SYN1	DEL	-
contig_1	920218	920218	G	T	contig_1	918342	918342	SNP113	SYN1	SNP	-
contig_1	920344	920344	G	A	contig_1	918468	918468	SNP114	SYN1	SNP	-
contig_1	920686	920686	T	C	contig_1	918810	918810	SNP115	SYN1	SNP	-
contig_1	920696	920696	A	T	contig_1	918820	918820	SNP116	SYN1	SNP	-
contig_1	921050	921050	G	A	contig_1	919174	919174	SNP117	SYN1	SNP	-
contig_1	921125	921125	T	A	contig_1	919249	919249	SNP118	SYN1	SNP	-
contig_1	921126	921126	G	T	contig_1	919250	919250	SNP119	SYN1	SNP	-
contig_1	921177	921177	C	T	contig_1	919301	919301	SNP120	SYN1	SNP	-
contig_1	938699	938699	G	GA	contig_1	936823	936824	INS121	SYN1	INS	-
contig_1	940752	940753	AG	A	contig_1	938877	938877	DEL122	SYN1	DEL	-
contig_1	945934	945934	C	CT	contig_1	944058	944059	INS123	SYN1	INS	-
contig_1	946849	946849	G	GA	contig_1	944974	944975	INS124	SYN1	INS	-
contig_1	969826	969826	G	GC	contig_1	967952	967953	INS125	SYN1	INS	-
contig_1	970825	970826	CT	C	contig_1	968952	968952	DEL126	SYN1	DEL	-
contig_1	1028591	1028591	C	CAA	contig_1	1026717	1026719	INS127	SYN1	INS	-
contig_1	1041639	1041640	AG	A	contig_1	1039767	1039767	DEL128	SYN1	DEL	-
contig_1	1048354	1048355	GC	G	contig_1	1046481	1046481	DEL129	SYN1	DEL	-
contig_1	1075259	1075259	A	AG	contig_1	1073385	1073386	INS130	SYN1	INS	-
contig_1	1087107	1087107	G	GA	contig_1	1085234	1085235	INS131	SYN1	INS	-
contig_1	1109545	1109546	GA	G	contig_1	1107673	1107673	DEL132	SYN1	DEL	-
contig_1	1114024	1114025	AT	A	contig_1	1112151	1112151	DEL133	SYN1	DEL	-
contig_1	1139782	1139783	CT	C	contig_1	1137908	1137908	DEL134	SYN1	DEL	-
contig_1	1154339	1154340	AG	A	contig_1	1152464	1152464	DEL135	SYN1	DEL	-
contig_1	1170816	1170817	AG	A	contig_1	1168940	1168940	DEL136	SYN1	DEL	-
contig_1	1187831	1192505	-	-	-	-	-	NOTAL2	-	NOTAL	-
contig_1	1192506	1205564	-	-	contig_1	1190626	1203686	INV3	-	INV	-
contig_1	1192506	1205564	-	-	contig_1	1203686	1190626	INVAL17	INV3	INVAL	-
contig_1	1199554	1199554	G	A	contig_1	1196638	1196638	SNP137	INV3	SNP	-
contig_1	1203584	1203584	T	TC	contig_1	1192607	1192608	INS138	INV3	INS	-
contig_1	1205188	1205188	C	CA	contig_1	1191002	1191003	INS139	INV3	INS	-
contig_1	1205556	4003851	-	-	contig_1	1206784	4014775	SYN2	-	SYN	-
contig_1	1205556	1405122	-	-	contig_1	1206784	1406353	SYNAL5	SYN2	SYNAL	-
contig_1	1207221	1207221	A	G	contig_1	1208449	1208449	SNP140	SYN2	SNP	-
contig_1	1208585	1208585	G	GC	contig_1	1209813	1209814	INS141	SYN2	INS	-
contig_1	1220955	1220956	GA	G	contig_1	1222184	1222184	DEL142	SYN2	DEL	-
contig_1	1260287	1260287	G	GT	contig_1	1261515	1261516	INS143	SYN2	INS	-
contig_1	1266776	1266776	C	CT	contig_1	1268005	1268006	INS144	SYN2	INS	-
contig_1	1269398	1269398	C	CT	contig_1	1270628	1270629	INS145	SYN2	INS	-
contig_1	1286211	1286212	TC	T	contig_1	1287442	1287442	DEL146	SYN2	DEL	-
contig_1	1287166	1287166	A	AG	contig_1	1288396	1288397	INS147	SYN2	INS	-
contig_1	1287718	1287719	GT	G	contig_1	1288949	1288949	DEL148	SYN2	DEL	-
contig_1	1291779	1291779	C	CG	contig_1	1293009	1293010	INS149	SYN2	INS	-
contig_1	1324208	1324208	A	G	contig_1	1325439	1325439	SNP150	SYN2	SNP	-
contig_1	1340412	1340412	G	GA	contig_1	1341643	1341644	INS151	SYN2	INS	-
contig_1	1347367	1347368	GC	G	contig_1	1348599	1348599	DEL152	SYN2	DEL	-
contig_1	1351797	1351797	G	GC	contig_1	1353028	1353029	INS153	SYN2	INS	-
contig_1	1353399	1353400	CT	C	contig_1	1354631	1354631	DEL154	SYN2	DEL	-
contig_1	1355180	1355180	C	CT	contig_1	1356411	1356412	INS155	SYN2	INS	-
contig_1	1357430	1357431	GT	G	contig_1	1358662	1358662	DEL156	SYN2	DEL	-
contig_1	1405122	1408215	-	-	contig_1	1406353	1409445	HDR4	SYN2	HDR	-
contig_1	1408216	1499229	-	-	contig_1	1409446	1500451	SYNAL6	SYN2	SYNAL	-
contig_1	1411957	1411957	C	CT	contig_1	1413187	1413188	INS157	SYN2	INS	-
contig_1	1419574	1419575	TC	T	contig_1	1420805	1420805	DEL158	SYN2	DEL	-
contig_1	1432676	1432677	TC	T	contig_1	1433906	1433906	DEL159	SYN2	DEL	-
contig_1	1434496	1434497	GT	G	contig_1	1435725	1435725	DEL160	SYN2	DEL	-
contig_1	1442270	1442271	TC	T	contig_1	1443498	1443498	DEL161	SYN2	DEL	-
contig_1	1445115	1445115	T	TC	contig_1	1446342	1446343	INS162	SYN2	INS	-
contig_1	1446934	1446934	C	T	contig_1	1448162	1448162	SNP163	SYN2	SNP	-
contig_1	1446935	1446935	T	C	contig_1	1448163	1448163	SNP164	SYN2	SNP	-
contig_1	1449012	1449013	AT	A	contig_1	1450240	1450240	DEL165	SYN2	DEL	-
contig_1	1451240	1451241	CG	C	contig_1	1452467	1452467	DEL166	SYN2	DEL	-
contig_1	1456114	1456114	C	T	contig_1	1457340	1457340	SNP167	SYN2	SNP	-
contig_1	1456568	1456569	GT	G	contig_1	1457794	1457794	DEL168	SYN2	DEL	-
contig_1	1463034	1463035	GA	G	contig_1	1464259	1464259	DEL169	SYN2	DEL	-
contig_1	1466722	1466723	CT	C	contig_1	1467946	1467946	DEL170	SYN2	DEL	-
contig_1	1466904	1466904	G	A	contig_1	1468127	1468127	SNP171	SYN2	SNP	-
contig_1	1494910	1494911	CA	C	contig_1	1496133	1496133	DEL172	SYN2	DEL	-
contig_1	1499229	1503892	-	-	contig_1	1500451	1505113	HDR5	SYN2	HDR	-
contig_1	1503893	1675571	-	-	contig_1	1505114	1676785	SYNAL7	SYN2	SYNAL	-
contig_1	1507249	1507250	CG	C	contig_1	1508470	1508470	DEL173	SYN2	DEL	-
contig_1	1509689	1509689	T	TA	contig_1	1510909	1510910	INS174	SYN2	INS	-
contig_1	1512017	1512018	GA	G	contig_1	1513238	1513238	DEL175	SYN2	DEL	-
contig_1	1534681	1534682	GA	G	contig_1	1535901	1535901	DEL176	SYN2	DEL	-
contig_1	1548089	1548089	A	AG	contig_1	1549308	1549309	INS177	SYN2	INS	-
contig_1	1556839	1556840	CA	C	contig_1	1558059	1558059	DEL178	SYN2	DEL	-
contig_1	1575361	1575362	CT	C	contig_1	1576580	1576580	DEL179	SYN2	DEL	-
contig_1	1580756	1580756	A	AG	contig_1	1581974	1581975	INS180	SYN2	INS	-
contig_1	1581089	1581089	G	GA	contig_1	1582308	1582309	INS181	SYN2	INS	-
contig_1	1607426	1607427	AG	A	contig_1	1608646	1608646	DEL182	SYN2	DEL	-
contig_1	1619309	1619310	TC	T	contig_1	1620528	1620528	DEL183	SYN2	DEL	-
contig_1	1626850	1626851	GA	G	contig_1	1628068	1628068	DEL184	SYN2	DEL	-
contig_1	1626972	1626972	G	A	contig_1	1628189	1628189	SNP185	SYN2	SNP	-
contig_1	1629541	1629542	TC	T	contig_1	1630758	1630758	DEL186	SYN2	DEL	-
contig_1	1635700	1635701	TC	T	contig_1	1636916	1636916	DEL187	SYN2	DEL	-
contig_1	1669193	1669194	TA	T	contig_1	1670408	1670408	DEL188	SYN2	DEL	-
contig_1	1675563	1675571	-	-	contig_1	1676776	1679888	CPG6	SYN2	CPG	-
contig_1	1675563	1952969	-	-	contig_1	1679879	1957283	SYNAL8	SYN2	SYNAL	-
contig_1	1680465	1680465	C	CA	contig_1	1684781	1684782	INS189	SYN2	INS	-
contig_1	1684588	1684588	G	A	contig_1	1688905	1688905	SNP190	SYN2	SNP	-
contig_1	1685873	1685873	T	TC	contig_1	1690190	1690191	INS191	SYN2	INS	-
contig_1	1691126	1691126	C	CT	contig_1	1695444	1695445	INS192	SYN2	INS	-
contig_1	1696489	1696490	CT	C	contig_1	1700808	1700808	DEL193	SYN2	DEL	-
contig_1	1751307	1751308	AG	A	contig_1	1755625	1755625	DEL194	SYN2	DEL	-
contig_1	1755702	1755702	T	TC	contig_1	1760019	1760020	INS195	SYN2	INS	-
contig_1	1759253	1759253	C	CA	contig_1	1763571	1763572	INS196	SYN2	INS	-
contig_1	1772770	1772771	CT	C	contig_1	1777089	1777089	DEL197	SYN2	DEL	-
contig_1	1782516	1782517	GA	G	contig_1	1786834	1786834	DEL198	SYN2	DEL	-
contig_1	1795776	1795777	AG	A	contig_1	1800093	1800093	DEL199	SYN2	DEL	-
contig_1	1814622	1814623	GT	G	contig_1	1818938	1818938	DEL200	SYN2	DEL	-
contig_1	1863700	1863700	C	CA	contig_1	1868015	1868016	INS201	SYN2	INS	-
contig_1	1866671	1866672	TC	T	contig_1	1870987	1870987	DEL202	SYN2	DEL	-
contig_1	1867264	1867264	A	T	contig_1	1871579	1871579	SNP203	SYN2	SNP	-
contig_1	1868433	1868433	T	TG	contig_1	1872748	1872749	INS204	SYN2	INS	-
contig_1	1885120	1885120	C	T	contig_1	1889436	1889436	SNP205	SYN2	SNP	-
contig_1	1889481	1889482	AT	A	contig_1	1893797	1893797	DEL206	SYN2	DEL	-
contig_1	1891872	1891872	T	TG	contig_1	1896187	1896188	INS207	SYN2	INS	-
contig_1	1894605	1894606	AT	A	contig_1	1898921	1898921	DEL208	SYN2	DEL	-
contig_1	1894787	1894788	CA	C	contig_1	1899102	1899102	DEL209	SYN2	DEL	-
contig_1	1902099	1902100	AT	A	contig_1	1906413	1906413	DEL210	SYN2	DEL	-
contig_1	1902892	1902893	CT	C	contig_1	1907205	1907205	DEL211	SYN2	DEL	-
contig_1	1927615	1927615	T	TG	contig_1	1931927	1931928	INS212	SYN2	INS	-
contig_1	1930908	1930908	C	CT	contig_1	1935221	1935222	INS213	SYN2	INS	-
contig_1	1935863	1935863	G	GT	contig_1	1940177	1940178	INS214	SYN2	INS	-
contig_1	1940857	1940858	AG	A	contig_1	1945172	1945172	DEL215	SYN2	DEL	-
contig_1	1952961	1952969	-	-	contig_1	1957274	1960386	CPG7	SYN2	CPG	-
contig_1	1952961	1986447	-	-	contig_1	1960377	1993861	SYNAL9	SYN2	SYNAL	-
contig_1	1960458	1960459	GA	G	contig_1	1967874	1967874	DEL216	SYN2	DEL	-
contig_1	1971284	1971285	AT	A	contig_1	1978699	1978699	DEL217	SYN2	DEL	-
contig_1	1986447	1991110	-	-	contig_1	1993861	1998524	HDR8	SYN2	HDR	-
contig_1	1991111	2306485	-	-	contig_1	1998525	2313893	SYNAL10	SYN2	SYNAL	-
contig_1	1994090	1994091	AT	A	contig_1	2001504	2001504	DEL218	SYN2	DEL	-
contig_1	2033344	2033344	C	CT	contig_1	2040757	2040758	INS219	SYN2	INS	-
contig_1	2035420	2035420	G	GC	contig_1	2042834	2042835	INS220	SYN2	INS	-
contig_1	2044857	2044857	C	CG	contig_1	2052272	2052273	INS221	SYN2	INS	-
contig_1	2055454	2055455	GA	G	contig_1	2062870	2062870	DEL222	SYN2	DEL	-
contig_1	2057289	2057290	GA	G	contig_1	2064704	2064704	DEL223	SYN2	DEL	-
contig_1	2057931	2057931	G	GT	contig_1	2065345	2065346	INS224	SYN2	INS	-
contig_1	2058717	2058717	T	C	contig_1	2066132	2066132	SNP225	SYN2	SNP	-
contig_1	2060084	2060085	GT	G	contig_1	2067499	2067499	DEL226	SYN2	DEL	-
contig_1	2087835	2087835	C	CT	contig_1	2095249	2095250	INS227	SYN2	INS	-
contig_1	2143141	2143142	GA	G	contig_1	2150556	2150556	DEL228	SYN2	DEL	-
contig_1	2146521	2146522	CA	C	contig_1	2153935	2153935	DEL229	SYN2	DEL	-
contig_1	2147104	2147105	GT	G	contig_1	2154517	2154517	DEL230	SYN2	DEL	-
contig_1	2172164	2172165	CT	C	contig_1	2179576	2179576	DEL231	SYN2	DEL	-
contig_1	2181177	2181178	CT	C	contig_1	2188588	2188588	DEL232	SYN2	DEL	-
contig_1	2182168	2182169	GT	G	contig_1	2189578	2189578	DEL233	SYN2	DEL	-
contig_1	2182461	2182462	AG	A	contig_1	2189870	2189870	DEL234	SYN2	DEL	-
contig_1	2182531	2182532	TC	T	contig_1	2189939	2189939	DEL235	SYN2	DEL	-
contig_1	2188286	2188287	CT	C	contig_1	2195693	2195693	DEL236	SYN2	DEL	-
contig_1	2202739	2202739	T	TA	contig_1	2210145	2210146	INS237	SYN2	INS	-
contig_1	2202758	2202758	C	T	contig_1	2210165	2210165	SNP238	SYN2	SNP	-
contig_1	2203240	2203241	CT	C	contig_1	2210647	2210647	DEL239	SYN2	DEL	-
contig_1	2204811	2204811	C	T	contig_1	2212217	2212217	SNP240	SYN2	SNP	-
contig_1	2214035	2214035	G	A	contig_1	2221441	2221441	SNP241	SYN2	SNP	-
contig_1	2253145	2253145	C	CA	contig_1	2260551	2260552	INS242	SYN2	INS	-
contig_1	2253602	2253602	C	CA	contig_1	2261009	2261010	INS243	SYN2	INS	-
contig_1	2268580	2268580	T	TC	contig_1	2275988	2275989	INS244	SYN2	INS	-
contig_1	2272659	2272659	C	CT	contig_1	2280068	2280069	INS245	SYN2	INS	-
contig_1	2275467	2275467	T	TC	contig_1	2282877	2282878	INS246	SYN2	INS	-
contig_1	2277207	2277208	GA	G	contig_1	2284618	2284618	DEL247	SYN2	DEL	-
contig_1	2296010	2296011	GC	G	contig_1	2303420	2303420	DEL248	SYN2	DEL	-
contig_1	2296216	2296217	AT	A	contig_1	2303625	2303625	DEL249	SYN2	DEL	-
contig_1	2306485	2311148	-	-	contig_1	2313893	2318556	HDR9	SYN2	HDR	-
contig_1	2311149	2661330	-	-	contig_1	2318557	2668731	SYNAL11	SYN2	SYNAL	-
contig_1	2322574	2322575	GA	G	contig_1	2329982	2329982	DEL250	SYN2	DEL	-
contig_1	2324930	2324931	GA	G	contig_1	2332337	2332337	DEL251	SYN2	DEL	-
contig_1	2326946	2326947	GT	G	contig_1	2334352	2334352	DEL252	SYN2	DEL	-
contig_1	2329211	2329211	T	TC	contig_1	2336616	2336617	INS253	SYN2	INS	-
contig_1	2333021	2333022	CT	C	contig_1	2340427	2340427	DEL254	SYN2	DEL	-
contig_1	2338584	2338584	G	GA	contig_1	2345989	2345990	INS255	SYN2	INS	-
contig_1	2338676	2338676	T	C	contig_1	2346082	2346082	SNP256	SYN2	SNP	-
contig_1	2339601	2339601	G	GC	contig_1	2347007	2347008	INS257	SYN2	INS	-
contig_1	2339603	2339603	T	A	contig_1	2347010	2347010	SNP258	SYN2	SNP	-
contig_1	2339606	2339606	C	T	contig_1	2347013	2347013	SNP259	SYN2	SNP	-
contig_1	2343497	2343498	AT	A	contig_1	2350904	2350904	DEL260	SYN2	DEL	-
contig_1	2343725	2343725	C	CA	contig_1	2351131	2351132	INS261	SYN2	INS	-
contig_1	2345590	2345590	T	G	contig_1	2352997	2352997	SNP262	SYN2	SNP	-
contig_1	2350191	2350192	CA	C	contig_1	2357598	2357598	DEL263	SYN2	DEL	-
contig_1	2350262	2350263	TG	T	contig_1	2357668	2357668	DEL264	SYN2	DEL	-
contig_1	2351943	2351943	T	C	contig_1	2359348	2359348	SNP265	SYN2	SNP	-
contig_1	2401918	2401918	A	AG	contig_1	2409323	2409324	INS266	SYN2	INS	-
contig_1	2404843	2404843	A	G	contig_1	2412249	2412249	SNP267	SYN2	SNP	-
contig_1	2406254	2406254	C	A	contig_1	2413660	2413660	SNP268	SYN2	SNP	-
contig_1	2406778	2406779	TA	T	contig_1	2414184	2414184	DEL269	SYN2	DEL	-
contig_1	2420497	2420497	G	GC	contig_1	2427902	2427903	INS270	SYN2	INS	-
contig_1	2422118	2422119	GA	G	contig_1	2429524	2429524	DEL271	SYN2	DEL	-
contig_1	2422555	2422556	TG	T	contig_1	2429960	2429960	DEL272	SYN2	DEL	-
contig_1	2425069	2425069	T	TC	contig_1	2432473	2432474	INS273	SYN2	INS	-
contig_1	2432951	2432952	CT	C	contig_1	2440356	2440356	DEL274	SYN2	DEL	-
contig_1	2449853	2449854	AG	A	contig_1	2457257	2457257	DEL275	SYN2	DEL	-
contig_1	2478140	2478141	GA	G	contig_1	2485543	2485543	DEL276	SYN2	DEL	-
contig_1	2500216	2500217	CT	C	contig_1	2507618	2507618	DEL277	SYN2	DEL	-
contig_1	2507929	2507930	TC	T	contig_1	2515330	2515330	DEL278	SYN2	DEL	-
contig_1	2540329	2540330	TC	T	contig_1	2547729	2547729	DEL279	SYN2	DEL	-
contig_1	2541158	2541159	CA	C	contig_1	2548557	2548557	DEL280	SYN2	DEL	-
contig_1	2546751	2546751	G	GT	contig_1	2554149	2554150	INS281	SYN2	INS	-
contig_1	2555664	2555664	T	TC	contig_1	2563063	2563064	INS282	SYN2	INS	-
contig_1	2573164	2573164	A	AT	contig_1	2580564	2580565	INS283	SYN2	INS	-
contig_1	2573207	2573208	AG	A	contig_1	2580608	2580608	DEL284	SYN2	DEL	-
contig_1	2598272	2598273	TG	T	contig_1	2605672	2605672	DEL285	SYN2	DEL	-
contig_1	2600279	2600280	GA	G	contig_1	2607678	2607678	DEL286	SYN2	DEL	-
contig_1	2631322	2631322	A	AG	contig_1	2638720	2638721	INS287	SYN2	INS	-
contig_1	2636058	2636058	G	GC	contig_1	2643457	2643458	INS288	SYN2	INS	-
contig_1	2660448	2660448	G	GC	contig_1	2667848	2667849	INS289	SYN2	INS	-
contig_1	2661330	2665538	-	-	contig_1	2668731	2671823	HDR10	SYN2	HDR	-
contig_1	2665539	3373644	-	-	contig_1	2671824	3379914	SYNAL12	SYN2	SYNAL	-
contig_1	2666627	2666628	TC	T	contig_1	2672912	2672912	DEL290	SYN2	DEL	-
contig_1	2671457	2671457	G	C	contig_1	2677741	2677741	SNP291	SYN2	SNP	-
contig_1	2674500	2674501	GA	G	contig_1	2680784	2680784	DEL292	SYN2	DEL	-
contig_1	2676217	2676217	T	TC	contig_1	2682500	2682501	INS293	SYN2	INS	-
contig_1	2685714	2685715	CA	C	contig_1	2691998	2691998	DEL294	SYN2	DEL	-
contig_1	2686488	2686489	GC	G	contig_1	2692771	2692771	DEL295	SYN2	DEL	-
contig_1	2687394	2687394	C	CA	contig_1	2693676	2693677	INS296	SYN2	INS	-
contig_1	2722368	2722369	GA	G	contig_1	2728651	2728651	DEL297	SYN2	DEL	-
contig_1	2724302	2724303	CA	C	contig_1	2730584	2730584	DEL298	SYN2	DEL	-
contig_1	2736608	2736608	A	G	contig_1	2742889	2742889	SNP299	SYN2	SNP	-
contig_1	2742153	2742154	TC	T	contig_1	2748434	2748434	DEL300	SYN2	DEL	-
contig_1	2755096	2755097	TC	T	contig_1	2761376	2761376	DEL301	SYN2	DEL	-
contig_1	2755483	2755483	T	C	contig_1	2761762	2761762	SNP302	SYN2	SNP	-
contig_1	2762162	2762163	TA	T	contig_1	2768441	2768441	DEL303	SYN2	DEL	-
contig_1	2764397	2764397	C	T	contig_1	2770675	2770675	SNP304	SYN2	SNP	-
contig_1	2777304	2777305	GA	G	contig_1	2783582	2783582	DEL305	SYN2	DEL	-
contig_1	2787861	2787861	T	TC	contig_1	2794138	2794139	INS306	SYN2	INS	-
contig_1	2797569	2797569	G	GA	contig_1	2803847	2803848	INS307	SYN2	INS	-
contig_1	2798002	2798002	T	C	contig_1	2804281	2804281	SNP308	SYN2	SNP	-
contig_1	2798098	2798098	T	C	contig_1	2804377	2804377	SNP309	SYN2	SNP	-
contig_1	2802177	2802178	GA	G	contig_1	2808456	2808456	DEL310	SYN2	DEL	-
contig_1	2806269	2806269	C	CA	contig_1	2812547	2812548	INS311	SYN2	INS	-
contig_1	2815494	2815495	CA	C	contig_1	2821773	2821773	DEL312	SYN2	DEL	-
contig_1	2868217	2868217	T	TC	contig_1	2874495	2874496	INS313	SYN2	INS	-
contig_1	2881644	2881645	AG	A	contig_1	2887923	2887923	DEL314	SYN2	DEL	-
contig_1	2886628	2886629	AC	A	contig_1	2892906	2892906	DEL315	SYN2	DEL	-
contig_1	2898079	2898080	TC	T	contig_1	2904356	2904356	DEL316	SYN2	DEL	-
contig_1	2904487	2904487	G	GC	contig_1	2910763	2910764	INS317	SYN2	INS	-
contig_1	2920599	2920600	TC	T	contig_1	2926876	2926876	DEL318	SYN2	DEL	-
contig_1	2940968	2940969	GA	G	contig_1	2947244	2947244	DEL319	SYN2	DEL	-
contig_1	2950257	2950257	C	CT	contig_1	2956532	2956533	INS320	SYN2	INS	-
contig_1	2950591	2950591	C	CT	contig_1	2956867	2956868	INS321	SYN2	INS	-
contig_1	2950627	2950627	C	T	contig_1	2956904	2956904	SNP322	SYN2	SNP	-
contig_1	2951495	2951496	CG	C	contig_1	2957772	2957772	DEL323	SYN2	DEL	-
contig_1	2951529	2951529	T	TC	contig_1	2957805	2957806	INS324	SYN2	INS	-
contig_1	2954313	2954314	CT	C	contig_1	2960590	2960590	DEL325	SYN2	DEL	-
contig_1	2962344	2962344	C	CT	contig_1	2968620	2968621	INS326	SYN2	INS	-
contig_1	2972396	2972397	GC	G	contig_1	2978673	2978673	DEL327	SYN2	DEL	-
contig_1	2977434	2977434	G	GA	contig_1	2983710	2983711	INS328	SYN2	INS	-
contig_1	3003098	3003099	GA	G	contig_1	3009375	3009375	DEL329	SYN2	DEL	-
contig_1	3028885	3028886	CG	C	contig_1	3035161	3035161	DEL330	SYN2	DEL	-
contig_1	3028910	3028910	G	GC	contig_1	3035185	3035186	INS331	SYN2	INS	-
contig_1	3035057	3035057	T	TC	contig_1	3041333	3041334	INS332	SYN2	INS	-
contig_1	3047354	3047355	GT	G	contig_1	3053631	3053631	DEL333	SYN2	DEL	-
contig_1	3048429	3048429	C	CG	contig_1	3054705	3054706	INS334	SYN2	INS	-
contig_1	3075123	3075123	T	TA	contig_1	3081400	3081401	INS335	SYN2	INS	-
contig_1	3076948	3076949	GA	G	contig_1	3083226	3083226	DEL336	SYN2	DEL	-
contig_1	3078869	3078870	AT	A	contig_1	3085146	3085146	DEL337	SYN2	DEL	-
contig_1	3124560	3124561	GA	G	contig_1	3130836	3130836	DEL338	SYN2	DEL	-
contig_1	3141230	3141230	A	AT	contig_1	3147505	3147506	INS339	SYN2	INS	-
contig_1	3146760	3146761	AG	A	contig_1	3153036	3153036	DEL340	SYN2	DEL	-
contig_1	3148384	3148385	CG	C	contig_1	3154659	3154659	DEL341	SYN2	DEL	-
contig_1	3151412	3151412	C	CG	contig_1	3157686	3157687	INS342	SYN2	INS	-
contig_1	3162914	3162915	GA	G	contig_1	3169189	3169189	DEL343	SYN2	DEL	-
contig_1	3196647	3196648	CA	C	contig_1	3202921	3202921	DEL344	SYN2	DEL	-
contig_1	3207850	3207850	A	AT	contig_1	3214123	3214124	INS345	SYN2	INS	-
contig_1	3214264	3214264	T	TC	contig_1	3220538	3220539	INS346	SYN2	INS	-
contig_1	3247406	3247407	GC	G	contig_1	3253681	3253681	DEL347	SYN2	DEL	-
contig_1	3249854	3249854	G	GA	contig_1	3256128	3256129	INS348	SYN2	INS	-
contig_1	3259136	3259136	T	TG	contig_1	3265411	3265412	INS349	SYN2	INS	-
contig_1	3264105	3264106	CT	C	contig_1	3270381	3270381	DEL350	SYN2	DEL	-
contig_1	3265527	3265528	AC	A	contig_1	3271802	3271802	DEL351	SYN2	DEL	-
contig_1	3274872	3274873	TA	T	contig_1	3281146	3281146	DEL352	SYN2	DEL	-
contig_1	3283868	3283868	C	CT	contig_1	3290141	3290142	INS353	SYN2	INS	-
contig_1	3290229	3290229	T	C	contig_1	3296503	3296503	SNP354	SYN2	SNP	-
contig_1	3290418	3290419	GA	G	contig_1	3296692	3296692	DEL355	SYN2	DEL	-
contig_1	3308498	3308498	A	AG	contig_1	3314771	3314772	INS356	SYN2	INS	-
contig_1	3336211	3336211	C	CCT	contig_1	3342485	3342487	INS357	SYN2	INS	-
contig_1	3350267	3350268	TC	T	contig_1	3356543	3356543	DEL358	SYN2	DEL	-
contig_1	3352132	3352133	AG	A	contig_1	3358407	3358407	DEL359	SYN2	DEL	-
contig_1	3354732	3354733	CG	C	contig_1	3361006	3361006	DEL360	SYN2	DEL	-
contig_1	3361278	3361279	TC	T	contig_1	3367551	3367551	DEL361	SYN2	DEL	-
contig_1	3362182	3362183	CG	C	contig_1	3368454	3368454	DEL362	SYN2	DEL	-
contig_1	3363329	3363329	C	T	contig_1	3369600	3369600	SNP363	SYN2	SNP	-
contig_1	3364403	3364403	C	T	contig_1	3370674	3370674	SNP364	SYN2	SNP	-
contig_1	3364697	3364697	T	TA	contig_1	3370968	3370969	INS365	SYN2	INS	-
contig_1	3367049	3367050	CT	C	contig_1	3373321	3373321	DEL366	SYN2	DEL	-
contig_1	3371989	3371990	CA	C	contig_1	3378260	3378260	DEL367	SYN2	DEL	-
contig_1	3373644	3376737	-	-	contig_1	3379914	3383006	HDR11	SYN2	HDR	-
contig_1	3376738	3704606	-	-	contig_1	3383007	3710868	SYNAL13	SYN2	SYNAL	-
contig_1	3382250	3382251	GT	G	contig_1	3388519	3388519	DEL368	SYN2	DEL	-
contig_1	3385080	3385080	T	TA	contig_1	3391348	3391349	INS369	SYN2	INS	-
contig_1	3385956	3385957	GA	G	contig_1	3392225	3392225	DEL370	SYN2	DEL	-
contig_1	3386106	3386107	TA	T	contig_1	3392374	3392374	DEL371	SYN2	DEL	-
contig_1	3386909	3386910	CT	C	contig_1	3393176	3393176	DEL372	SYN2	DEL	-
contig_1	3387279	3387279	C	T	contig_1	3393545	3393545	SNP373	SYN2	SNP	-
contig_1	3387341	3387341	T	TC	contig_1	3393607	3393608	INS374	SYN2	INS	-
contig_1	3387405	3387405	T	TC	contig_1	3393672	3393673	INS375	SYN2	INS	-
contig_1	3390201	3390201	G	GGC	contig_1	3396469	3396471	INS376	SYN2	INS	-
contig_1	3392463	3392463	C	CG	contig_1	3398733	3398734	INS377	SYN2	INS	-
contig_1	3393968	3393968	G	GA	contig_1	3400239	3400240	INS378	SYN2	INS	-
contig_1	3398520	3398521	GC	G	contig_1	3404792	3404792	DEL379	SYN2	DEL	-
contig_1	3399395	3399396	AT	A	contig_1	3405666	3405666	DEL380	SYN2	DEL	-
contig_1	3399799	3399799	C	CCA	contig_1	3406069	3406071	INS381	SYN2	INS	-
contig_1	3400070	3400070	G	A	contig_1	3406342	3406342	SNP382	SYN2	SNP	-
contig_1	3400071	3400072	TA	T	contig_1	3406343	3406343	DEL383	SYN2	DEL	-
contig_1	3400073	3400073	C	T	contig_1	3406344	3406344	SNP384	SYN2	SNP	-
contig_1	3401423	3401425	TAC	T	contig_1	3407694	3407694	DEL385	SYN2	DEL	-
contig_1	3401464	3401466	AGG	A	contig_1	3407733	3407733	DEL386	SYN2	DEL	-
contig_1	3401550	3401551	TA	T	contig_1	3407817	3407817	DEL387	SYN2	DEL	-
contig_1	3401599	3401600	TG	T	contig_1	3407865	3407865	DEL388	SYN2	DEL	-
contig_1	3401611	3401612	AT	A	contig_1	3407876	3407876	DEL389	SYN2	DEL	-
contig_1	3402129	3402129	C	T	contig_1	3408393	3408393	SNP390	SYN2	SNP	-
contig_1	3402358	3402358	T	TA	contig_1	3408622	3408623	INS391	SYN2	INS	-
contig_1	3402405	3402405	G	GA	contig_1	3408670	3408671	INS392	SYN2	INS	-
contig_1	3403104	3403105	GT	G	contig_1	3409370	3409370	DEL393	SYN2	DEL	-
contig_1	3403383	3403384	GT	G	contig_1	3409648	3409648	DEL394	SYN2	DEL	-
contig_1	3404019	3404020	GA	G	contig_1	3410283	3410283	DEL395	SYN2	DEL	-
contig_1	3404824	3404824	A	AC	contig_1	3411087	3411088	INS396	SYN2	INS	-
contig_1	3405925	3405925	T	TA	contig_1	3412189	3412190	INS397	SYN2	INS	-
contig_1	3410237	3410238	TA	T	contig_1	3416502	3416502	DEL398	SYN2	DEL	-
contig_1	3445051	3445051	C	CT	contig_1	3451315	3451316	INS399	SYN2	INS	-
contig_1	3452038	3452039	GA	G	contig_1	3458303	3458303	DEL400	SYN2	DEL	-
contig_1	3454119	3454120	AT	A	contig_1	3460383	3460383	DEL401	SYN2	DEL	-
contig_1	3458320	3458321	GA	G	contig_1	3464583	3464583	DEL402	SYN2	DEL	-
contig_1	3467039	3467039	A	AC	contig_1	3473301	3473302	INS403	SYN2	INS	-
contig_1	3490639	3490639	T	TC	contig_1	3496902	3496903	INS404	SYN2	INS	-
contig_1	3496604	3496604	A	AC	contig_1	3502868	3502869	INS405	SYN2	INS	-
contig_1	3496702	3496703	CA	C	contig_1	3502967	3502967	DEL406	SYN2	DEL	-
contig_1	3496763	3496764	CT	C	contig_1	3503027	3503027	DEL407	SYN2	DEL	-
contig_1	3497225	3497225	C	CT	contig_1	3503488	3503489	INS408	SYN2	INS	-
contig_1	3506967	3506967	G	A	contig_1	3513231	3513231	SNP409	SYN2	SNP	-
contig_1	3508768	3508769	GC	G	contig_1	3515032	3515032	DEL410	SYN2	DEL	-
contig_1	3512831	3512831	G	GA	contig_1	3519094	3519095	INS411	SYN2	INS	-
contig_1	3523841	3523841	G	GA	contig_1	3530105	3530106	INS412	SYN2	INS	-
contig_1	3525198	3525199	CT	C	contig_1	3531463	3531463	DEL413	SYN2	DEL	-
contig_1	3540367	3540368	AT	A	contig_1	3546631	3546631	DEL414	SYN2	DEL	-
contig_1	3575035	3575036	GA	G	contig_1	3581298	3581298	DEL415	SYN2	DEL	-
contig_1	3592359	3592360	CT	C	contig_1	3598621	3598621	DEL416	SYN2	DEL	-
contig_1	3592403	3592403	A	AT	contig_1	3598664	3598665	INS417	SYN2	INS	-
contig_1	3704598	3704606	-	-	contig_1	3710859	3715541	CPG12	SYN2	CPG	-
contig_1	3704598	3866529	-	-	contig_1	3715532	3877458	SYNAL14	SYN2	SYNAL	-
contig_1	3714321	3714321	G	GT	contig_1	3725255	3725256	INS418	SYN2	INS	-
contig_1	3730187	3730188	CT	C	contig_1	3741122	3741122	DEL419	SYN2	DEL	-
contig_1	3746538	3746539	CT	C	contig_1	3757472	3757472	DEL420	SYN2	DEL	-
contig_1	3747396	3747396	G	GT	contig_1	3758329	3758330	INS421	SYN2	INS	-
contig_1	3767973	3767974	CA	C	contig_1	3778907	3778907	DEL422	SYN2	DEL	-
contig_1	3768059	3768060	TC	T	contig_1	3778992	3778992	DEL423	SYN2	DEL	-
contig_1	3782624	3782624	C	CG	contig_1	3793556	3793557	INS424	SYN2	INS	-
contig_1	3792972	3792972	G	GA	contig_1	3803905	3803906	INS425	SYN2	INS	-
contig_1	3793940	3793941	GT	G	contig_1	3804874	3804874	DEL426	SYN2	DEL	-
contig_1	3795350	3795350	C	CT	contig_1	3806283	3806284	INS427	SYN2	INS	-
contig_1	3797183	3797183	G	GC	contig_1	3808117	3808118	INS428	SYN2	INS	-
contig_1	3808280	3808280	T	G	contig_1	3819215	3819215	SNP429	SYN2	SNP	-
contig_1	3817756	3817756	A	AT	contig_1	3828691	3828692	INS430	SYN2	INS	-
contig_1	3827735	3827736	AT	A	contig_1	3838671	3838671	DEL431	SYN2	DEL	-
contig_1	3829070	3829071	TG	T	contig_1	3840005	3840005	DEL432	SYN2	DEL	-
contig_1	3834086	3834086	G	A	contig_1	3845020	3845020	SNP433	SYN2	SNP	-
contig_1	3835257	3835258	TA	T	contig_1	3846191	3846191	DEL434	SYN2	DEL	-
contig_1	3836951	3836951	C	CG	contig_1	3847884	3847885	INS435	SYN2	INS	-
contig_1	3839262	3839263	CA	C	contig_1	3850196	3850196	DEL436	SYN2	DEL	-
contig_1	3847107	3847108	AG	A	contig_1	3858040	3858040	DEL437	SYN2	DEL	-
contig_1	3849911	3849911	C	T	contig_1	3860843	3860843	SNP438	SYN2	SNP	-
contig_1	3853849	3853850	CT	C	contig_1	3864781	3864781	DEL439	SYN2	DEL	-
contig_1	3857868	3857869	GA	G	contig_1	3868799	3868799	DEL440	SYN2	DEL	-
contig_1	3866147	3866148	AT	A	contig_1	3877077	3877077	DEL441	SYN2	DEL	-
contig_1	3866529	3869621	-	-	contig_1	3877458	3880550	HDR13	SYN2	HDR	-
contig_1	3869622	3964093	-	-	contig_1	3880551	3975016	SYNAL15	SYN2	SYNAL	-
contig_1	3869864	3869864	A	G	contig_1	3880793	3880793	SNP442	SYN2	SNP	-
contig_1	3872873	3872873	G	GT	contig_1	3883802	3883803	INS443	SYN2	INS	-
contig_1	3873265	3873266	AC	A	contig_1	3884195	3884195	DEL444	SYN2	DEL	-
contig_1	3873780	3873781	GT	G	contig_1	3884709	3884709	DEL445	SYN2	DEL	-
contig_1	3874428	3874429	AT	A	contig_1	3885356	3885356	DEL446	SYN2	DEL	-
contig_1	3874493	3874493	A	AT	contig_1	3885420	3885421	INS447	SYN2	INS	-
contig_1	3875127	3875128	CT	C	contig_1	3886055	3886055	DEL448	SYN2	DEL	-
contig_1	3875224	3875224	A	AT	contig_1	3886151	3886152	INS449	SYN2	INS	-
contig_1	3875931	3875932	GT	G	contig_1	3886859	3886859	DEL450	SYN2	DEL	-
contig_1	3876123	3876123	T	TC	contig_1	3887050	3887051	INS451	SYN2	INS	-
contig_1	3877078	3877079	CT	C	contig_1	3888006	3888006	DEL452	SYN2	DEL	-
contig_1	3877551	3877552	TG	T	contig_1	3888478	3888478	DEL453	SYN2	DEL	-
contig_1	3877893	3877894	CT	C	contig_1	3888819	3888819	DEL454	SYN2	DEL	-
contig_1	3877951	3877952	AC	A	contig_1	3888876	3888876	DEL455	SYN2	DEL	-
contig_1	3878584	3878584	T	TC	contig_1	3889508	3889509	INS456	SYN2	INS	-
contig_1	3879143	3879144	TC	T	contig_1	3890068	3890068	DEL457	SYN2	DEL	-
contig_1	3879242	3879242	T	TCC	contig_1	3890166	3890168	INS458	SYN2	INS	-
contig_1	3879244	3879244	G	A	contig_1	3890170	3890170	SNP459	SYN2	SNP	-
contig_1	3879245	3879245	A	G	contig_1	3890171	3890171	SNP460	SYN2	SNP	-
contig_1	3879309	3879309	C	T	contig_1	3890235	3890235	SNP461	SYN2	SNP	-
contig_1	3879344	3879344	G	A	contig_1	3890270	3890270	SNP462	SYN2	SNP	-
contig_1	3879346	3879346	A	G	contig_1	3890272	3890272	SNP463	SYN2	SNP	-
contig_1	3879347	3879347	G	GA	contig_1	3890273	3890274	INS464	SYN2	INS	-
contig_1	3879618	3879618	C	CT	contig_1	3890545	3890546	INS465	SYN2	INS	-
contig_1	3879864	3879864	G	GA	contig_1	3890792	3890793	INS466	SYN2	INS	-
contig_1	3880256	3880256	T	TC	contig_1	3891185	3891186	INS467	SYN2	INS	-
contig_1	3880471	3880471	C	CA	contig_1	3891401	3891402	INS468	SYN2	INS	-
contig_1	3880515	3880516	TC	T	contig_1	3891446	3891446	DEL469	SYN2	DEL	-
contig_1	3880582	3880584	CCT	C	contig_1	3891512	3891512	DEL470	SYN2	DEL	-
contig_1	3880854	3880854	A	AT	contig_1	3891782	3891783	INS471	SYN2	INS	-
contig_1	3885256	3885257	AG	A	contig_1	3896185	3896185	DEL472	SYN2	DEL	-
contig_1	3887920	3887920	C	T	contig_1	3898848	3898848	SNP473	SYN2	SNP	-
contig_1	3896386	3896387	TC	T	contig_1	3907314	3907314	DEL474	SYN2	DEL	-
contig_1	3908545	3908545	C	T	contig_1	3919472	3919472	SNP475	SYN2	SNP	-
contig_1	3911898	3911899	GA	G	contig_1	3922825	3922825	DEL476	SYN2	DEL	-
contig_1	3911907	3911907	C	T	contig_1	3922833	3922833	SNP477	SYN2	SNP	-
contig_1	3919579	3919580	CT	C	contig_1	3930505	3930505	DEL478	SYN2	DEL	-
contig_1	3921555	3921556	AT	A	contig_1	3932480	3932480	DEL479	SYN2	DEL	-
contig_1	3926501	3926503	TAA	T	contig_1	3937425	3937425	DEL480	SYN2	DEL	-
contig_1	3932324	3932324	T	TA	contig_1	3943246	3943247	INS481	SYN2	INS	-
contig_1	3939572	3939573	TA	T	contig_1	3950495	3950495	DEL482	SYN2	DEL	-
contig_1	3948989	3948989	A	AT	contig_1	3959911	3959912	INS483	SYN2	INS	-
contig_1	3952815	3952815	C	CT	contig_1	3963738	3963739	INS484	SYN2	INS	-
contig_1	3962520	3962521	CT	C	contig_1	3973444	3973444	DEL485	SYN2	DEL	-
contig_1	3964093	3968754	-	-	contig_1	3975016	3979679	HDR14	SYN2	HDR	-
contig_1	3968755	4003851	-	-	contig_1	3979680	4014775	SYNAL16	SYN2	SYNAL	-
-	-	-	-	-	contig_1	1185954	1190625	NOTAL3	-	NOTAL	-
-	-	-	-	-	contig_1	1203687	1206783	NOTAL4	-	NOTAL	-
-	-	-	-	-	contig_1	4014776	4014776	NOTAL5	-	NOTAL	-
