contig_1	1	1	-	-	-	-	-	NOTAL1	-	NOTAL	-
contig_1	2	1187830	-	-	contig_1	1	1188610	SYN1	-	SYN	-
contig_1	2	552068	-	-	contig_1	1	552063	SYNAL1	SYN1	SYNAL	-
contig_1	5433	5434	AG	A	contig_1	5432	5432	DEL7	SYN1	DEL	-
contig_1	21316	21317	AT	A	contig_1	21314	21314	DEL8	SYN1	DEL	-
contig_1	24725	24726	GT	G	contig_1	24722	24722	DEL9	SYN1	DEL	-
contig_1	56933	56933	T	TC	contig_1	56929	56930	INS10	SYN1	INS	-
contig_1	134490	134491	GT	G	contig_1	134487	134487	DEL11	SYN1	DEL	-
contig_1	134526	134526	G	GT	contig_1	134522	134523	INS12	SYN1	INS	-
contig_1	144736	144737	AG	A	contig_1	144733	144733	DEL13	SYN1	DEL	-
contig_1	170147	170147	G	A	contig_1	170143	170143	SNP14	SYN1	SNP	-
contig_1	173691	173691	C	T	contig_1	173687	173687	SNP15	SYN1	SNP	-
contig_1	196613	196613	T	TG	contig_1	196609	196610	INS16	SYN1	INS	-
contig_1	206698	206699	CT	C	contig_1	206695	206695	DEL17	SYN1	DEL	-
contig_1	232530	232530	C	CA	contig_1	232526	232527	INS18	SYN1	INS	-
contig_1	241575	241575	A	AG	contig_1	241572	241573	INS19	SYN1	INS	-
contig_1	262425	262425	T	C	contig_1	262423	262423	SNP20	SYN1	SNP	-
contig_1	262426	262426	C	T	contig_1	262424	262424	SNP21	SYN1	SNP	-
contig_1	274850	274851	CT	C	contig_1	274848	274848	DEL22	SYN1	DEL	-
contig_1	281790	281791	TC	T	contig_1	281787	281787	DEL23	SYN1	DEL	-
contig_1	295165	295166	TA	T	contig_1	295161	295161	DEL24	SYN1	DEL	-
contig_1	302106	302106	G	GA	contig_1	302101	302102	INS25	SYN1	INS	-
contig_1	305446	305446	A	G	contig_1	305442	305442	SNP26	SYN1	SNP	-
contig_1	306203	306204	CT	C	contig_1	306199	306199	DEL27	SYN1	DEL	-
contig_1	310161	310162	GA	G	contig_1	310156	310156	DEL28	SYN1	DEL	-
contig_1	316783	316783	G	GA	contig_1	316777	316778	INS29	SYN1	INS	-
contig_1	318568	318568	C	CG	contig_1	318563	318564	INS30	SYN1	INS	-
contig_1	320756	320757	CT	C	contig_1	320752	320752	DEL31	SYN1	DEL	-
contig_1	324462	324463	AG	A	contig_1	324457	324457	DEL32	SYN1	DEL	-
contig_1	325386	325386	A	G	contig_1	325380	325380	SNP33	SYN1	SNP	-
contig_1	325735	325736	TC	T	contig_1	325729	325729	DEL34	SYN1	DEL	-
contig_1	326482	326483	TC	T	contig_1	326475	326475	DEL35	SYN1	DEL	-
contig_1	326545	326546	GA	G	contig_1	326537	326537	DEL36	SYN1	DEL	-
contig_1	327140	327140	C	CG	contig_1	327131	327132	INS37	SYN1	INS	-
contig_1	337015	337016	GT	G	contig_1	337007	337007	DEL38	SYN1	DEL	-
contig_1	352911	352911	G	A	contig_1	352902	352902	SNP39	SYN1	SNP	-
contig_1	357176	357176	A	AAG	contig_1	357167	357169	INS40	SYN1	INS	-
contig_1	357500	357500	A	G	contig_1	357493	357493	SNP41	SYN1	SNP	-
contig_1	357502	357502	A	AG	contig_1	357495	357496	INS42	SYN1	INS	-
contig_1	367352	367352	T	TG	contig_1	367346	367347	INS43	SYN1	INS	-
contig_1	389199	389200	GC	G	contig_1	389194	389194	DEL44	SYN1	DEL	-
contig_1	400183	400184	CG	C	contig_1	400177	400177	DEL45	SYN1	DEL	-
contig_1	404214	404214	A	AT	contig_1	404207	404208	INS46	SYN1	INS	-
contig_1	404655	404655	G	GA	contig_1	404649	404650	INS47	SYN1	INS	-
contig_1	404777	404777	G	GC	contig_1	404772	404773	INS48	SYN1	INS	-
contig_1	404813	404814	CG	C	contig_1	404809	404809	DEL49	SYN1	DEL	-
contig_1	406260	406260	G	GA	contig_1	406255	406256	INS50	SYN1	INS	-
contig_1	407421	407422	CA	C	contig_1	407417	407417	DEL51	SYN1	DEL	-
contig_1	407424	407424	T	C	contig_1	407419	407419	SNP52	SYN1	SNP	-
contig_1	407425	407425	T	C	contig_1	407420	407420	SNP53	SYN1	SNP	-
contig_1	408646	408646	C	CG	contig_1	408641	408642	INS54	SYN1	INS	-
contig_1	408692	408692	A	G	contig_1	408688	408688	SNP55	SYN1	SNP	-
contig_1	411019	411019	C	CT	contig_1	411015	411016	INS56	SYN1	INS	-
contig_1	411244	411244	T	TG	contig_1	411241	411242	INS57	SYN1	INS	-
contig_1	412734	412735	CT	C	contig_1	412732	412732	DEL58	SYN1	DEL	-
contig_1	435582	435583	GA	G	contig_1	435579	435579	DEL59	SYN1	DEL	-
contig_1	444710	444710	T	C	contig_1	444706	444706	SNP60	SYN1	SNP	-
contig_1	444711	444711	C	T	contig_1	444707	444707	SNP61	SYN1	SNP	-
contig_1	457898	457898	G	GT	contig_1	457894	457895	INS62	SYN1	INS	-
contig_1	466408	466408	T	TG	contig_1	466405	466406	INS63	SYN1	INS	-
contig_1	469208	469209	TG	T	contig_1	469206	469206	DEL64	SYN1	DEL	-
contig_1	476917	476918	TA	T	contig_1	476914	476914	DEL65	SYN1	DEL	-
contig_1	521363	521363	G	GA	contig_1	521359	521360	INS66	SYN1	INS	-
contig_1	525387	525388	CG	C	contig_1	525384	525384	DEL67	SYN1	DEL	-
contig_1	525595	525595	T	TA	contig_1	525591	525592	INS68	SYN1	INS	-
contig_1	536638	536639	CG	C	contig_1	536635	536635	DEL69	SYN1	DEL	-
contig_1	551508	551509	AC	A	contig_1	551504	551504	DEL70	SYN1	DEL	-
contig_1	552068	560571	-	-	contig_1	552063	552063	DEL1	SYN1	DEL	-
contig_1	560572	1187830	-	-	contig_1	555157	1188610	SYNAL2	SYN1	SYNAL	-
contig_1	577483	577483	T	TC	contig_1	572068	572069	INS71	SYN1	INS	-
contig_1	591868	591868	A	AG	contig_1	586454	586455	INS72	SYN1	INS	-
contig_1	591988	591989	AG	A	contig_1	586575	586575	DEL73	SYN1	DEL	-
contig_1	592103	592104	AG	A	contig_1	586689	586689	DEL74	SYN1	DEL	-
contig_1	616210	616210	A	AG	contig_1	610795	610796	INS75	SYN1	INS	-
contig_1	623513	623513	G	GA	contig_1	618099	618100	INS76	SYN1	INS	-
contig_1	650670	650670	A	G	contig_1	645257	645257	SNP77	SYN1	SNP	-
contig_1	662124	662124	C	CT	contig_1	656711	656712	INS78	SYN1	INS	-
contig_1	664472	664472	C	CT	contig_1	659060	659061	INS79	SYN1	INS	-
contig_1	681421	681422	TC	T	contig_1	676010	676010	DEL80	SYN1	DEL	-
contig_1	706582	706583	AG	A	contig_1	701170	701170	DEL81	SYN1	DEL	-
contig_1	706870	706870	C	CT	contig_1	701457	701458	INS82	SYN1	INS	-
contig_1	711460	711460	C	CGCGTTTTT	contig_1	706048	706056	INS83	SYN1	INS	-
contig_1	715010	715010	A	AC	contig_1	712699	712700	INS84	SYN1	INS	-
contig_1	724118	724119	GC	G	contig_1	721808	721808	DEL85	SYN1	DEL	-
contig_1	776729	776729	A	G	contig_1	774418	774418	SNP86	SYN1	SNP	-
contig_1	776730	776730	A	T	contig_1	774419	774419	SNP87	SYN1	SNP	-
contig_1	777409	777410	CT	C	contig_1	775098	775098	DEL88	SYN1	DEL	-
contig_1	783108	783109	AC	A	contig_1	780796	780796	DEL89	SYN1	DEL	-
contig_1	786796	786797	TC	T	contig_1	784483	784483	DEL90	SYN1	DEL	-
contig_1	786838	786839	CA	C	contig_1	784524	784524	DEL91	SYN1	DEL	-
contig_1	789845	789845	C	T	contig_1	787530	787530	SNP92	SYN1	SNP	-
contig_1	790480	790480	T	C	contig_1	788165	788165	SNP93	SYN1	SNP	-
contig_1	795594	795594	G	GA	contig_1	793279	793280	INS94	SYN1	INS	-
contig_1	829145	829146	CG	C	contig_1	826831	826831	DEL95	SYN1	DEL	-
contig_1	839293	839294	TA	T	contig_1	836978	836978	DEL96	SYN1	DEL	-
contig_1	840771	840772	AG	A	contig_1	838455	838455	DEL97	SYN1	DEL	-
contig_1	849892	849893	GA	G	contig_1	847575	847575	DEL98	SYN1	DEL	-
contig_1	852278	852278	A	AC	contig_1	849960	849961	INS99	SYN1	INS	-
contig_1	853623	853624	TC	T	contig_1	851306	851306	DEL100	SYN1	DEL	-
contig_1	853903	853903	T	TC	contig_1	851585	851586	INS101	SYN1	INS	-
contig_1	854303	854304	CA	C	contig_1	851986	851986	DEL102	SYN1	DEL	-
contig_1	854673	854674	TG	T	contig_1	852355	852355	DEL103	SYN1	DEL	-
contig_1	854810	854811	CA	C	contig_1	852491	852491	DEL104	SYN1	DEL	-
contig_1	863961	863961	G	GA	contig_1	861641	861642	INS105	SYN1	INS	-
contig_1	887893	887893	G	GA	contig_1	885574	885575	INS106	SYN1	INS	-
contig_1	890323	890324	TC	T	contig_1	888005	888005	DEL107	SYN1	DEL	-
contig_1	894306	894306	A	G	contig_1	891987	891987	SNP108	SYN1	SNP	-
contig_1	908143	908144	GA	G	contig_1	905824	905824	DEL109	SYN1	DEL	-
contig_1	938699	938699	G	GA	contig_1	936379	936380	INS110	SYN1	INS	-
contig_1	946849	946849	G	GA	contig_1	944530	944531	INS111	SYN1	INS	-
contig_1	965738	965739	AT	A	contig_1	963420	963420	DEL112	SYN1	DEL	-
contig_1	969826	969826	G	GC	contig_1	967507	967508	INS113	SYN1	INS	-
contig_1	1001816	1001817	TA	T	contig_1	999498	999498	DEL114	SYN1	DEL	-
contig_1	1005348	1005349	CT	C	contig_1	1003029	1003029	DEL115	SYN1	DEL	-
contig_1	1026741	1026741	C	T	contig_1	1024421	1024421	SNP116	SYN1	SNP	-
contig_1	1028591	1028591	C	CA	contig_1	1026271	1026272	INS117	SYN1	INS	-
contig_1	1037794	1037794	T	C	contig_1	1035475	1035475	SNP118	SYN1	SNP	-
contig_1	1041639	1041640	AG	A	contig_1	1039320	1039320	DEL119	SYN1	DEL	-
contig_1	1042355	1042355	C	CA	contig_1	1040035	1040036	INS120	SYN1	INS	-
contig_1	1064536	1064536	A	AGGCATTATG	contig_1	1062217	1062226	INS121	SYN1	INS	-
contig_1	1073083	1073084	CT	C	contig_1	1073866	1073866	DEL122	SYN1	DEL	-
contig_1	1075259	1075259	A	AG	contig_1	1076041	1076042	INS123	SYN1	INS	-
contig_1	1139782	1139783	CT	C	contig_1	1140565	1140565	DEL124	SYN1	DEL	-
contig_1	1154339	1154340	AG	A	contig_1	1155121	1155121	DEL125	SYN1	DEL	-
contig_1	1158529	1158530	GT	G	contig_1	1159310	1159310	DEL126	SYN1	DEL	-
contig_1	1187829	1205565	-	-	contig_1	1376728	1395977	TRANS8	-	TRANS	-
contig_1	1187829	1205565	-	-	contig_1	1376728	1395977	TRANSAL13	TRANS8	TRANSAL	-
contig_1	1193761	1193762	CT	C	contig_1	1381080	1381080	DEL127	TRANS8	DEL	-
contig_1	1199554	1199554	G	A	contig_1	1386872	1386872	SNP128	TRANS8	SNP	-
contig_1	1203584	1203584	T	TC	contig_1	1390902	1390903	INS129	TRANS8	INS	-
contig_1	1205461	1205461	T	TC	contig_1	1392780	1392781	INS130	TRANS8	INS	-
contig_1	1205556	1389008	-	-	contig_1	1193280	1376729	INV5	-	INV	-
contig_1	1205556	1389008	-	-	contig_1	1376729	1193280	INVAL10	INV5	INVAL	-
contig_1	1207220	1207221	CA	C	contig_1	1375065	1375065	DEL131	INV5	DEL	-
contig_1	1208585	1208585	G	GC	contig_1	1373700	1373701	INS132	INV5	INS	-
contig_1	1220955	1220956	GA	G	contig_1	1361330	1361330	DEL133	INV5	DEL	-
contig_1	1237971	1237972	GA	G	contig_1	1344315	1344315	DEL134	INV5	DEL	-
contig_1	1260287	1260287	G	GT	contig_1	1321999	1322000	INS135	INV5	INS	-
contig_1	1269398	1269398	C	CT	contig_1	1312887	1312888	INS136	INV5	INS	-
contig_1	1278136	1278136	A	G	contig_1	1304149	1304149	SNP137	INV5	SNP	-
contig_1	1287166	1287166	A	AG	contig_1	1295118	1295119	INS138	INV5	INS	-
contig_1	1287718	1287719	GT	G	contig_1	1294566	1294566	DEL139	INV5	DEL	-
contig_1	1291779	1291779	C	CG	contig_1	1290505	1290506	INS140	INV5	INS	-
contig_1	1303044	1303045	CT	C	contig_1	1279240	1279240	DEL141	INV5	DEL	-
contig_1	1312788	1312788	A	G	contig_1	1269497	1269497	SNP142	INV5	SNP	-
contig_1	1313772	1313772	G	GT	contig_1	1268512	1268513	INS143	INV5	INS	-
contig_1	1324206	1324208	GGA	G	contig_1	1258078	1258078	DEL144	INV5	DEL	-
contig_1	1340412	1340412	G	GA	contig_1	1241873	1241874	INS145	INV5	INS	-
contig_1	1353399	1353400	CT	C	contig_1	1228886	1228886	DEL146	INV5	DEL	-
contig_1	1362362	1362363	TC	T	contig_1	1219924	1219924	DEL147	INV5	DEL	-
contig_1	1379583	1379584	AT	A	contig_1	1202704	1202704	DEL148	INV5	DEL	-
contig_1	1389000	2214528	-	-	contig_1	1395977	2154218	SYN2	-	SYN	-
contig_1	1389000	1675021	-	-	contig_1	1395977	1685074	SYNAL3	SYN2	SYNAL	-
contig_1	1402413	1402414	TC	T	contig_1	1409390	1409390	DEL149	SYN2	DEL	-
contig_1	1411957	1411957	C	T	contig_1	1418933	1418933	SNP150	SYN2	SNP	-
contig_1	1414720	1414720	C	CG	contig_1	1421696	1421697	INS151	SYN2	INS	-
contig_1	1417207	1417207	A	G	contig_1	1424184	1424184	SNP152	SYN2	SNP	-
contig_1	1419574	1419576	TCC	T	contig_1	1426551	1426551	DEL153	SYN2	DEL	-
contig_1	1426026	1426026	T	TA	contig_1	1433001	1433002	INS154	SYN2	INS	-
contig_1	1427295	1427295	C	CG	contig_1	1434271	1434272	INS155	SYN2	INS	-
contig_1	1432676	1432677	TC	T	contig_1	1439653	1439653	DEL156	SYN2	DEL	-
contig_1	1434496	1434497	GT	G	contig_1	1441472	1441472	DEL157	SYN2	DEL	-
contig_1	1446934	1446934	C	T	contig_1	1453909	1453909	SNP158	SYN2	SNP	-
contig_1	1446935	1446935	T	C	contig_1	1453910	1453910	SNP159	SYN2	SNP	-
contig_1	1449424	1449425	TG	T	contig_1	1456399	1456399	DEL160	SYN2	DEL	-
contig_1	1451240	1451241	CG	C	contig_1	1458214	1458214	DEL161	SYN2	DEL	-
contig_1	1452612	1452612	T	TC	contig_1	1459585	1459586	INS162	SYN2	INS	-
contig_1	1456114	1456114	C	T	contig_1	1463088	1463088	SNP163	SYN2	SNP	-
contig_1	1456568	1456569	GT	G	contig_1	1463542	1463542	DEL164	SYN2	DEL	-
contig_1	1460049	1460050	TA	T	contig_1	1467022	1467022	DEL165	SYN2	DEL	-
contig_1	1463034	1463035	GA	G	contig_1	1470006	1470006	DEL166	SYN2	DEL	-
contig_1	1463347	1463348	CT	C	contig_1	1470318	1470318	DEL167	SYN2	DEL	-
contig_1	1466664	1466664	G	GT	contig_1	1473634	1473635	INS168	SYN2	INS	-
contig_1	1466722	1466723	CT	C	contig_1	1473693	1473693	DEL169	SYN2	DEL	-
contig_1	1466904	1466904	G	A	contig_1	1473874	1473874	SNP170	SYN2	SNP	-
contig_1	1471440	1471441	CA	C	contig_1	1478410	1478410	DEL171	SYN2	DEL	-
contig_1	1494910	1494911	CA	C	contig_1	1501879	1501879	DEL172	SYN2	DEL	-
contig_1	1504918	1504919	TG	T	contig_1	1511886	1511886	DEL173	SYN2	DEL	-
contig_1	1507249	1507250	CG	C	contig_1	1514216	1514216	DEL174	SYN2	DEL	-
contig_1	1510815	1510816	GC	G	contig_1	1517781	1517781	DEL175	SYN2	DEL	-
contig_1	1513875	1513876	AG	A	contig_1	1520840	1520840	DEL176	SYN2	DEL	-
contig_1	1517995	1517995	G	GA	contig_1	1524959	1524960	INS177	SYN2	INS	-
contig_1	1518991	1518991	T	TA	contig_1	1525956	1525957	INS178	SYN2	INS	-
contig_1	1520628	1520628	G	GT	contig_1	1527594	1527595	INS179	SYN2	INS	-
contig_1	1522956	1522956	T	C	contig_1	1529923	1529923	SNP180	SYN2	SNP	-
contig_1	1526721	1526722	AG	A	contig_1	1533688	1533688	DEL181	SYN2	DEL	-
contig_1	1542372	1542372	A	AG	contig_1	1549338	1549339	INS182	SYN2	INS	-
contig_1	1546221	1546221	G	GC	contig_1	1553188	1553189	INS183	SYN2	INS	-
contig_1	1548089	1548089	A	AG	contig_1	1555057	1555058	INS184	SYN2	INS	-
contig_1	1550576	1550576	A	G	contig_1	1557545	1557545	SNP185	SYN2	SNP	-
contig_1	1553826	1553826	G	GA	contig_1	1560795	1560796	INS186	SYN2	INS	-
contig_1	1556839	1556840	CA	C	contig_1	1563809	1563809	DEL187	SYN2	DEL	-
contig_1	1575361	1575362	CT	C	contig_1	1582330	1582330	DEL188	SYN2	DEL	-
contig_1	1580756	1580756	A	AG	contig_1	1587724	1587725	INS189	SYN2	INS	-
contig_1	1580936	1580937	AG	A	contig_1	1587905	1587905	DEL190	SYN2	DEL	-
contig_1	1581149	1581150	CT	C	contig_1	1588117	1588117	DEL191	SYN2	DEL	-
contig_1	1585644	1585645	TA	T	contig_1	1592611	1592611	DEL192	SYN2	DEL	-
contig_1	1586107	1586107	C	CA	contig_1	1593073	1593074	INS193	SYN2	INS	-
contig_1	1587164	1587164	G	GA	contig_1	1594131	1594132	INS194	SYN2	INS	-
contig_1	1588857	1588858	AG	A	contig_1	1595825	1595825	DEL195	SYN2	DEL	-
contig_1	1592077	1592078	TA	T	contig_1	1599044	1599044	DEL196	SYN2	DEL	-
contig_1	1595568	1595569	TG	T	contig_1	1602534	1602534	DEL197	SYN2	DEL	-
contig_1	1598705	1598705	T	TA	contig_1	1605670	1605671	INS198	SYN2	INS	-
contig_1	1598789	1598789	A	AG	contig_1	1605755	1605756	INS199	SYN2	INS	-
contig_1	1598894	1598894	A	AG	contig_1	1605861	1605862	INS200	SYN2	INS	-
contig_1	1598909	1598910	AG	A	contig_1	1605877	1605877	DEL201	SYN2	DEL	-
contig_1	1598929	1598929	A	AG	contig_1	1605896	1605897	INS202	SYN2	INS	-
contig_1	1620130	1620131	GA	G	contig_1	1627098	1627098	DEL203	SYN2	DEL	-
contig_1	1624954	1624955	CT	C	contig_1	1631921	1631921	DEL204	SYN2	DEL	-
contig_1	1626850	1626851	GA	G	contig_1	1633816	1633816	DEL205	SYN2	DEL	-
contig_1	1633492	1633493	AT	A	contig_1	1640457	1640457	DEL206	SYN2	DEL	-
contig_1	1641745	1641745	A	AT	contig_1	1648709	1648710	INS207	SYN2	INS	-
contig_1	1643719	1643720	AG	A	contig_1	1650684	1650684	DEL208	SYN2	DEL	-
contig_1	1651221	1651221	T	C	contig_1	1658185	1658185	SNP209	SYN2	SNP	-
contig_1	1651393	1651394	AG	A	contig_1	1658357	1658357	DEL210	SYN2	DEL	-
contig_1	1652466	1652467	CG	C	contig_1	1659429	1659429	DEL211	SYN2	DEL	-
contig_1	1671557	1671558	CT	C	contig_1	1678519	1678519	DEL212	SYN2	DEL	-
contig_1	1675021	1676416	-	-	contig_1	1685074	1685074	DEL2	SYN2	DEL	-
contig_1	1676417	1834455	-	-	contig_1	1685074	1851803	SYNAL4	SYN2	SYNAL	-
contig_1	1683117	1683118	AT	A	contig_1	1691774	1691774	DEL213	SYN2	DEL	-
contig_1	1684588	1684588	G	A	contig_1	1693244	1693244	SNP214	SYN2	SNP	-
contig_1	1685873	1685873	T	TC	contig_1	1694529	1694530	INS215	SYN2	INS	-
contig_1	1691126	1691126	C	CT	contig_1	1699783	1699784	INS216	SYN2	INS	-
contig_1	1696489	1696490	CT	C	contig_1	1705147	1705147	DEL217	SYN2	DEL	-
contig_1	1698970	1698970	A	AC	contig_1	1707627	1707628	INS218	SYN2	INS	-
contig_1	1699637	1699638	TC	T	contig_1	1708295	1708295	DEL219	SYN2	DEL	-
contig_1	1701612	1701613	AG	A	contig_1	1710269	1710269	DEL220	SYN2	DEL	-
contig_1	1719020	1719021	GC	G	contig_1	1727676	1727676	DEL221	SYN2	DEL	-
contig_1	1740253	1740254	GT	G	contig_1	1748908	1748908	DEL222	SYN2	DEL	-
contig_1	1742186	1742186	C	CCATAAAGCG	contig_1	1750840	1750849	INS223	SYN2	INS	-
contig_1	1765595	1765595	G	A	contig_1	1777350	1777350	SNP224	SYN2	SNP	-
contig_1	1770804	1770804	T	TGCCAGCGGG	contig_1	1782559	1782568	INS225	SYN2	INS	-
contig_1	1782516	1782517	GA	G	contig_1	1797373	1797373	DEL226	SYN2	DEL	-
contig_1	1787485	1788080	-	-	contig_1	1802341	1802341	DEL227	SYN2	DEL	-
contig_1	1788506	1788507	CT	C	contig_1	1805860	1805860	DEL228	SYN2	DEL	-
contig_1	1806250	1806251	CT	C	contig_1	1823603	1823603	DEL229	SYN2	DEL	-
contig_1	1807057	1807057	C	CT	contig_1	1824409	1824410	INS230	SYN2	INS	-
contig_1	1812907	1812909	AAG	A	contig_1	1830260	1830260	DEL231	SYN2	DEL	-
contig_1	1814622	1814624	GTT	G	contig_1	1831973	1831973	DEL232	SYN2	DEL	-
contig_1	1828667	1828668	AT	A	contig_1	1846016	1846016	DEL233	SYN2	DEL	-
contig_1	1834455	1922921	-	-	contig_1	1851803	1851803	DEL3	SYN2	DEL	-
contig_1	1922922	2214528	-	-	contig_1	1854896	2154218	SYNAL5	SYN2	SYNAL	-
contig_1	1924143	1924144	CT	C	contig_1	1856117	1856117	DEL234	SYN2	DEL	-
contig_1	1927615	1927615	T	TG	contig_1	1859588	1859589	INS235	SYN2	INS	-
contig_1	1933658	1933659	AT	A	contig_1	1865632	1865632	DEL236	SYN2	DEL	-
contig_1	1935863	1935863	G	GT	contig_1	1867836	1867837	INS237	SYN2	INS	-
contig_1	1940857	1940858	AG	A	contig_1	1872831	1872831	DEL238	SYN2	DEL	-
contig_1	1941309	1941310	GC	G	contig_1	1873282	1873282	DEL239	SYN2	DEL	-
contig_1	1946452	1946453	TA	T	contig_1	1878424	1878424	DEL240	SYN2	DEL	-
contig_1	1952960	1952960	T	TCGGATTCAG	contig_1	1884931	1884940	INS241	SYN2	INS	-
contig_1	1960458	1960459	GA	G	contig_1	1895527	1895527	DEL242	SYN2	DEL	-
contig_1	1971284	1971285	AT	A	contig_1	1906352	1906352	DEL243	SYN2	DEL	-
contig_1	1994090	1994091	AT	A	contig_1	1927586	1927586	DEL244	SYN2	DEL	-
contig_1	1996462	1996462	T	TG	contig_1	1929957	1929958	INS245	SYN2	INS	-
contig_1	1997178	1997178	C	CT	contig_1	1930674	1930675	INS246	SYN2	INS	-
contig_1	2020946	2020946	C	CT	contig_1	1954443	1954444	INS247	SYN2	INS	-
contig_1	2026778	2026778	T	TC	contig_1	1960276	1960277	INS248	SYN2	INS	-
contig_1	2035420	2035421	GC	G	contig_1	1968919	1968919	DEL249	SYN2	DEL	-
contig_1	2037747	2037748	GC	G	contig_1	1971245	1971245	DEL250	SYN2	DEL	-
contig_1	2041841	2041842	CG	C	contig_1	1975338	1975338	DEL251	SYN2	DEL	-
contig_1	2044857	2044857	C	CG	contig_1	1978353	1978354	INS252	SYN2	INS	-
contig_1	2055454	2055455	GA	G	contig_1	1988951	1988951	DEL253	SYN2	DEL	-
contig_1	2057289	2057290	GA	G	contig_1	1990785	1990785	DEL254	SYN2	DEL	-
contig_1	2057931	2057931	G	GT	contig_1	1991426	1991427	INS255	SYN2	INS	-
contig_1	2058717	2058717	T	C	contig_1	1992213	1992213	SNP256	SYN2	SNP	-
contig_1	2077880	2077880	G	GA	contig_1	2011376	2011377	INS257	SYN2	INS	-
contig_1	2087835	2087835	C	CT	contig_1	2021332	2021333	INS258	SYN2	INS	-
contig_1	2090869	2090870	GT	G	contig_1	2024367	2024367	DEL259	SYN2	DEL	-
contig_1	2109509	2109510	CT	C	contig_1	2043006	2043006	DEL260	SYN2	DEL	-
contig_1	2117354	2117355	AT	A	contig_1	2050850	2050850	DEL261	SYN2	DEL	-
contig_1	2129966	2129966	G	GATTGATATT	contig_1	2063461	2063470	INS262	SYN2	INS	-
contig_1	2135908	2135909	GC	G	contig_1	2072505	2072505	DEL263	SYN2	DEL	-
contig_1	2139224	2139225	CA	C	contig_1	2075820	2075820	DEL264	SYN2	DEL	-
contig_1	2145449	2145450	TG	T	contig_1	2082044	2082044	DEL265	SYN2	DEL	-
contig_1	2146521	2146522	CA	C	contig_1	2083115	2083115	DEL266	SYN2	DEL	-
contig_1	2147104	2147105	GT	G	contig_1	2083697	2083697	DEL267	SYN2	DEL	-
contig_1	2162406	2162406	C	CT	contig_1	2098998	2098999	INS268	SYN2	INS	-
contig_1	2172164	2172165	CT	C	contig_1	2108757	2108757	DEL269	SYN2	DEL	-
contig_1	2173584	2173584	C	CACGCTTGAT	contig_1	2110176	2110185	INS270	SYN2	INS	-
contig_1	2179758	2179759	AT	A	contig_1	2119451	2119451	DEL271	SYN2	DEL	-
contig_1	2182168	2182169	GT	G	contig_1	2121860	2121860	DEL272	SYN2	DEL	-
contig_1	2182531	2182532	TC	T	contig_1	2122222	2122222	DEL273	SYN2	DEL	-
contig_1	2188286	2188287	CT	C	contig_1	2127976	2127976	DEL274	SYN2	DEL	-
contig_1	2189195	2189196	AG	A	contig_1	2128884	2128884	DEL275	SYN2	DEL	-
contig_1	2194618	2194618	G	GA	contig_1	2134306	2134307	INS276	SYN2	INS	-
contig_1	2195286	2195286	G	GT	contig_1	2134975	2134976	INS277	SYN2	INS	-
contig_1	2202739	2202739	T	TA	contig_1	2142429	2142430	INS278	SYN2	INS	-
contig_1	2202758	2202758	C	T	contig_1	2142449	2142449	SNP279	SYN2	SNP	-
contig_1	2203240	2203241	CT	C	contig_1	2142931	2142931	DEL280	SYN2	DEL	-
contig_1	2204811	2204811	C	T	contig_1	2144501	2144501	SNP281	SYN2	SNP	-
contig_1	2206474	2206475	CT	C	contig_1	2146164	2146164	DEL282	SYN2	DEL	-
contig_1	2210764	2210764	C	CT	contig_1	2150453	2150454	INS283	SYN2	INS	-
contig_1	2214529	2225637	-	-	-	-	-	NOTAL2	-	NOTAL	-
contig_1	2225638	2311149	-	-	contig_1	2154218	2242817	INV6	-	INV	-
contig_1	2225638	2311149	-	-	contig_1	2242817	2154218	INVAL11	INV6	INVAL	-
contig_1	2226211	2226212	CA	C	contig_1	2239151	2239151	DEL284	INV6	DEL	-
contig_1	2249769	2249769	G	GC	contig_1	2215593	2215594	INS285	INV6	INS	-
contig_1	2251441	2251441	T	TC	contig_1	2213920	2213921	INS286	INV6	INS	-
contig_1	2252455	2252456	GA	G	contig_1	2212906	2212906	DEL287	INV6	DEL	-
contig_1	2253602	2253602	C	CA	contig_1	2211759	2211760	INS288	INV6	INS	-
contig_1	2253793	2253794	AG	A	contig_1	2211568	2211568	DEL289	INV6	DEL	-
contig_1	2268580	2268580	T	TC	contig_1	2196781	2196782	INS290	INV6	INS	-
contig_1	2272659	2272659	C	CT	contig_1	2192701	2192702	INS291	INV6	INS	-
contig_1	2275467	2275467	T	TC	contig_1	2189892	2189893	INS292	INV6	INS	-
contig_1	2277207	2277208	GA	G	contig_1	2188152	2188152	DEL293	INV6	DEL	-
contig_1	2296010	2296011	GC	G	contig_1	2169350	2169350	DEL294	INV6	DEL	-
contig_1	2296216	2296217	AT	A	contig_1	2169145	2169145	DEL295	INV6	DEL	-
contig_1	2296641	2296642	TA	T	contig_1	2168721	2168721	DEL296	INV6	DEL	-
contig_1	2297490	2297491	CG	C	contig_1	2167873	2167873	DEL297	INV6	DEL	-
contig_1	2297878	2297879	TA	T	contig_1	2167486	2167486	DEL298	INV6	DEL	-
contig_1	2304389	2304390	AG	A	contig_1	2160976	2160976	DEL299	INV6	DEL	-
contig_1	2305753	2305753	G	A	contig_1	2159613	2159613	SNP300	INV6	SNP	-
contig_1	2311150	2319454	-	-	-	-	-	NOTAL3	-	NOTAL	-
contig_1	2319455	3054486	-	-	contig_1	2242817	2976832	SYN3	-	SYN	-
contig_1	2319455	2402508	-	-	contig_1	2242817	2328959	SYNAL6	SYN3	SYNAL	-
contig_1	2322574	2322575	GA	G	contig_1	2245936	2245936	DEL301	SYN3	DEL	-
contig_1	2324930	2324931	GA	G	contig_1	2248291	2248291	DEL302	SYN3	DEL	-
contig_1	2326946	2326947	GT	G	contig_1	2250306	2250306	DEL303	SYN3	DEL	-
contig_1	2329026	2329027	AT	A	contig_1	2252385	2252385	DEL304	SYN3	DEL	-
contig_1	2329211	2329211	T	TC	contig_1	2252569	2252570	INS305	SYN3	INS	-
contig_1	2333021	2333022	CT	C	contig_1	2256380	2256380	DEL306	SYN3	DEL	-
contig_1	2335244	2335245	AT	A	contig_1	2258602	2258602	DEL307	SYN3	DEL	-
contig_1	2335492	2335492	C	CT	contig_1	2258849	2258850	INS308	SYN3	INS	-
contig_1	2338584	2338584	G	GA	contig_1	2261942	2261943	INS309	SYN3	INS	-
contig_1	2338676	2338676	T	C	contig_1	2262035	2262035	SNP310	SYN3	SNP	-
contig_1	2339015	2339015	A	AT	contig_1	2262374	2262375	INS311	SYN3	INS	-
contig_1	2339601	2339601	G	GC	contig_1	2262961	2262962	INS312	SYN3	INS	-
contig_1	2339603	2339603	T	A	contig_1	2262964	2262964	SNP313	SYN3	SNP	-
contig_1	2339606	2339606	C	T	contig_1	2262967	2262967	SNP314	SYN3	SNP	-
contig_1	2343497	2343498	AT	A	contig_1	2266858	2266858	DEL315	SYN3	DEL	-
contig_1	2343725	2343725	C	CA	contig_1	2267085	2267086	INS316	SYN3	INS	-
contig_1	2345590	2345590	T	G	contig_1	2268951	2268951	SNP317	SYN3	SNP	-
contig_1	2350191	2350192	CA	C	contig_1	2273552	2273552	DEL318	SYN3	DEL	-
contig_1	2386016	2386017	TC	T	contig_1	2309376	2309376	DEL319	SYN3	DEL	-
contig_1	2401929	2401930	CG	C	contig_1	2325288	2325288	DEL320	SYN3	DEL	-
contig_1	2402508	2406993	-	-	contig_1	2328959	2328959	DEL4	SYN3	DEL	-
contig_1	2406994	2661331	-	-	contig_1	2328958	2586379	SYNAL7	SYN3	SYNAL	-
contig_1	2412068	2412069	CA	C	contig_1	2334032	2334032	DEL321	SYN3	DEL	-
contig_1	2419899	2419899	T	C	contig_1	2341862	2341862	SNP322	SYN3	SNP	-
contig_1	2420497	2420497	G	GC	contig_1	2342460	2342461	INS323	SYN3	INS	-
contig_1	2422118	2422119	GA	G	contig_1	2344082	2344082	DEL324	SYN3	DEL	-
contig_1	2422555	2422556	TG	T	contig_1	2344518	2344518	DEL325	SYN3	DEL	-
contig_1	2425069	2425069	T	TC	contig_1	2347031	2347032	INS326	SYN3	INS	-
contig_1	2425883	2425884	CT	C	contig_1	2347846	2347846	DEL327	SYN3	DEL	-
contig_1	2429192	2429193	TA	T	contig_1	2351154	2351154	DEL328	SYN3	DEL	-
contig_1	2432951	2432952	CT	C	contig_1	2354912	2354912	DEL329	SYN3	DEL	-
contig_1	2472945	2472946	AG	A	contig_1	2394905	2394905	DEL330	SYN3	DEL	-
contig_1	2500216	2500217	CT	C	contig_1	2422175	2422175	DEL331	SYN3	DEL	-
contig_1	2521304	2521305	AT	A	contig_1	2443262	2443262	DEL332	SYN3	DEL	-
contig_1	2540358	2540359	CG	C	contig_1	2462315	2462315	DEL333	SYN3	DEL	-
contig_1	2600280	2600280	A	G	contig_1	2522236	2522236	SNP334	SYN3	SNP	-
contig_1	2615971	2615971	T	TA	contig_1	2537927	2537928	INS335	SYN3	INS	-
contig_1	2616231	2616232	TC	T	contig_1	2538188	2538188	DEL336	SYN3	DEL	-
contig_1	2618309	2618310	TG	T	contig_1	2540265	2540265	DEL337	SYN3	DEL	-
contig_1	2623652	2623653	AG	A	contig_1	2545607	2545607	DEL338	SYN3	DEL	-
contig_1	2624178	2624179	CA	C	contig_1	2546132	2546132	DEL339	SYN3	DEL	-
contig_1	2631322	2631322	A	AG	contig_1	2553275	2553276	INS340	SYN3	INS	-
contig_1	2631802	2631803	GC	G	contig_1	2553756	2553756	DEL341	SYN3	DEL	-
contig_1	2637506	2637506	G	A	contig_1	2559459	2559459	SNP342	SYN3	SNP	-
contig_1	2639332	2639332	T	C	contig_1	2561285	2561285	SNP343	SYN3	SNP	-
contig_1	2639492	2639492	C	CG	contig_1	2561445	2561446	INS344	SYN3	INS	-
contig_1	2642431	2642431	T	C	contig_1	2564385	2564385	SNP345	SYN3	SNP	-
contig_1	2660448	2660448	G	GC	contig_1	2582402	2582403	INS346	SYN3	INS	-
contig_1	2661331	2667127	-	-	contig_1	2586379	2586379	DEL5	SYN3	DEL	-
contig_1	2667128	3054486	-	-	contig_1	2586379	2976832	SYNAL8	SYN3	SYNAL	-
contig_1	2667858	2667858	C	T	contig_1	2587109	2587109	SNP347	SYN3	SNP	-
contig_1	2671457	2671457	G	C	contig_1	2590708	2590708	SNP348	SYN3	SNP	-
contig_1	2673696	2673697	TC	T	contig_1	2592947	2592947	DEL349	SYN3	DEL	-
contig_1	2674500	2674501	GA	G	contig_1	2593750	2593750	DEL350	SYN3	DEL	-
contig_1	2676217	2676217	T	TC	contig_1	2595466	2595467	INS351	SYN3	INS	-
contig_1	2680599	2680599	T	TG	contig_1	2599849	2599850	INS352	SYN3	INS	-
contig_1	2683075	2683076	GA	G	contig_1	2602326	2602326	DEL353	SYN3	DEL	-
contig_1	2684648	2684649	CA	C	contig_1	2603898	2603898	DEL354	SYN3	DEL	-
contig_1	2686070	2686071	AC	A	contig_1	2605319	2605319	DEL355	SYN3	DEL	-
contig_1	2686488	2686489	GC	G	contig_1	2605736	2605736	DEL356	SYN3	DEL	-
contig_1	2715666	2715666	G	GA	contig_1	2634913	2634914	INS357	SYN3	INS	-
contig_1	2722368	2722369	GA	G	contig_1	2641616	2641616	DEL358	SYN3	DEL	-
contig_1	2724302	2724303	CA	C	contig_1	2643549	2643549	DEL359	SYN3	DEL	-
contig_1	2729241	2729242	AT	A	contig_1	2648487	2648487	DEL360	SYN3	DEL	-
contig_1	2736608	2736608	A	G	contig_1	2655853	2655853	SNP361	SYN3	SNP	-
contig_1	2742153	2742154	TC	T	contig_1	2661398	2661398	DEL362	SYN3	DEL	-
contig_1	2746988	2746988	T	TC	contig_1	2666232	2666233	INS363	SYN3	INS	-
contig_1	2755096	2755097	TC	T	contig_1	2674341	2674341	DEL364	SYN3	DEL	-
contig_1	2755483	2755483	T	C	contig_1	2674727	2674727	SNP365	SYN3	SNP	-
contig_1	2755588	2755588	G	GC	contig_1	2674832	2674833	INS366	SYN3	INS	-
contig_1	2761067	2761068	GT	G	contig_1	2680312	2680312	DEL367	SYN3	DEL	-
contig_1	2764397	2764397	C	T	contig_1	2683641	2683641	SNP368	SYN3	SNP	-
contig_1	2772496	2772496	T	TC	contig_1	2691740	2691741	INS369	SYN3	INS	-
contig_1	2773111	2773111	A	AG	contig_1	2692356	2692357	INS370	SYN3	INS	-
contig_1	2777304	2777305	GA	G	contig_1	2696550	2696550	DEL371	SYN3	DEL	-
contig_1	2787861	2787861	T	TC	contig_1	2707106	2707107	INS372	SYN3	INS	-
contig_1	2788082	2788083	GC	G	contig_1	2707328	2707328	DEL373	SYN3	DEL	-
contig_1	2790970	2790971	TG	T	contig_1	2710215	2710215	DEL374	SYN3	DEL	-
contig_1	2798002	2798002	T	C	contig_1	2717246	2717246	SNP375	SYN3	SNP	-
contig_1	2798098	2798098	T	C	contig_1	2717342	2717342	SNP376	SYN3	SNP	-
contig_1	2800685	2800685	T	TC	contig_1	2719929	2719930	INS377	SYN3	INS	-
contig_1	2806269	2806269	C	CA	contig_1	2725514	2725515	INS378	SYN3	INS	-
contig_1	2806967	2806967	C	CA	contig_1	2726213	2726214	INS379	SYN3	INS	-
contig_1	2815191	2815191	T	TTCATCATTA	contig_1	2734438	2734447	INS380	SYN3	INS	-
contig_1	2815494	2815495	CA	C	contig_1	2737843	2737843	DEL381	SYN3	DEL	-
contig_1	2837882	2837883	GT	G	contig_1	2760230	2760230	DEL382	SYN3	DEL	-
contig_1	2881644	2881645	AG	A	contig_1	2803991	2803991	DEL383	SYN3	DEL	-
contig_1	2901511	2901512	CT	C	contig_1	2823857	2823857	DEL384	SYN3	DEL	-
contig_1	2904487	2904487	G	GC	contig_1	2826832	2826833	INS385	SYN3	INS	-
contig_1	2912604	2912605	GC	G	contig_1	2834950	2834950	DEL386	SYN3	DEL	-
contig_1	2916551	2916551	A	AC	contig_1	2838896	2838897	INS387	SYN3	INS	-
contig_1	2920599	2920600	TC	T	contig_1	2842945	2842945	DEL388	SYN3	DEL	-
contig_1	2929057	2929058	AT	A	contig_1	2851402	2851402	DEL389	SYN3	DEL	-
contig_1	2942092	2942092	C	CT	contig_1	2864436	2864437	INS390	SYN3	INS	-
contig_1	2950627	2950627	C	T	contig_1	2872972	2872972	SNP391	SYN3	SNP	-
contig_1	2951495	2951496	CG	C	contig_1	2873840	2873840	DEL392	SYN3	DEL	-
contig_1	2954313	2954314	CT	C	contig_1	2876657	2876657	DEL393	SYN3	DEL	-
contig_1	2973629	2973630	TA	T	contig_1	2895972	2895972	DEL394	SYN3	DEL	-
contig_1	2977434	2977434	G	GA	contig_1	2899776	2899777	INS395	SYN3	INS	-
contig_1	3003098	3003099	GA	G	contig_1	2925441	2925441	DEL396	SYN3	DEL	-
contig_1	3017443	3017443	T	TA	contig_1	2939785	2939786	INS397	SYN3	INS	-
contig_1	3019838	3019839	GA	G	contig_1	2942181	2942181	DEL398	SYN3	DEL	-
contig_1	3028910	3028910	G	GC	contig_1	2951252	2951253	INS399	SYN3	INS	-
contig_1	3048429	3048429	C	CG	contig_1	2970772	2970773	INS400	SYN3	INS	-
contig_1	3051265	3051265	C	CAA	contig_1	2973609	2973611	INS401	SYN3	INS	-
contig_1	3054478	3067258	-	-	contig_1	2976832	2992704	INV7	-	INV	-
contig_1	3054478	3067258	-	-	contig_1	2992704	2976832	INVAL12	INV7	INVAL	-
contig_1	3067259	3085696	-	-	-	-	-	NOTAL4	-	NOTAL	-
contig_1	3085697	4003851	-	-	contig_1	2997917	3923636	SYN4	-	SYN	-
contig_1	3085697	4003851	-	-	contig_1	2997917	3923636	SYNAL9	SYN4	SYNAL	-
contig_1	3090254	3090255	TA	T	contig_1	3002474	3002474	DEL402	SYN4	DEL	-
contig_1	3093859	3093860	CT	C	contig_1	3006078	3006078	DEL403	SYN4	DEL	-
contig_1	3116838	3116839	AT	A	contig_1	3029056	3029056	DEL404	SYN4	DEL	-
contig_1	3124560	3124561	GA	G	contig_1	3036777	3036777	DEL405	SYN4	DEL	-
contig_1	3127067	3127068	GA	G	contig_1	3039283	3039283	DEL406	SYN4	DEL	-
contig_1	3136624	3136625	TA	T	contig_1	3048839	3048839	DEL407	SYN4	DEL	-
contig_1	3140446	3140447	CA	C	contig_1	3052660	3052660	DEL408	SYN4	DEL	-
contig_1	3141230	3141230	A	AT	contig_1	3053443	3053444	INS409	SYN4	INS	-
contig_1	3145418	3145418	C	CT	contig_1	3057632	3057633	INS410	SYN4	INS	-
contig_1	3146585	3146586	CT	C	contig_1	3058800	3058800	DEL411	SYN4	DEL	-
contig_1	3146760	3146761	AG	A	contig_1	3058974	3058974	DEL412	SYN4	DEL	-
contig_1	3147040	3147040	T	C	contig_1	3059253	3059253	SNP413	SYN4	SNP	-
contig_1	3148384	3148385	CG	C	contig_1	3060597	3060597	DEL414	SYN4	DEL	-
contig_1	3151412	3151412	C	CG	contig_1	3063624	3063625	INS415	SYN4	INS	-
contig_1	3162034	3162035	CA	C	contig_1	3074247	3074247	DEL416	SYN4	DEL	-
contig_1	3206533	3206534	CT	C	contig_1	3118745	3118745	DEL417	SYN4	DEL	-
contig_1	3207850	3207850	A	AT	contig_1	3120061	3120062	INS418	SYN4	INS	-
contig_1	3214264	3214264	T	TC	contig_1	3126476	3126477	INS419	SYN4	INS	-
contig_1	3218507	3218507	C	T	contig_1	3130720	3130720	SNP420	SYN4	SNP	-
contig_1	3218538	3218540	ATT	A	contig_1	3130751	3130751	DEL421	SYN4	DEL	-
contig_1	3219728	3219729	TA	T	contig_1	3131939	3131939	DEL422	SYN4	DEL	-
contig_1	3234911	3234911	C	CA	contig_1	3147121	3147122	INS423	SYN4	INS	-
contig_1	3247406	3247407	GC	G	contig_1	3159617	3159617	DEL424	SYN4	DEL	-
contig_1	3249854	3249854	G	GA	contig_1	3162064	3162065	INS425	SYN4	INS	-
contig_1	3259136	3259136	T	TG	contig_1	3171347	3171348	INS426	SYN4	INS	-
contig_1	3264105	3264106	CT	C	contig_1	3176317	3176317	DEL427	SYN4	DEL	-
contig_1	3265527	3265528	AC	A	contig_1	3177738	3177738	DEL428	SYN4	DEL	-
contig_1	3274872	3274873	TA	T	contig_1	3187082	3187082	DEL429	SYN4	DEL	-
contig_1	3284301	3284302	CG	C	contig_1	3196510	3196510	DEL430	SYN4	DEL	-
contig_1	3290229	3290229	T	C	contig_1	3202437	3202437	SNP431	SYN4	SNP	-
contig_1	3308498	3308498	A	AG	contig_1	3220706	3220707	INS432	SYN4	INS	-
contig_1	3308969	3308970	AG	A	contig_1	3221178	3221178	DEL433	SYN4	DEL	-
contig_1	3336211	3336211	C	CCT	contig_1	3248419	3248421	INS434	SYN4	INS	-
contig_1	3346538	3346538	G	GA	contig_1	3258748	3258749	INS435	SYN4	INS	-
contig_1	3352132	3352133	AG	A	contig_1	3264343	3264343	DEL436	SYN4	DEL	-
contig_1	3355002	3355003	TC	T	contig_1	3267212	3267212	DEL437	SYN4	DEL	-
contig_1	3363329	3363329	C	T	contig_1	3275538	3275538	SNP438	SYN4	SNP	-
contig_1	3364403	3364403	C	T	contig_1	3276612	3276612	SNP439	SYN4	SNP	-
contig_1	3366951	3366951	G	GT	contig_1	3279160	3279161	INS440	SYN4	INS	-
contig_1	3367049	3367050	CT	C	contig_1	3279259	3279259	DEL441	SYN4	DEL	-
contig_1	3382250	3382251	GT	G	contig_1	3294458	3294458	DEL442	SYN4	DEL	-
contig_1	3385080	3385080	T	TA	contig_1	3297287	3297288	INS443	SYN4	INS	-
contig_1	3385956	3385957	GA	G	contig_1	3298164	3298164	DEL444	SYN4	DEL	-
contig_1	3386106	3386107	TA	T	contig_1	3298313	3298313	DEL445	SYN4	DEL	-
contig_1	3386909	3386910	CT	C	contig_1	3299115	3299115	DEL446	SYN4	DEL	-
contig_1	3387279	3387279	C	T	contig_1	3299484	3299484	SNP447	SYN4	SNP	-
contig_1	3387341	3387341	T	TC	contig_1	3299546	3299547	INS448	SYN4	INS	-
contig_1	3387405	3387405	T	TC	contig_1	3299611	3299612	INS449	SYN4	INS	-
contig_1	3390201	3390201	G	GGC	contig_1	3302408	3302410	INS450	SYN4	INS	-
contig_1	3392463	3392463	C	CG	contig_1	3304672	3304673	INS451	SYN4	INS	-
contig_1	3398520	3398521	GC	G	contig_1	3310730	3310730	DEL452	SYN4	DEL	-
contig_1	3399395	3399396	AT	A	contig_1	3311604	3311604	DEL453	SYN4	DEL	-
contig_1	3399799	3399799	C	CCA	contig_1	3312007	3312009	INS454	SYN4	INS	-
contig_1	3400070	3400070	G	A	contig_1	3312280	3312280	SNP455	SYN4	SNP	-
contig_1	3400071	3400072	TA	T	contig_1	3312281	3312281	DEL456	SYN4	DEL	-
contig_1	3400073	3400073	C	T	contig_1	3312282	3312282	SNP457	SYN4	SNP	-
contig_1	3401423	3401425	TAC	T	contig_1	3313632	3313632	DEL458	SYN4	DEL	-
contig_1	3401464	3401466	AGG	A	contig_1	3313671	3313671	DEL459	SYN4	DEL	-
contig_1	3401550	3401551	TA	T	contig_1	3313755	3313755	DEL460	SYN4	DEL	-
contig_1	3401599	3401600	TG	T	contig_1	3313803	3313803	DEL461	SYN4	DEL	-
contig_1	3401611	3401612	AT	A	contig_1	3313814	3313814	DEL462	SYN4	DEL	-
contig_1	3402129	3402129	C	T	contig_1	3314331	3314331	SNP463	SYN4	SNP	-
contig_1	3402358	3402358	T	TA	contig_1	3314560	3314561	INS464	SYN4	INS	-
contig_1	3402405	3402405	G	GA	contig_1	3314608	3314609	INS465	SYN4	INS	-
contig_1	3403104	3403105	GT	G	contig_1	3315308	3315308	DEL466	SYN4	DEL	-
contig_1	3403383	3403384	GT	G	contig_1	3315586	3315586	DEL467	SYN4	DEL	-
contig_1	3404019	3404020	GA	G	contig_1	3316221	3316221	DEL468	SYN4	DEL	-
contig_1	3404824	3404824	A	AC	contig_1	3317025	3317026	INS469	SYN4	INS	-
contig_1	3410237	3410237	T	TA	contig_1	3322439	3322440	INS470	SYN4	INS	-
contig_1	3435084	3435084	G	A	contig_1	3347287	3347287	SNP471	SYN4	SNP	-
contig_1	3444983	3444984	AG	A	contig_1	3357186	3357186	DEL472	SYN4	DEL	-
contig_1	3445051	3445051	C	CT	contig_1	3357253	3357254	INS473	SYN4	INS	-
contig_1	3450434	3450435	GA	G	contig_1	3362637	3362637	DEL474	SYN4	DEL	-
contig_1	3451547	3451549	TCC	T	contig_1	3363749	3363749	DEL475	SYN4	DEL	-
contig_1	3452038	3452039	GA	G	contig_1	3364238	3364238	DEL476	SYN4	DEL	-
contig_1	3458320	3458321	GA	G	contig_1	3370519	3370519	DEL477	SYN4	DEL	-
contig_1	3465124	3465125	TC	T	contig_1	3377322	3377322	DEL478	SYN4	DEL	-
contig_1	3467039	3467039	A	AC	contig_1	3379236	3379237	INS479	SYN4	INS	-
contig_1	3479148	3479149	AC	A	contig_1	3391346	3391346	DEL480	SYN4	DEL	-
contig_1	3492343	3492344	GT	G	contig_1	3404540	3404540	DEL481	SYN4	DEL	-
contig_1	3496604	3496604	A	AC	contig_1	3408800	3408801	INS482	SYN4	INS	-
contig_1	3496702	3496703	CA	C	contig_1	3408899	3408899	DEL483	SYN4	DEL	-
contig_1	3496763	3496764	CT	C	contig_1	3408959	3408959	DEL484	SYN4	DEL	-
contig_1	3497225	3497225	C	CT	contig_1	3409420	3409421	INS485	SYN4	INS	-
contig_1	3506967	3506967	G	A	contig_1	3419163	3419163	SNP486	SYN4	SNP	-
contig_1	3508768	3508769	GC	G	contig_1	3420964	3420964	DEL487	SYN4	DEL	-
contig_1	3523841	3523841	G	GA	contig_1	3436036	3436037	INS488	SYN4	INS	-
contig_1	3539469	3539470	AC	A	contig_1	3451665	3451665	DEL489	SYN4	DEL	-
contig_1	3542280	3542281	GC	G	contig_1	3454475	3454475	DEL490	SYN4	DEL	-
contig_1	3549713	3549714	GA	G	contig_1	3461907	3461907	DEL491	SYN4	DEL	-
contig_1	3569872	3569873	GT	G	contig_1	3482065	3482065	DEL492	SYN4	DEL	-
contig_1	3575035	3575036	GA	G	contig_1	3487227	3487227	DEL493	SYN4	DEL	-
contig_1	3592359	3592360	CT	C	contig_1	3504550	3504550	DEL494	SYN4	DEL	-
contig_1	3630347	3630347	C	CG	contig_1	3542537	3542538	INS495	SYN4	INS	-
contig_1	3695756	3695757	GA	G	contig_1	3607947	3607947	DEL496	SYN4	DEL	-
contig_1	3695769	3695770	GT	G	contig_1	3607959	3607959	DEL497	SYN4	DEL	-
contig_1	3704606	3704767	-	-	contig_1	3616795	3616795	DEL498	SYN4	DEL	-
contig_1	3724426	3724427	TA	T	contig_1	3641117	3641117	DEL499	SYN4	DEL	-
contig_1	3730187	3730188	CT	C	contig_1	3646877	3646877	DEL500	SYN4	DEL	-
contig_1	3735916	3735917	CT	C	contig_1	3652605	3652605	DEL501	SYN4	DEL	-
contig_1	3736011	3736012	TA	T	contig_1	3652699	3652699	DEL502	SYN4	DEL	-
contig_1	3747396	3747396	G	GT	contig_1	3664083	3664084	INS503	SYN4	INS	-
contig_1	3768059	3768060	TC	T	contig_1	3684747	3684747	DEL504	SYN4	DEL	-
contig_1	3782624	3782624	C	CG	contig_1	3699311	3699312	INS505	SYN4	INS	-
contig_1	3795350	3795350	C	CT	contig_1	3712038	3712039	INS506	SYN4	INS	-
contig_1	3808280	3808280	T	G	contig_1	3724969	3724969	SNP507	SYN4	SNP	-
contig_1	3809098	3809099	TC	T	contig_1	3725787	3725787	DEL508	SYN4	DEL	-
contig_1	3834086	3834086	G	A	contig_1	3750774	3750774	SNP509	SYN4	SNP	-
contig_1	3835130	3835130	T	TTCTCCAGCC	contig_1	3751818	3751827	INS510	SYN4	INS	-
contig_1	3835257	3835258	TA	T	contig_1	3755048	3755048	DEL511	SYN4	DEL	-
contig_1	3836951	3836951	C	CG	contig_1	3756741	3756742	INS512	SYN4	INS	-
contig_1	3839262	3839263	CA	C	contig_1	3759053	3759053	DEL513	SYN4	DEL	-
contig_1	3849896	3849897	CT	C	contig_1	3769686	3769686	DEL514	SYN4	DEL	-
contig_1	3853849	3853850	CT	C	contig_1	3773638	3773638	DEL515	SYN4	DEL	-
contig_1	3864160	3864160	G	A	contig_1	3783948	3783948	SNP516	SYN4	SNP	-
contig_1	3866147	3866148	AT	A	contig_1	3785935	3785935	DEL517	SYN4	DEL	-
contig_1	3869864	3869864	A	G	contig_1	3789650	3789650	SNP518	SYN4	SNP	-
contig_1	3871334	3871334	C	CA	contig_1	3791120	3791121	INS519	SYN4	INS	-
contig_1	3871973	3871973	A	AG	contig_1	3791760	3791761	INS520	SYN4	INS	-
contig_1	3872873	3872873	G	GT	contig_1	3792661	3792662	INS521	SYN4	INS	-
contig_1	3873008	3873009	TC	T	contig_1	3792797	3792797	DEL522	SYN4	DEL	-
contig_1	3873265	3873266	AC	A	contig_1	3793053	3793053	DEL523	SYN4	DEL	-
contig_1	3873780	3873781	GT	G	contig_1	3793567	3793567	DEL524	SYN4	DEL	-
contig_1	3874219	3874220	TC	T	contig_1	3794005	3794005	DEL525	SYN4	DEL	-
contig_1	3874335	3874335	G	A	contig_1	3794120	3794120	SNP526	SYN4	SNP	-
contig_1	3874428	3874429	AT	A	contig_1	3794213	3794213	DEL527	SYN4	DEL	-
contig_1	3874932	3874932	A	AG	contig_1	3794716	3794717	INS528	SYN4	INS	-
contig_1	3875127	3875128	CT	C	contig_1	3794912	3794912	DEL529	SYN4	DEL	-
contig_1	3875224	3875224	A	AT	contig_1	3795008	3795009	INS530	SYN4	INS	-
contig_1	3875242	3875242	C	CT	contig_1	3795027	3795028	INS531	SYN4	INS	-
contig_1	3875362	3875363	GA	G	contig_1	3795148	3795148	DEL532	SYN4	DEL	-
contig_1	3875665	3875666	CT	C	contig_1	3795450	3795450	DEL533	SYN4	DEL	-
contig_1	3876123	3876123	T	TC	contig_1	3795907	3795908	INS534	SYN4	INS	-
contig_1	3877078	3877079	CT	C	contig_1	3796863	3796863	DEL535	SYN4	DEL	-
contig_1	3877551	3877552	TG	T	contig_1	3797335	3797335	DEL536	SYN4	DEL	-
contig_1	3877893	3877894	CT	C	contig_1	3797676	3797676	DEL537	SYN4	DEL	-
contig_1	3877929	3877929	C	CT	contig_1	3797711	3797712	INS538	SYN4	INS	-
contig_1	3877951	3877952	AC	A	contig_1	3797734	3797734	DEL539	SYN4	DEL	-
contig_1	3878327	3878327	G	GA	contig_1	3798109	3798110	INS540	SYN4	INS	-
contig_1	3878526	3878526	T	TC	contig_1	3798309	3798310	INS541	SYN4	INS	-
contig_1	3878584	3878584	T	TC	contig_1	3798368	3798369	INS542	SYN4	INS	-
contig_1	3879143	3879144	TC	T	contig_1	3798928	3798928	DEL543	SYN4	DEL	-
contig_1	3879309	3879309	C	T	contig_1	3799093	3799093	SNP544	SYN4	SNP	-
contig_1	3879344	3879344	G	A	contig_1	3799128	3799128	SNP545	SYN4	SNP	-
contig_1	3879346	3879346	A	G	contig_1	3799130	3799130	SNP546	SYN4	SNP	-
contig_1	3879347	3879347	G	GA	contig_1	3799131	3799132	INS547	SYN4	INS	-
contig_1	3879590	3879590	G	GA	contig_1	3799375	3799376	INS548	SYN4	INS	-
contig_1	3879618	3879618	C	CT	contig_1	3799404	3799405	INS549	SYN4	INS	-
contig_1	3879864	3879864	G	GA	contig_1	3799651	3799652	INS550	SYN4	INS	-
contig_1	3880157	3880157	T	TA	contig_1	3799945	3799946	INS551	SYN4	INS	-
contig_1	3880256	3880256	T	TC	contig_1	3800045	3800046	INS552	SYN4	INS	-
contig_1	3880471	3880471	C	CA	contig_1	3800261	3800262	INS553	SYN4	INS	-
contig_1	3880515	3880516	TC	T	contig_1	3800306	3800306	DEL554	SYN4	DEL	-
contig_1	3880571	3880571	C	CT	contig_1	3800361	3800362	INS555	SYN4	INS	-
contig_1	3880582	3880584	CCT	C	contig_1	3800373	3800373	DEL556	SYN4	DEL	-
contig_1	3880854	3880854	A	AT	contig_1	3800643	3800644	INS557	SYN4	INS	-
contig_1	3886536	3886537	GT	G	contig_1	3806326	3806326	DEL558	SYN4	DEL	-
contig_1	3887920	3887920	C	T	contig_1	3807709	3807709	SNP559	SYN4	SNP	-
contig_1	3887973	3887973	G	GA	contig_1	3807762	3807763	INS560	SYN4	INS	-
contig_1	3894554	3894554	T	TC	contig_1	3814344	3814345	INS561	SYN4	INS	-
contig_1	3896386	3896387	TC	T	contig_1	3816177	3816177	DEL562	SYN4	DEL	-
contig_1	3911898	3911899	GA	G	contig_1	3831688	3831688	DEL563	SYN4	DEL	-
contig_1	3911907	3911907	C	T	contig_1	3831696	3831696	SNP564	SYN4	SNP	-
contig_1	3919579	3919580	CT	C	contig_1	3839368	3839368	DEL565	SYN4	DEL	-
contig_1	3926501	3926502	TA	T	contig_1	3846289	3846289	DEL566	SYN4	DEL	-
contig_1	3932324	3932324	T	TA	contig_1	3852111	3852112	INS567	SYN4	INS	-
contig_1	3939030	3939031	TC	T	contig_1	3858818	3858818	DEL568	SYN4	DEL	-
contig_1	3939572	3939573	TA	T	contig_1	3859359	3859359	DEL569	SYN4	DEL	-
contig_1	3952815	3952815	C	CT	contig_1	3872601	3872602	INS570	SYN4	INS	-
contig_1	3962520	3962521	CT	C	contig_1	3882307	3882307	DEL571	SYN4	DEL	-
contig_1	3986634	3986635	AG	A	contig_1	3906421	3906421	DEL572	SYN4	DEL	-
contig_1	3993550	3993551	AG	A	contig_1	3913336	3913336	DEL573	SYN4	DEL	-
contig_1	3993970	3993970	A	G	contig_1	3913755	3913755	SNP574	SYN4	SNP	-
-	-	-	-	-	contig_1	1188611	1188619	NOTAL5	-	NOTAL	-
-	-	-	-	-	contig_1	3923637	3923637	NOTAL6	-	NOTAL	-
