contig_1	1	1176685	-	-	contig_1	1	1176247	SYN1	-	SYN	-
contig_1	1	1176685	-	-	contig_1	1	1176247	SYNAL1	SYN1	SYNAL	-
contig_1	5809	5809	A	AG	contig_1	5809	5810	INS6	SYN1	INS	-
contig_1	16726	16726	A	AG	contig_1	16727	16728	INS7	SYN1	INS	-
contig_1	54136	54136	C	CT	contig_1	54138	54139	INS8	SYN1	INS	-
contig_1	56926	56927	TC	T	contig_1	56929	56929	DEL9	SYN1	DEL	-
contig_1	63228	63229	CT	C	contig_1	63230	63230	DEL10	SYN1	DEL	-
contig_1	63616	63616	C	CA	contig_1	63617	63618	INS11	SYN1	INS	-
contig_1	76952	76952	G	GC	contig_1	76954	76955	INS12	SYN1	INS	-
contig_1	110444	110444	A	AG	contig_1	110447	110448	INS13	SYN1	INS	-
contig_1	117794	117794	G	GT	contig_1	117798	117799	INS14	SYN1	INS	-
contig_1	124088	124088	G	GA	contig_1	124093	124094	INS15	SYN1	INS	-
contig_1	132516	132516	A	AC	contig_1	132522	132523	INS16	SYN1	INS	-
contig_1	134480	134481	GT	G	contig_1	134487	134487	DEL17	SYN1	DEL	-
contig_1	134516	134516	G	GT	contig_1	134522	134523	INS18	SYN1	INS	-
contig_1	144726	144727	AG	A	contig_1	144733	144733	DEL19	SYN1	DEL	-
contig_1	173681	173681	C	T	contig_1	173687	173687	SNP20	SYN1	SNP	-
contig_1	180622	180622	G	GT	contig_1	180628	180629	INS21	SYN1	INS	-
contig_1	181584	181584	A	AG	contig_1	181591	181592	INS22	SYN1	INS	-
contig_1	184162	184162	G	GA	contig_1	184170	184171	INS23	SYN1	INS	-
contig_1	196600	196600	T	TG	contig_1	196609	196610	INS24	SYN1	INS	-
contig_1	206685	206686	CT	C	contig_1	206695	206695	DEL25	SYN1	DEL	-
contig_1	274839	274840	CT	C	contig_1	274848	274848	DEL26	SYN1	DEL	-
contig_1	281779	281780	TC	T	contig_1	281787	281787	DEL27	SYN1	DEL	-
contig_1	302094	302094	G	GA	contig_1	302101	302102	INS28	SYN1	INS	-
contig_1	305434	305434	A	G	contig_1	305442	305442	SNP29	SYN1	SNP	-
contig_1	310148	310149	GA	G	contig_1	310156	310156	DEL30	SYN1	DEL	-
contig_1	315972	315972	G	GC	contig_1	315979	315980	INS31	SYN1	INS	-
contig_1	318565	318565	C	CT	contig_1	318573	318574	INS32	SYN1	INS	-
contig_1	325195	325195	G	GA	contig_1	325204	325205	INS33	SYN1	INS	-
contig_1	356379	356380	TA	T	contig_1	356389	356389	DEL34	SYN1	DEL	-
contig_1	367337	367337	T	TG	contig_1	367346	367347	INS35	SYN1	INS	-
contig_1	373692	373692	A	AT	contig_1	373702	373703	INS36	SYN1	INS	-
contig_1	377954	377954	A	G	contig_1	377965	377965	SNP37	SYN1	SNP	-
contig_1	400166	400167	CG	C	contig_1	400177	400177	DEL38	SYN1	DEL	-
contig_1	404197	404197	A	AT	contig_1	404207	404208	INS39	SYN1	INS	-
contig_1	404638	404638	G	GAA	contig_1	404649	404651	INS40	SYN1	INS	-
contig_1	404759	404759	G	GC	contig_1	404772	404773	INS41	SYN1	INS	-
contig_1	406241	406241	G	GA	contig_1	406255	406256	INS42	SYN1	INS	-
contig_1	407402	407403	CA	C	contig_1	407417	407417	DEL43	SYN1	DEL	-
contig_1	407405	407405	T	C	contig_1	407419	407419	SNP44	SYN1	SNP	-
contig_1	407406	407406	T	C	contig_1	407420	407420	SNP45	SYN1	SNP	-
contig_1	408627	408627	C	CG	contig_1	408641	408642	INS46	SYN1	INS	-
contig_1	408673	408673	A	G	contig_1	408688	408688	SNP47	SYN1	SNP	-
contig_1	411000	411000	C	CT	contig_1	411015	411016	INS48	SYN1	INS	-
contig_1	411225	411225	T	TG	contig_1	411241	411242	INS49	SYN1	INS	-
contig_1	412232	412232	C	CA	contig_1	412249	412250	INS50	SYN1	INS	-
contig_1	412714	412715	CT	C	contig_1	412732	412732	DEL51	SYN1	DEL	-
contig_1	426614	426614	C	CA	contig_1	426631	426632	INS52	SYN1	INS	-
contig_1	427185	427185	C	CT	contig_1	427203	427204	INS53	SYN1	INS	-
contig_1	439459	439459	C	CT	contig_1	439478	439479	INS54	SYN1	INS	-
contig_1	457874	457874	G	GT	contig_1	457894	457895	INS55	SYN1	INS	-
contig_1	464534	464535	GA	G	contig_1	464555	464555	DEL56	SYN1	DEL	-
contig_1	466385	466385	T	TG	contig_1	466405	466406	INS57	SYN1	INS	-
contig_1	469185	469186	TG	T	contig_1	469206	469206	DEL58	SYN1	DEL	-
contig_1	476894	476895	TA	T	contig_1	476914	476914	DEL59	SYN1	DEL	-
contig_1	484170	484170	G	GT	contig_1	484189	484190	INS60	SYN1	INS	-
contig_1	490006	490007	CG	C	contig_1	490026	490026	DEL61	SYN1	DEL	-
contig_1	522479	522479	T	TA	contig_1	522498	522499	INS62	SYN1	INS	-
contig_1	533522	533523	CG	C	contig_1	533542	533542	DEL63	SYN1	DEL	-
contig_1	538855	538856	AG	A	contig_1	538874	538874	DEL64	SYN1	DEL	-
contig_1	546542	546542	C	CA	contig_1	546560	546561	INS65	SYN1	INS	-
contig_1	548392	548393	AC	A	contig_1	548411	548411	DEL66	SYN1	DEL	-
contig_1	548952	549414	-	-	contig_1	548970	548970	DEL67	SYN1	DEL	-
contig_1	550115	550116	TA	T	contig_1	549671	549671	DEL68	SYN1	DEL	-
contig_1	566327	566327	T	TC	contig_1	565882	565883	INS69	SYN1	INS	-
contig_1	580712	580712	A	AG	contig_1	580268	580269	INS70	SYN1	INS	-
contig_1	580832	580833	AG	A	contig_1	580389	580389	DEL71	SYN1	DEL	-
contig_1	583953	583954	TC	T	contig_1	583509	583509	DEL72	SYN1	DEL	-
contig_1	612358	612358	G	GAA	contig_1	611913	611915	INS73	SYN1	INS	-
contig_1	616574	616575	CT	C	contig_1	616131	616131	DEL74	SYN1	DEL	-
contig_1	626164	626164	T	TA	contig_1	625720	625721	INS75	SYN1	INS	-
contig_1	639514	639514	A	G	contig_1	639071	639071	SNP76	SYN1	SNP	-
contig_1	641799	641800	AG	A	contig_1	641356	641356	DEL77	SYN1	DEL	-
contig_1	650969	650969	C	CT	contig_1	650525	650526	INS78	SYN1	INS	-
contig_1	681158	681158	C	CA	contig_1	680715	680716	INS79	SYN1	INS	-
contig_1	688679	688679	G	GT	contig_1	688237	688238	INS80	SYN1	INS	-
contig_1	695425	695426	AG	A	contig_1	694984	694984	DEL81	SYN1	DEL	-
contig_1	718645	718645	G	GTT	contig_1	718203	718205	INS82	SYN1	INS	-
contig_1	765579	765579	A	G	contig_1	765139	765139	SNP83	SYN1	SNP	-
contig_1	765580	765580	A	T	contig_1	765140	765140	SNP84	SYN1	SNP	-
contig_1	771957	771958	AC	A	contig_1	771517	771517	DEL85	SYN1	DEL	-
contig_1	775645	775646	TC	T	contig_1	775204	775204	DEL86	SYN1	DEL	-
contig_1	778693	778693	C	T	contig_1	778251	778251	SNP87	SYN1	SNP	-
contig_1	779328	779328	T	C	contig_1	778886	778886	SNP88	SYN1	SNP	-
contig_1	817994	817995	CG	C	contig_1	817552	817552	DEL89	SYN1	DEL	-
contig_1	820319	820320	GA	G	contig_1	819876	819876	DEL90	SYN1	DEL	-
contig_1	828143	828144	TA	T	contig_1	827699	827699	DEL91	SYN1	DEL	-
contig_1	829621	829622	AG	A	contig_1	829176	829176	DEL92	SYN1	DEL	-
contig_1	842529	842530	CA	C	contig_1	842083	842083	DEL93	SYN1	DEL	-
contig_1	843523	843524	TG	T	contig_1	843076	843076	DEL94	SYN1	DEL	-
contig_1	855850	855850	C	CA	contig_1	855402	855403	INS95	SYN1	INS	-
contig_1	857365	857365	G	GA	contig_1	856918	856919	INS96	SYN1	INS	-
contig_1	858476	858476	C	CT	contig_1	858030	858031	INS97	SYN1	INS	-
contig_1	864768	864769	AT	A	contig_1	864323	864323	DEL98	SYN1	DEL	-
contig_1	909065	909065	T	G	contig_1	908619	908619	SNP99	SYN1	SNP	-
contig_1	909191	909191	A	G	contig_1	908745	908745	SNP100	SYN1	SNP	-
contig_1	909533	909533	C	T	contig_1	909087	909087	SNP101	SYN1	SNP	-
contig_1	909543	909543	T	A	contig_1	909097	909097	SNP102	SYN1	SNP	-
contig_1	909897	909897	A	G	contig_1	909451	909451	SNP103	SYN1	SNP	-
contig_1	909972	909972	A	T	contig_1	909526	909526	SNP104	SYN1	SNP	-
contig_1	909973	909973	T	G	contig_1	909527	909527	SNP105	SYN1	SNP	-
contig_1	910024	910024	T	C	contig_1	909578	909578	SNP106	SYN1	SNP	-
contig_1	929600	929600	A	AG	contig_1	929154	929155	INS107	SYN1	INS	-
contig_1	934781	934782	CT	C	contig_1	934336	934336	DEL108	SYN1	DEL	-
contig_1	954587	954588	AT	A	contig_1	954141	954141	DEL109	SYN1	DEL	-
contig_1	959675	959675	C	CT	contig_1	959228	959229	INS110	SYN1	INS	-
contig_1	990665	990666	TA	T	contig_1	990219	990219	DEL111	SYN1	DEL	-
contig_1	994197	994198	CT	C	contig_1	993750	993750	DEL112	SYN1	DEL	-
contig_1	1015590	1015590	C	T	contig_1	1015142	1015142	SNP113	SYN1	SNP	-
contig_1	1017440	1017441	CA	C	contig_1	1016992	1016992	DEL114	SYN1	DEL	-
contig_1	1026645	1026645	T	C	contig_1	1026196	1026196	SNP115	SYN1	SNP	-
contig_1	1031205	1031205	C	CA	contig_1	1030756	1030757	INS116	SYN1	INS	-
contig_1	1037204	1037204	G	GC	contig_1	1036756	1036757	INS117	SYN1	INS	-
contig_1	1053385	1053385	A	AGGCATTATG	contig_1	1052938	1052947	INS118	SYN1	INS	-
contig_1	1061932	1061933	CT	C	contig_1	1061494	1061494	DEL119	SYN1	DEL	-
contig_1	1075957	1075958	GA	G	contig_1	1075518	1075518	DEL120	SYN1	DEL	-
contig_1	1098396	1098396	G	GA	contig_1	1097956	1097957	INS121	SYN1	INS	-
contig_1	1102874	1102874	A	AT	contig_1	1102435	1102436	INS122	SYN1	INS	-
contig_1	1147376	1147377	GT	G	contig_1	1146938	1146938	DEL123	SYN1	DEL	-
contig_1	1159663	1159663	A	AG	contig_1	1159224	1159225	INS124	SYN1	INS	-
contig_1	1176686	1373206	-	-	contig_1	1176248	1372760	INV5	-	INV	-
contig_1	1176686	1373206	-	-	contig_1	1372760	1176248	INVAL9	INV5	INVAL	-
contig_1	1176788	1176788	A	AG	contig_1	1372657	1372658	INS125	INV5	INS	-
contig_1	1177056	1177057	GT	G	contig_1	1372389	1372389	DEL126	INV5	DEL	-
contig_1	1188487	1188488	GA	G	contig_1	1360959	1360959	DEL127	INV5	DEL	-
contig_1	1189742	1189743	CA	C	contig_1	1359705	1359705	DEL128	INV5	DEL	-
contig_1	1191415	1191416	CG	C	contig_1	1358033	1358033	DEL129	INV5	DEL	-
contig_1	1222166	1222167	GA	G	contig_1	1327283	1327283	DEL130	INV5	DEL	-
contig_1	1250972	1250973	CT	C	contig_1	1298478	1298478	DEL131	INV5	DEL	-
contig_1	1262334	1262334	A	G	contig_1	1287117	1287117	SNP132	INV5	SNP	-
contig_1	1270409	1270409	T	TC	contig_1	1279041	1279042	INS133	INV5	INS	-
contig_1	1287242	1287243	CT	C	contig_1	1262208	1262208	DEL134	INV5	DEL	-
contig_1	1296986	1296986	A	G	contig_1	1252465	1252465	SNP135	INV5	SNP	-
contig_1	1297970	1297970	G	GT	contig_1	1251480	1251481	INS136	INV5	INS	-
contig_1	1308399	1308401	TGG	T	contig_1	1241051	1241051	DEL137	INV5	DEL	-
contig_1	1331566	1331566	G	GC	contig_1	1217885	1217886	INS138	INV5	INS	-
contig_1	1335995	1335996	GC	G	contig_1	1213456	1213456	DEL139	INV5	DEL	-
contig_1	1339378	1339379	CT	C	contig_1	1210074	1210074	DEL140	INV5	DEL	-
contig_1	1341629	1341629	G	GT	contig_1	1207823	1207824	INS141	INV5	INS	-
contig_1	1346560	1346561	TC	T	contig_1	1202892	1202892	DEL142	INV5	DEL	-
contig_1	1363781	1363782	AT	A	contig_1	1185672	1185672	DEL143	INV5	DEL	-
contig_1	1373198	2186298	-	-	contig_1	1372761	2095418	SYN2	-	SYN	-
contig_1	1373198	1651448	-	-	contig_1	1372761	1651010	SYNAL2	SYN2	SYNAL	-
contig_1	1386611	1386612	TC	T	contig_1	1386174	1386174	DEL144	SYN2	DEL	-
contig_1	1393059	1393060	TC	T	contig_1	1392621	1392621	DEL145	SYN2	DEL	-
contig_1	1395826	1395826	C	CG	contig_1	1395387	1395388	INS146	SYN2	INS	-
contig_1	1398313	1398313	A	G	contig_1	1397875	1397875	SNP147	SYN2	SNP	-
contig_1	1400680	1400681	TC	T	contig_1	1400242	1400242	DEL148	SYN2	DEL	-
contig_1	1407131	1407131	T	TA	contig_1	1406692	1406693	INS149	SYN2	INS	-
contig_1	1408400	1408400	C	CG	contig_1	1407962	1407963	INS150	SYN2	INS	-
contig_1	1423373	1423373	T	TC	contig_1	1422936	1422937	INS151	SYN2	INS	-
contig_1	1426217	1426218	TC	T	contig_1	1425781	1425781	DEL152	SYN2	DEL	-
contig_1	1430115	1430115	A	AT	contig_1	1429678	1429679	INS153	SYN2	INS	-
contig_1	1430526	1430527	TG	T	contig_1	1430090	1430090	DEL154	SYN2	DEL	-
contig_1	1433713	1433713	T	TC	contig_1	1433276	1433277	INS155	SYN2	INS	-
contig_1	1441149	1441150	TA	T	contig_1	1440713	1440713	DEL156	SYN2	DEL	-
contig_1	1444446	1444447	CT	C	contig_1	1444009	1444009	DEL157	SYN2	DEL	-
contig_1	1447763	1447763	G	GT	contig_1	1447325	1447326	INS158	SYN2	INS	-
contig_1	1452538	1452539	CA	C	contig_1	1452101	1452101	DEL159	SYN2	DEL	-
contig_1	1481352	1481353	TG	T	contig_1	1480914	1480914	DEL160	SYN2	DEL	-
contig_1	1486122	1486123	TA	T	contig_1	1485683	1485683	DEL161	SYN2	DEL	-
contig_1	1487249	1487250	GC	G	contig_1	1486809	1486809	DEL162	SYN2	DEL	-
contig_1	1488451	1488451	G	GA	contig_1	1488010	1488011	INS163	SYN2	INS	-
contig_1	1490308	1490309	AG	A	contig_1	1489868	1489868	DEL164	SYN2	DEL	-
contig_1	1494428	1494428	G	GA	contig_1	1493987	1493988	INS165	SYN2	INS	-
contig_1	1495424	1495424	T	TA	contig_1	1494984	1494985	INS166	SYN2	INS	-
contig_1	1497061	1497061	G	GT	contig_1	1496622	1496623	INS167	SYN2	INS	-
contig_1	1499389	1499389	T	C	contig_1	1498951	1498951	SNP168	SYN2	SNP	-
contig_1	1503154	1503155	AG	A	contig_1	1502716	1502716	DEL169	SYN2	DEL	-
contig_1	1511114	1511114	G	GA	contig_1	1510675	1510676	INS170	SYN2	INS	-
contig_1	1518804	1518804	A	AG	contig_1	1518366	1518367	INS171	SYN2	INS	-
contig_1	1522653	1522653	G	GC	contig_1	1522216	1522217	INS172	SYN2	INS	-
contig_1	1527009	1527009	A	G	contig_1	1526573	1526573	SNP173	SYN2	SNP	-
contig_1	1530259	1530259	G	GA	contig_1	1529823	1529824	INS174	SYN2	INS	-
contig_1	1557368	1557369	AG	A	contig_1	1556933	1556933	DEL175	SYN2	DEL	-
contig_1	1557521	1557522	GA	G	contig_1	1557085	1557085	DEL176	SYN2	DEL	-
contig_1	1557582	1557583	CT	C	contig_1	1557145	1557145	DEL177	SYN2	DEL	-
contig_1	1562077	1562078	TA	T	contig_1	1561639	1561639	DEL178	SYN2	DEL	-
contig_1	1562540	1562540	C	CA	contig_1	1562101	1562102	INS179	SYN2	INS	-
contig_1	1563597	1563597	G	GA	contig_1	1563159	1563160	INS180	SYN2	INS	-
contig_1	1565290	1565291	AG	A	contig_1	1564853	1564853	DEL181	SYN2	DEL	-
contig_1	1568510	1568511	TA	T	contig_1	1568072	1568072	DEL182	SYN2	DEL	-
contig_1	1572001	1572002	TG	T	contig_1	1571562	1571562	DEL183	SYN2	DEL	-
contig_1	1575138	1575138	T	TA	contig_1	1574698	1574699	INS184	SYN2	INS	-
contig_1	1575222	1575222	A	AG	contig_1	1574783	1574784	INS185	SYN2	INS	-
contig_1	1575327	1575327	A	AG	contig_1	1574889	1574890	INS186	SYN2	INS	-
contig_1	1575342	1575343	AG	A	contig_1	1574905	1574905	DEL187	SYN2	DEL	-
contig_1	1575362	1575362	A	AG	contig_1	1574924	1574925	INS188	SYN2	INS	-
contig_1	1583859	1583859	A	AG	contig_1	1583422	1583423	INS189	SYN2	INS	-
contig_1	1595741	1595741	T	TC	contig_1	1595305	1595306	INS190	SYN2	INS	-
contig_1	1596561	1596562	GA	G	contig_1	1596126	1596126	DEL191	SYN2	DEL	-
contig_1	1601385	1601386	CT	C	contig_1	1600949	1600949	DEL192	SYN2	DEL	-
contig_1	1603402	1603402	A	G	contig_1	1602965	1602965	SNP193	SYN2	SNP	-
contig_1	1605971	1605971	T	TC	contig_1	1605534	1605535	INS194	SYN2	INS	-
contig_1	1609921	1609922	AT	A	contig_1	1609485	1609485	DEL195	SYN2	DEL	-
contig_1	1612129	1612129	T	TC	contig_1	1611692	1611693	INS196	SYN2	INS	-
contig_1	1618173	1618173	A	AT	contig_1	1617737	1617738	INS197	SYN2	INS	-
contig_1	1620147	1620148	AG	A	contig_1	1619712	1619712	DEL198	SYN2	DEL	-
contig_1	1627649	1627649	T	C	contig_1	1627213	1627213	SNP199	SYN2	SNP	-
contig_1	1627821	1627822	AG	A	contig_1	1627385	1627385	DEL200	SYN2	DEL	-
contig_1	1628894	1628895	CG	C	contig_1	1628457	1628457	DEL201	SYN2	DEL	-
contig_1	1645621	1645621	T	TA	contig_1	1645183	1645184	INS202	SYN2	INS	-
contig_1	1647984	1647985	CT	C	contig_1	1647547	1647547	DEL203	SYN2	DEL	-
contig_1	1651448	1652852	-	-	contig_1	1651010	1651010	DEL1	SYN2	DEL	-
contig_1	1652853	1810890	-	-	contig_1	1651010	1808461	SYNAL3	SYN2	SYNAL	-
contig_1	1656901	1656902	CA	C	contig_1	1655058	1655058	DEL204	SYN2	DEL	-
contig_1	1659554	1659555	AT	A	contig_1	1657710	1657710	DEL205	SYN2	DEL	-
contig_1	1675408	1675408	A	AC	contig_1	1673563	1673564	INS206	SYN2	INS	-
contig_1	1676075	1676076	TC	T	contig_1	1674231	1674231	DEL207	SYN2	DEL	-
contig_1	1678050	1678051	AG	A	contig_1	1676205	1676205	DEL208	SYN2	DEL	-
contig_1	1695458	1695459	GC	G	contig_1	1693612	1693612	DEL209	SYN2	DEL	-
contig_1	1716691	1716692	GT	G	contig_1	1714844	1714844	DEL210	SYN2	DEL	-
contig_1	1718624	1718624	C	CCATAAAGCG	contig_1	1716776	1716785	INS211	SYN2	INS	-
contig_1	1727745	1727745	A	AG	contig_1	1725906	1725907	INS212	SYN2	INS	-
contig_1	1732139	1732140	TC	T	contig_1	1730301	1730301	DEL213	SYN2	DEL	-
contig_1	1735691	1735692	CA	C	contig_1	1733852	1733852	DEL214	SYN2	DEL	-
contig_1	1742034	1742034	G	A	contig_1	1740194	1740194	SNP215	SYN2	SNP	-
contig_1	1747243	1747243	T	TGCCAGCGGG	contig_1	1745403	1745412	INS216	SYN2	INS	-
contig_1	1749209	1749209	C	CT	contig_1	1747378	1747379	INS217	SYN2	INS	-
contig_1	1763922	1764517	-	-	contig_1	1762092	1762092	DEL218	SYN2	DEL	-
contig_1	1764943	1764944	CT	C	contig_1	1762518	1762518	DEL219	SYN2	DEL	-
contig_1	1772213	1772213	A	AG	contig_1	1769787	1769788	INS220	SYN2	INS	-
contig_1	1782686	1782687	CT	C	contig_1	1780261	1780261	DEL221	SYN2	DEL	-
contig_1	1783493	1783493	C	CT	contig_1	1781067	1781068	INS222	SYN2	INS	-
contig_1	1789343	1789345	AAG	A	contig_1	1786918	1786918	DEL223	SYN2	DEL	-
contig_1	1791058	1791059	GT	G	contig_1	1788631	1788631	DEL224	SYN2	DEL	-
contig_1	1805102	1805103	AT	A	contig_1	1802674	1802674	DEL225	SYN2	DEL	-
contig_1	1810890	1899353	-	-	contig_1	1808461	1808461	DEL2	SYN2	DEL	-
contig_1	1899354	2186298	-	-	contig_1	1808462	2095418	SYNAL4	SYN2	SYNAL	-
contig_1	1900575	1900576	CT	C	contig_1	1809683	1809683	DEL226	SYN2	DEL	-
contig_1	1907341	1907342	CT	C	contig_1	1816448	1816448	DEL227	SYN2	DEL	-
contig_1	1910092	1910093	AT	A	contig_1	1819198	1819198	DEL228	SYN2	DEL	-
contig_1	1917743	1917744	GC	G	contig_1	1826848	1826848	DEL229	SYN2	DEL	-
contig_1	1922886	1922887	TA	T	contig_1	1831990	1831990	DEL230	SYN2	DEL	-
contig_1	1968239	1968239	T	TG	contig_1	1877342	1877343	INS231	SYN2	INS	-
contig_1	1968955	1968955	C	CT	contig_1	1878059	1878060	INS232	SYN2	INS	-
contig_1	1992723	1992723	C	CT	contig_1	1901828	1901829	INS233	SYN2	INS	-
contig_1	1998555	1998555	T	TC	contig_1	1907661	1907662	INS234	SYN2	INS	-
contig_1	2005121	2005122	CT	C	contig_1	1914228	1914228	DEL235	SYN2	DEL	-
contig_1	2007198	2007200	GCC	G	contig_1	1916304	1916304	DEL236	SYN2	DEL	-
contig_1	2009526	2009527	GC	G	contig_1	1918630	1918630	DEL237	SYN2	DEL	-
contig_1	2013620	2013621	CG	C	contig_1	1922723	1922723	DEL238	SYN2	DEL	-
contig_1	2031863	2031863	G	GT	contig_1	1940965	1940966	INS239	SYN2	INS	-
contig_1	2049658	2049658	G	GA	contig_1	1958761	1958762	INS240	SYN2	INS	-
contig_1	2062648	2062649	GT	G	contig_1	1971752	1971752	DEL241	SYN2	DEL	-
contig_1	2081288	2081289	CT	C	contig_1	1990391	1990391	DEL242	SYN2	DEL	-
contig_1	2089133	2089134	AT	A	contig_1	1998235	1998235	DEL243	SYN2	DEL	-
contig_1	2101745	2101745	G	GATTGATATT	contig_1	2010846	2010855	INS244	SYN2	INS	-
contig_1	2107687	2107688	GC	G	contig_1	2016797	2016797	DEL245	SYN2	DEL	-
contig_1	2111003	2111004	CA	C	contig_1	2020112	2020112	DEL246	SYN2	DEL	-
contig_1	2114920	2114920	G	GA	contig_1	2024028	2024029	INS247	SYN2	INS	-
contig_1	2117227	2117228	TG	T	contig_1	2026336	2026336	DEL248	SYN2	DEL	-
contig_1	2134182	2134182	C	CT	contig_1	2043290	2043291	INS249	SYN2	INS	-
contig_1	2145359	2145359	C	CACGCTTGAT	contig_1	2054468	2054477	INS250	SYN2	INS	-
contig_1	2151533	2151534	AT	A	contig_1	2060651	2060651	DEL251	SYN2	DEL	-
contig_1	2152952	2152952	C	CT	contig_1	2062069	2062070	INS252	SYN2	INS	-
contig_1	2154234	2154234	A	AG	contig_1	2063352	2063353	INS253	SYN2	INS	-
contig_1	2160965	2160966	AG	A	contig_1	2070084	2070084	DEL254	SYN2	DEL	-
contig_1	2166388	2166388	G	GA	contig_1	2075506	2075507	INS255	SYN2	INS	-
contig_1	2167056	2167056	G	GT	contig_1	2076175	2076176	INS256	SYN2	INS	-
contig_1	2178244	2178245	CT	C	contig_1	2087364	2087364	DEL257	SYN2	DEL	-
contig_1	2182534	2182534	C	CT	contig_1	2091653	2091654	INS258	SYN2	INS	-
contig_1	2185805	2185805	A	G	contig_1	2094925	2094925	SNP259	SYN2	SNP	-
contig_1	2186299	2197407	-	-	-	-	-	NOTAL1	-	NOTAL	-
contig_1	2197408	2278258	-	-	contig_1	2095418	2176262	INV6	-	INV	-
contig_1	2197408	2278258	-	-	contig_1	2176262	2095418	INVAL10	INV6	INVAL	-
contig_1	2197981	2197982	CA	C	contig_1	2175689	2175689	DEL260	INV6	DEL	-
contig_1	2221539	2221539	G	GC	contig_1	2152131	2152132	INS261	INV6	INS	-
contig_1	2223211	2223211	T	TC	contig_1	2150458	2150459	INS262	INV6	INS	-
contig_1	2224225	2224226	GA	G	contig_1	2149444	2149444	DEL263	INV6	DEL	-
contig_1	2224915	2224916	CA	C	contig_1	2148755	2148755	DEL264	INV6	DEL	-
contig_1	2225565	2225566	AG	A	contig_1	2148106	2148106	DEL265	INV6	DEL	-
contig_1	2268413	2268414	TA	T	contig_1	2105259	2105259	DEL266	INV6	DEL	-
contig_1	2269262	2269263	CG	C	contig_1	2104411	2104411	DEL267	INV6	DEL	-
contig_1	2269650	2269651	TA	T	contig_1	2104024	2104024	DEL268	INV6	DEL	-
contig_1	2276161	2276162	AG	A	contig_1	2097514	2097514	DEL269	INV6	DEL	-
contig_1	2277525	2277525	G	A	contig_1	2096151	2096151	SNP270	INV6	SNP	-
contig_1	2278259	2286563	-	-	-	-	-	NOTAL2	-	NOTAL	-
contig_1	2286564	3017372	-	-	contig_1	2176262	2900998	SYN3	-	SYN	-
contig_1	2286564	2369615	-	-	contig_1	2176262	2259311	SYNAL5	SYN3	SYNAL	-
contig_1	2296132	2296133	AT	A	contig_1	2185830	2185830	DEL271	SYN3	DEL	-
contig_1	2302350	2302351	AT	A	contig_1	2192047	2192047	DEL272	SYN3	DEL	-
contig_1	2302598	2302598	C	CT	contig_1	2192294	2192295	INS273	SYN3	INS	-
contig_1	2306122	2306122	A	AT	contig_1	2195819	2195820	INS274	SYN3	INS	-
contig_1	2317369	2317369	T	TG	contig_1	2207067	2207068	INS275	SYN3	INS	-
contig_1	2319049	2319049	C	T	contig_1	2208748	2208748	SNP276	SYN3	SNP	-
contig_1	2353122	2353123	TC	T	contig_1	2242821	2242821	DEL277	SYN3	DEL	-
contig_1	2369024	2369025	AG	A	contig_1	2258722	2258722	DEL278	SYN3	DEL	-
contig_1	2369036	2369037	CG	C	contig_1	2258733	2258733	DEL279	SYN3	DEL	-
contig_1	2369615	2374099	-	-	contig_1	2259311	2259311	DEL3	SYN3	DEL	-
contig_1	2374100	2628432	-	-	contig_1	2259310	2513637	SYNAL6	SYN3	SYNAL	-
contig_1	2379174	2379175	CA	C	contig_1	2264384	2264384	DEL280	SYN3	DEL	-
contig_1	2387005	2387005	T	C	contig_1	2272214	2272214	SNP281	SYN3	SNP	-
contig_1	2392989	2392990	CT	C	contig_1	2278198	2278198	DEL282	SYN3	DEL	-
contig_1	2396298	2396299	TA	T	contig_1	2281506	2281506	DEL283	SYN3	DEL	-
contig_1	2416958	2416958	A	AG	contig_1	2302165	2302166	INS284	SYN3	INS	-
contig_1	2440049	2440050	AG	A	contig_1	2325257	2325257	DEL285	SYN3	DEL	-
contig_1	2445244	2445244	G	GA	contig_1	2330451	2330452	INS286	SYN3	INS	-
contig_1	2475031	2475031	T	TC	contig_1	2360239	2360240	INS287	SYN3	INS	-
contig_1	2488405	2488406	AT	A	contig_1	2373614	2373614	DEL288	SYN3	DEL	-
contig_1	2507430	2507430	T	TC	contig_1	2392638	2392639	INS289	SYN3	INS	-
contig_1	2507458	2507459	CG	C	contig_1	2392667	2392667	DEL290	SYN3	DEL	-
contig_1	2508258	2508258	C	CA	contig_1	2393466	2393467	INS291	SYN3	INS	-
contig_1	2513850	2513851	GT	G	contig_1	2399059	2399059	DEL292	SYN3	DEL	-
contig_1	2522764	2522765	TC	T	contig_1	2407972	2407972	DEL293	SYN3	DEL	-
contig_1	2540265	2540266	AT	A	contig_1	2425472	2425472	DEL294	SYN3	DEL	-
contig_1	2540309	2540309	A	AG	contig_1	2425515	2425516	INS295	SYN3	INS	-
contig_1	2565373	2565373	T	TG	contig_1	2450580	2450581	INS296	SYN3	INS	-
contig_1	2567378	2567378	A	AG	contig_1	2452586	2452587	INS297	SYN3	INS	-
contig_1	2583070	2583070	T	TA	contig_1	2468279	2468280	INS298	SYN3	INS	-
contig_1	2583330	2583331	TC	T	contig_1	2468540	2468540	DEL299	SYN3	DEL	-
contig_1	2585408	2585409	TG	T	contig_1	2470617	2470617	DEL300	SYN3	DEL	-
contig_1	2590751	2590752	AG	A	contig_1	2475959	2475959	DEL301	SYN3	DEL	-
contig_1	2591277	2591278	CA	C	contig_1	2476484	2476484	DEL302	SYN3	DEL	-
contig_1	2598902	2598903	GC	G	contig_1	2484108	2484108	DEL303	SYN3	DEL	-
contig_1	2603158	2603159	GC	G	contig_1	2488363	2488363	DEL304	SYN3	DEL	-
contig_1	2604607	2604607	G	A	contig_1	2489811	2489811	SNP305	SYN3	SNP	-
contig_1	2606433	2606433	T	C	contig_1	2491637	2491637	SNP306	SYN3	SNP	-
contig_1	2606593	2606593	C	CG	contig_1	2491797	2491798	INS307	SYN3	INS	-
contig_1	2609532	2609532	T	C	contig_1	2494737	2494737	SNP308	SYN3	SNP	-
contig_1	2628432	2630020	-	-	contig_1	2513637	2513637	DEL4	SYN3	DEL	-
contig_1	2630021	3017372	-	-	contig_1	2513638	2900998	SYNAL7	SYN3	SYNAL	-
contig_1	2630751	2630751	C	T	contig_1	2514368	2514368	SNP309	SYN3	SNP	-
contig_1	2636589	2636590	TC	T	contig_1	2520206	2520206	DEL310	SYN3	DEL	-
contig_1	2643492	2643492	T	TG	contig_1	2527108	2527109	INS311	SYN3	INS	-
contig_1	2645968	2645969	GA	G	contig_1	2529585	2529585	DEL312	SYN3	DEL	-
contig_1	2647541	2647542	CA	C	contig_1	2531157	2531157	DEL313	SYN3	DEL	-
contig_1	2648607	2648607	C	CA	contig_1	2532222	2532223	INS314	SYN3	INS	-
contig_1	2648962	2648963	AC	A	contig_1	2532578	2532578	DEL315	SYN3	DEL	-
contig_1	2650285	2650286	CA	C	contig_1	2533900	2533900	DEL316	SYN3	DEL	-
contig_1	2678558	2678558	G	GA	contig_1	2562172	2562173	INS317	SYN3	INS	-
contig_1	2692131	2692132	AT	A	contig_1	2575746	2575746	DEL318	SYN3	DEL	-
contig_1	2709877	2709877	T	TC	contig_1	2593491	2593492	INS319	SYN3	INS	-
contig_1	2718476	2718476	G	GC	contig_1	2602091	2602092	INS320	SYN3	INS	-
contig_1	2723955	2723956	GT	G	contig_1	2607571	2607571	DEL321	SYN3	DEL	-
contig_1	2725050	2725050	T	TA	contig_1	2608665	2608666	INS322	SYN3	INS	-
contig_1	2735383	2735383	T	TC	contig_1	2618999	2619000	INS323	SYN3	INS	-
contig_1	2735998	2735998	A	AG	contig_1	2619615	2619616	INS324	SYN3	INS	-
contig_1	2750969	2750970	GC	G	contig_1	2634587	2634587	DEL325	SYN3	DEL	-
contig_1	2753857	2753858	TG	T	contig_1	2637474	2637474	DEL326	SYN3	DEL	-
contig_1	2760456	2760457	GA	G	contig_1	2644072	2644072	DEL327	SYN3	DEL	-
contig_1	2763573	2763573	T	TC	contig_1	2647188	2647189	INS328	SYN3	INS	-
contig_1	2765065	2765065	G	GA	contig_1	2648681	2648682	INS329	SYN3	INS	-
contig_1	2769855	2769855	C	CA	contig_1	2653472	2653473	INS330	SYN3	INS	-
contig_1	2778079	2778079	T	TTCATCATTA	contig_1	2661697	2661706	INS331	SYN3	INS	-
contig_1	2800769	2800770	GT	G	contig_1	2684396	2684396	DEL332	SYN3	DEL	-
contig_1	2831104	2831105	TC	T	contig_1	2714730	2714730	DEL333	SYN3	DEL	-
contig_1	2849515	2849515	A	AC	contig_1	2733140	2733141	INS334	SYN3	INS	-
contig_1	2860965	2860965	T	TC	contig_1	2744591	2744592	INS335	SYN3	INS	-
contig_1	2864396	2864397	CT	C	contig_1	2748023	2748023	DEL336	SYN3	DEL	-
contig_1	2875490	2875491	GC	G	contig_1	2759116	2759116	DEL337	SYN3	DEL	-
contig_1	2879437	2879437	A	AC	contig_1	2763062	2763063	INS338	SYN3	INS	-
contig_1	2891942	2891943	AT	A	contig_1	2775568	2775568	DEL339	SYN3	DEL	-
contig_1	2903853	2903853	G	GA	contig_1	2787478	2787479	INS340	SYN3	INS	-
contig_1	2904976	2904976	C	CT	contig_1	2788602	2788603	INS341	SYN3	INS	-
contig_1	2913141	2913142	CT	C	contig_1	2796768	2796768	DEL342	SYN3	DEL	-
contig_1	2913476	2913477	CT	C	contig_1	2797102	2797102	DEL343	SYN3	DEL	-
contig_1	2914414	2914415	TC	T	contig_1	2798039	2798039	DEL344	SYN3	DEL	-
contig_1	2925229	2925230	CT	C	contig_1	2808853	2808853	DEL345	SYN3	DEL	-
contig_1	2935282	2935282	G	GC	contig_1	2818905	2818906	INS346	SYN3	INS	-
contig_1	2936514	2936515	TA	T	contig_1	2820138	2820138	DEL347	SYN3	DEL	-
contig_1	2980328	2980328	T	TA	contig_1	2863951	2863952	INS348	SYN3	INS	-
contig_1	2982723	2982724	GA	G	contig_1	2866347	2866347	DEL349	SYN3	DEL	-
contig_1	2991770	2991770	C	CG	contig_1	2875393	2875394	INS350	SYN3	INS	-
contig_1	2997942	2997943	TC	T	contig_1	2881566	2881566	DEL351	SYN3	DEL	-
contig_1	3010240	3010240	G	GT	contig_1	2893863	2893864	INS352	SYN3	INS	-
contig_1	3014151	3014151	C	CAA	contig_1	2897775	2897777	INS353	SYN3	INS	-
contig_1	3017364	3030144	-	-	contig_1	2900998	2913778	INV7	-	INV	-
contig_1	3017364	3030144	-	-	contig_1	2913778	2900998	INVAL11	INV7	INVAL	-
contig_1	3030145	3048581	-	-	-	-	-	NOTAL3	-	NOTAL	-
contig_1	3048582	3955875	-	-	contig_1	2913779	3820897	SYN4	-	SYN	-
contig_1	3048582	3955875	-	-	contig_1	2913779	3820897	SYNAL8	SYN4	SYNAL	-
contig_1	3053139	3053140	TA	T	contig_1	2918336	2918336	DEL354	SYN4	DEL	-
contig_1	3056744	3056745	CT	C	contig_1	2921940	2921940	DEL355	SYN4	DEL	-
contig_1	3079723	3079724	AT	A	contig_1	2944918	2944918	DEL356	SYN4	DEL	-
contig_1	3089951	3089952	GA	G	contig_1	2955145	2955145	DEL357	SYN4	DEL	-
contig_1	3099508	3099509	TA	T	contig_1	2964701	2964701	DEL358	SYN4	DEL	-
contig_1	3103330	3103331	CA	C	contig_1	2968522	2968522	DEL359	SYN4	DEL	-
contig_1	3108303	3108303	C	CT	contig_1	2973494	2973495	INS360	SYN4	INS	-
contig_1	3109470	3109471	CT	C	contig_1	2974662	2974662	DEL361	SYN4	DEL	-
contig_1	3109924	3109924	T	C	contig_1	2975115	2975115	SNP362	SYN4	SNP	-
contig_1	3124918	3124919	CA	C	contig_1	2990109	2990109	DEL363	SYN4	DEL	-
contig_1	3125798	3125798	G	GA	contig_1	2990988	2990989	INS364	SYN4	INS	-
contig_1	3159530	3159530	C	CA	contig_1	3024721	3024722	INS365	SYN4	INS	-
contig_1	3169415	3169416	CT	C	contig_1	3034607	3034607	DEL366	SYN4	DEL	-
contig_1	3181391	3181391	C	T	contig_1	3046582	3046582	SNP367	SYN4	SNP	-
contig_1	3181422	3181424	ATT	A	contig_1	3046613	3046613	DEL368	SYN4	DEL	-
contig_1	3182612	3182613	TA	T	contig_1	3047801	3047801	DEL369	SYN4	DEL	-
contig_1	3197795	3197795	C	CA	contig_1	3062983	3062984	INS370	SYN4	INS	-
contig_1	3246750	3246751	CT	C	contig_1	3111939	3111939	DEL371	SYN4	DEL	-
contig_1	3247184	3247185	CG	C	contig_1	3112372	3112372	DEL372	SYN4	DEL	-
contig_1	3253301	3253301	G	GA	contig_1	3118488	3118489	INS373	SYN4	INS	-
contig_1	3271852	3271853	AG	A	contig_1	3137040	3137040	DEL374	SYN4	DEL	-
contig_1	3309423	3309423	G	GA	contig_1	3174610	3174611	INS375	SYN4	INS	-
contig_1	3313152	3313152	T	TC	contig_1	3178340	3178341	INS376	SYN4	INS	-
contig_1	3317615	3317615	C	CG	contig_1	3182804	3182805	INS377	SYN4	INS	-
contig_1	3317884	3317885	TC	T	contig_1	3183074	3183074	DEL378	SYN4	DEL	-
contig_1	3324160	3324160	T	TC	contig_1	3189349	3189350	INS379	SYN4	INS	-
contig_1	3325063	3325063	C	CG	contig_1	3190253	3190254	INS380	SYN4	INS	-
contig_1	3327577	3327578	TA	T	contig_1	3192768	3192768	DEL381	SYN4	DEL	-
contig_1	3329832	3329832	G	GT	contig_1	3195022	3195023	INS382	SYN4	INS	-
contig_1	3334869	3334869	C	CA	contig_1	3200060	3200061	INS383	SYN4	INS	-
contig_1	3353756	3353757	GA	G	contig_1	3218948	3218948	DEL384	SYN4	DEL	-
contig_1	3365706	3365707	TA	T	contig_1	3230897	3230897	DEL385	SYN4	DEL	-
contig_1	3370019	3370019	T	TAA	contig_1	3235209	3235211	INS386	SYN4	INS	-
contig_1	3394865	3394865	G	A	contig_1	3260057	3260057	SNP387	SYN4	SNP	-
contig_1	3404764	3404765	AG	A	contig_1	3269956	3269956	DEL388	SYN4	DEL	-
contig_1	3410216	3410217	GA	G	contig_1	3275407	3275407	DEL389	SYN4	DEL	-
contig_1	3411329	3411331	TCC	T	contig_1	3276519	3276519	DEL390	SYN4	DEL	-
contig_1	3413900	3413900	A	AT	contig_1	3279088	3279089	INS391	SYN4	INS	-
contig_1	3424903	3424904	TC	T	contig_1	3290092	3290092	DEL392	SYN4	DEL	-
contig_1	3438928	3438929	AC	A	contig_1	3304116	3304116	DEL393	SYN4	DEL	-
contig_1	3450419	3450420	TC	T	contig_1	3315606	3315606	DEL394	SYN4	DEL	-
contig_1	3452124	3452125	GT	G	contig_1	3317310	3317310	DEL395	SYN4	DEL	-
contig_1	3472611	3472612	GA	G	contig_1	3337796	3337796	DEL396	SYN4	DEL	-
contig_1	3484980	3484980	C	CT	contig_1	3350164	3350165	INS397	SYN4	INS	-
contig_1	3499250	3499251	AC	A	contig_1	3364435	3364435	DEL398	SYN4	DEL	-
contig_1	3500148	3500148	A	AT	contig_1	3365332	3365333	INS399	SYN4	INS	-
contig_1	3502060	3502061	GC	G	contig_1	3367245	3367245	DEL400	SYN4	DEL	-
contig_1	3509493	3509494	GA	G	contig_1	3374677	3374677	DEL401	SYN4	DEL	-
contig_1	3529652	3529653	GT	G	contig_1	3394835	3394835	DEL402	SYN4	DEL	-
contig_1	3552181	3552182	AT	A	contig_1	3417363	3417363	DEL403	SYN4	DEL	-
contig_1	3590126	3590126	C	CG	contig_1	3455307	3455308	INS404	SYN4	INS	-
contig_1	3655535	3655536	GA	G	contig_1	3520717	3520717	DEL405	SYN4	DEL	-
contig_1	3655548	3655549	GT	G	contig_1	3520729	3520729	DEL406	SYN4	DEL	-
contig_1	3664385	3664555	-	-	contig_1	3529565	3529565	DEL407	SYN4	DEL	-
contig_1	3674109	3674110	GT	G	contig_1	3539119	3539119	DEL408	SYN4	DEL	-
contig_1	3684215	3684216	TA	T	contig_1	3549224	3549224	DEL409	SYN4	DEL	-
contig_1	3695704	3695705	CT	C	contig_1	3560712	3560712	DEL410	SYN4	DEL	-
contig_1	3695799	3695800	TA	T	contig_1	3560806	3560806	DEL411	SYN4	DEL	-
contig_1	3706326	3706326	C	CT	contig_1	3571332	3571333	INS412	SYN4	INS	-
contig_1	3727761	3727761	C	CA	contig_1	3592768	3592769	INS413	SYN4	INS	-
contig_1	3752759	3752760	GA	G	contig_1	3617767	3617767	DEL414	SYN4	DEL	-
contig_1	3753728	3753728	G	GT	contig_1	3618735	3618736	INS415	SYN4	INS	-
contig_1	3756971	3756972	GC	G	contig_1	3621979	3621979	DEL416	SYN4	DEL	-
contig_1	3768887	3768888	TC	T	contig_1	3633894	3633894	DEL417	SYN4	DEL	-
contig_1	3777545	3777546	AT	A	contig_1	3642551	3642551	DEL418	SYN4	DEL	-
contig_1	3787525	3787525	A	AT	contig_1	3652530	3652531	INS419	SYN4	INS	-
contig_1	3788859	3788859	T	TG	contig_1	3653865	3653866	INS420	SYN4	INS	-
contig_1	3794918	3794918	T	TTCTCCAGCC	contig_1	3659925	3659934	INS421	SYN4	INS	-
contig_1	3806894	3806894	A	AG	contig_1	3671910	3671911	INS422	SYN4	INS	-
contig_1	3809682	3809683	CT	C	contig_1	3674699	3674699	DEL423	SYN4	DEL	-
contig_1	3809697	3809697	T	C	contig_1	3674713	3674713	SNP424	SYN4	SNP	-
contig_1	3817653	3817653	G	GA	contig_1	3682669	3682670	INS425	SYN4	INS	-
contig_1	3823944	3823944	G	A	contig_1	3688961	3688961	SNP426	SYN4	SNP	-
contig_1	3828025	3828025	C	CA	contig_1	3693042	3693043	INS427	SYN4	INS	-
contig_1	3828664	3828664	A	AG	contig_1	3693682	3693683	INS428	SYN4	INS	-
contig_1	3829700	3829701	TC	T	contig_1	3694719	3694719	DEL429	SYN4	DEL	-
contig_1	3830909	3830910	TC	T	contig_1	3695927	3695927	DEL430	SYN4	DEL	-
contig_1	3831025	3831025	G	A	contig_1	3696042	3696042	SNP431	SYN4	SNP	-
contig_1	3831182	3831183	AT	A	contig_1	3696199	3696199	DEL432	SYN4	DEL	-
contig_1	3831622	3831622	A	AG	contig_1	3696638	3696639	INS433	SYN4	INS	-
contig_1	3831932	3831932	C	CT	contig_1	3696949	3696950	INS434	SYN4	INS	-
contig_1	3832052	3832053	GA	G	contig_1	3697070	3697070	DEL435	SYN4	DEL	-
contig_1	3832355	3832356	CT	C	contig_1	3697372	3697372	DEL436	SYN4	DEL	-
contig_1	3832621	3832621	G	GT	contig_1	3697637	3697638	INS437	SYN4	INS	-
contig_1	3834616	3834616	C	CT	contig_1	3699633	3699634	INS438	SYN4	INS	-
contig_1	3835013	3835013	G	GA	contig_1	3700031	3700032	INS439	SYN4	INS	-
contig_1	3835212	3835212	T	TC	contig_1	3700231	3700232	INS440	SYN4	INS	-
contig_1	3835928	3835930	TCC	T	contig_1	3700948	3700948	DEL441	SYN4	DEL	-
contig_1	3835932	3835932	A	G	contig_1	3700950	3700950	SNP442	SYN4	SNP	-
contig_1	3835933	3835933	G	A	contig_1	3700951	3700951	SNP443	SYN4	SNP	-
contig_1	3836279	3836279	G	GA	contig_1	3701297	3701298	INS444	SYN4	INS	-
contig_1	3836848	3836848	T	TA	contig_1	3701867	3701868	INS445	SYN4	INS	-
contig_1	3837263	3837263	C	CT	contig_1	3702283	3702284	INS446	SYN4	INS	-
contig_1	3841947	3841947	A	AG	contig_1	3706968	3706969	INS447	SYN4	INS	-
contig_1	3843226	3843227	GT	G	contig_1	3708248	3708248	DEL448	SYN4	DEL	-
contig_1	3844663	3844663	G	GA	contig_1	3709684	3709685	INS449	SYN4	INS	-
contig_1	3851244	3851244	T	TC	contig_1	3716266	3716267	INS450	SYN4	INS	-
contig_1	3865234	3865234	T	C	contig_1	3730257	3730257	SNP451	SYN4	SNP	-
contig_1	3878242	3878242	A	AT	contig_1	3743265	3743266	INS452	SYN4	INS	-
contig_1	3883187	3883187	T	TA	contig_1	3748211	3748212	INS453	SYN4	INS	-
contig_1	3895715	3895716	TC	T	contig_1	3760740	3760740	DEL454	SYN4	DEL	-
contig_1	3905673	3905674	AT	A	contig_1	3770697	3770697	DEL455	SYN4	DEL	-
contig_1	3935762	3935762	C	CA	contig_1	3800785	3800786	INS456	SYN4	INS	-
contig_1	3938657	3938658	AG	A	contig_1	3803681	3803681	DEL457	SYN4	DEL	-
contig_1	3945573	3945574	AG	A	contig_1	3810596	3810596	DEL458	SYN4	DEL	-
contig_1	3945993	3945993	A	G	contig_1	3811015	3811015	SNP459	SYN4	SNP	-
