contig_1	1	1	-	-	-	-	-	NOTAL1	-	NOTAL	-
contig_1	2	1181644	-	-	contig_1	1	1176238	SYN1	-	SYN	-
contig_1	2	548975	-	-	contig_1	1	548970	SYNAL1	SYN1	SYNAL	-
contig_1	5433	5434	AG	A	contig_1	5432	5432	DEL7	SYN1	DEL	-
contig_1	21316	21317	AT	A	contig_1	21314	21314	DEL8	SYN1	DEL	-
contig_1	24725	24726	GT	G	contig_1	24722	24722	DEL9	SYN1	DEL	-
contig_1	56933	56933	T	TC	contig_1	56929	56930	INS10	SYN1	INS	-
contig_1	134490	134491	GT	G	contig_1	134487	134487	DEL11	SYN1	DEL	-
contig_1	134526	134526	G	GT	contig_1	134522	134523	INS12	SYN1	INS	-
contig_1	144736	144737	AG	A	contig_1	144733	144733	DEL13	SYN1	DEL	-
contig_1	170147	170147	G	A	contig_1	170143	170143	SNP14	SYN1	SNP	-
contig_1	173691	173691	C	T	contig_1	173687	173687	SNP15	SYN1	SNP	-
contig_1	196613	196613	T	TG	contig_1	196609	196610	INS16	SYN1	INS	-
contig_1	206698	206699	CT	C	contig_1	206695	206695	DEL17	SYN1	DEL	-
contig_1	232530	232530	C	CA	contig_1	232526	232527	INS18	SYN1	INS	-
contig_1	241575	241575	A	AG	contig_1	241572	241573	INS19	SYN1	INS	-
contig_1	262425	262425	T	C	contig_1	262423	262423	SNP20	SYN1	SNP	-
contig_1	262426	262426	C	T	contig_1	262424	262424	SNP21	SYN1	SNP	-
contig_1	274850	274851	CT	C	contig_1	274848	274848	DEL22	SYN1	DEL	-
contig_1	281790	281791	TC	T	contig_1	281787	281787	DEL23	SYN1	DEL	-
contig_1	295165	295166	TA	T	contig_1	295161	295161	DEL24	SYN1	DEL	-
contig_1	302106	302106	G	GA	contig_1	302101	302102	INS25	SYN1	INS	-
contig_1	305446	305446	A	G	contig_1	305442	305442	SNP26	SYN1	SNP	-
contig_1	306203	306204	CT	C	contig_1	306199	306199	DEL27	SYN1	DEL	-
contig_1	310161	310162	GA	G	contig_1	310156	310156	DEL28	SYN1	DEL	-
contig_1	316783	316783	G	GA	contig_1	316777	316778	INS29	SYN1	INS	-
contig_1	318568	318568	C	CG	contig_1	318563	318564	INS30	SYN1	INS	-
contig_1	320756	320757	CT	C	contig_1	320752	320752	DEL31	SYN1	DEL	-
contig_1	324462	324463	AG	A	contig_1	324457	324457	DEL32	SYN1	DEL	-
contig_1	325386	325386	A	G	contig_1	325380	325380	SNP33	SYN1	SNP	-
contig_1	325735	325736	TC	T	contig_1	325729	325729	DEL34	SYN1	DEL	-
contig_1	326482	326483	TC	T	contig_1	326475	326475	DEL35	SYN1	DEL	-
contig_1	326545	326546	GA	G	contig_1	326537	326537	DEL36	SYN1	DEL	-
contig_1	327140	327140	C	CG	contig_1	327131	327132	INS37	SYN1	INS	-
contig_1	337015	337016	GT	G	contig_1	337007	337007	DEL38	SYN1	DEL	-
contig_1	352911	352911	G	A	contig_1	352902	352902	SNP39	SYN1	SNP	-
contig_1	357176	357176	A	AAG	contig_1	357167	357169	INS40	SYN1	INS	-
contig_1	357500	357500	A	G	contig_1	357493	357493	SNP41	SYN1	SNP	-
contig_1	357502	357502	A	AG	contig_1	357495	357496	INS42	SYN1	INS	-
contig_1	367352	367352	T	TG	contig_1	367346	367347	INS43	SYN1	INS	-
contig_1	389199	389200	GC	G	contig_1	389194	389194	DEL44	SYN1	DEL	-
contig_1	400183	400184	CG	C	contig_1	400177	400177	DEL45	SYN1	DEL	-
contig_1	404214	404214	A	AT	contig_1	404207	404208	INS46	SYN1	INS	-
contig_1	404655	404655	G	GA	contig_1	404649	404650	INS47	SYN1	INS	-
contig_1	404777	404777	G	GC	contig_1	404772	404773	INS48	SYN1	INS	-
contig_1	404813	404814	CG	C	contig_1	404809	404809	DEL49	SYN1	DEL	-
contig_1	406260	406260	G	GA	contig_1	406255	406256	INS50	SYN1	INS	-
contig_1	407421	407422	CA	C	contig_1	407417	407417	DEL51	SYN1	DEL	-
contig_1	407424	407424	T	C	contig_1	407419	407419	SNP52	SYN1	SNP	-
contig_1	407425	407425	T	C	contig_1	407420	407420	SNP53	SYN1	SNP	-
contig_1	408646	408646	C	CG	contig_1	408641	408642	INS54	SYN1	INS	-
contig_1	408692	408692	A	G	contig_1	408688	408688	SNP55	SYN1	SNP	-
contig_1	411019	411019	C	CT	contig_1	411015	411016	INS56	SYN1	INS	-
contig_1	411244	411244	T	TG	contig_1	411241	411242	INS57	SYN1	INS	-
contig_1	412734	412735	CT	C	contig_1	412732	412732	DEL58	SYN1	DEL	-
contig_1	435582	435583	GA	G	contig_1	435579	435579	DEL59	SYN1	DEL	-
contig_1	444710	444710	T	C	contig_1	444706	444706	SNP60	SYN1	SNP	-
contig_1	444711	444711	C	T	contig_1	444707	444707	SNP61	SYN1	SNP	-
contig_1	457898	457898	G	GT	contig_1	457894	457895	INS62	SYN1	INS	-
contig_1	466408	466408	T	TG	contig_1	466405	466406	INS63	SYN1	INS	-
contig_1	469208	469209	TG	T	contig_1	469206	469206	DEL64	SYN1	DEL	-
contig_1	476917	476918	TA	T	contig_1	476914	476914	DEL65	SYN1	DEL	-
contig_1	518270	518270	G	GA	contig_1	518266	518267	INS66	SYN1	INS	-
contig_1	522294	522295	CG	C	contig_1	522291	522291	DEL67	SYN1	DEL	-
contig_1	522502	522502	T	TA	contig_1	522498	522499	INS68	SYN1	INS	-
contig_1	533545	533546	CG	C	contig_1	533542	533542	DEL69	SYN1	DEL	-
contig_1	548415	548416	AC	A	contig_1	548411	548411	DEL70	SYN1	DEL	-
contig_1	548975	554385	-	-	contig_1	548970	548970	DEL1	SYN1	DEL	-
contig_1	554386	1181644	-	-	contig_1	548971	1176238	SYNAL2	SYN1	SYNAL	-
contig_1	571297	571297	T	TC	contig_1	565882	565883	INS71	SYN1	INS	-
contig_1	585682	585682	A	AG	contig_1	580268	580269	INS72	SYN1	INS	-
contig_1	585802	585803	AG	A	contig_1	580389	580389	DEL73	SYN1	DEL	-
contig_1	585917	585918	AG	A	contig_1	580503	580503	DEL74	SYN1	DEL	-
contig_1	610024	610024	A	AG	contig_1	604609	604610	INS75	SYN1	INS	-
contig_1	617327	617327	G	GA	contig_1	611913	611914	INS76	SYN1	INS	-
contig_1	644484	644484	A	G	contig_1	639071	639071	SNP77	SYN1	SNP	-
contig_1	655938	655938	C	CT	contig_1	650525	650526	INS78	SYN1	INS	-
contig_1	658286	658286	C	CT	contig_1	652874	652875	INS79	SYN1	INS	-
contig_1	675235	675236	TC	T	contig_1	669824	669824	DEL80	SYN1	DEL	-
contig_1	700396	700397	AG	A	contig_1	694984	694984	DEL81	SYN1	DEL	-
contig_1	700684	700684	C	CT	contig_1	695271	695272	INS82	SYN1	INS	-
contig_1	705274	705274	C	CGCGTTTTT	contig_1	699862	699870	INS83	SYN1	INS	-
contig_1	708824	708824	A	AC	contig_1	703420	703421	INS84	SYN1	INS	-
contig_1	717932	717933	GC	G	contig_1	712529	712529	DEL85	SYN1	DEL	-
contig_1	770543	770543	A	G	contig_1	765139	765139	SNP86	SYN1	SNP	-
contig_1	770544	770544	A	T	contig_1	765140	765140	SNP87	SYN1	SNP	-
contig_1	771223	771224	CT	C	contig_1	765819	765819	DEL88	SYN1	DEL	-
contig_1	776922	776923	AC	A	contig_1	771517	771517	DEL89	SYN1	DEL	-
contig_1	780610	780611	TC	T	contig_1	775204	775204	DEL90	SYN1	DEL	-
contig_1	780652	780653	CA	C	contig_1	775245	775245	DEL91	SYN1	DEL	-
contig_1	783659	783659	C	T	contig_1	778251	778251	SNP92	SYN1	SNP	-
contig_1	784294	784294	T	C	contig_1	778886	778886	SNP93	SYN1	SNP	-
contig_1	789408	789408	G	GA	contig_1	784000	784001	INS94	SYN1	INS	-
contig_1	822959	822960	CG	C	contig_1	817552	817552	DEL95	SYN1	DEL	-
contig_1	833107	833108	TA	T	contig_1	827699	827699	DEL96	SYN1	DEL	-
contig_1	834585	834586	AG	A	contig_1	829176	829176	DEL97	SYN1	DEL	-
contig_1	843706	843707	GA	G	contig_1	838296	838296	DEL98	SYN1	DEL	-
contig_1	846092	846092	A	AC	contig_1	840681	840682	INS99	SYN1	INS	-
contig_1	847437	847438	TC	T	contig_1	842027	842027	DEL100	SYN1	DEL	-
contig_1	847717	847717	T	TC	contig_1	842306	842307	INS101	SYN1	INS	-
contig_1	848117	848118	CA	C	contig_1	842707	842707	DEL102	SYN1	DEL	-
contig_1	848487	848488	TG	T	contig_1	843076	843076	DEL103	SYN1	DEL	-
contig_1	848624	848625	CA	C	contig_1	843212	843212	DEL104	SYN1	DEL	-
contig_1	857775	857775	G	GA	contig_1	852362	852363	INS105	SYN1	INS	-
contig_1	881707	881707	G	GA	contig_1	876295	876296	INS106	SYN1	INS	-
contig_1	884137	884138	TC	T	contig_1	878726	878726	DEL107	SYN1	DEL	-
contig_1	888120	888120	A	G	contig_1	882708	882708	SNP108	SYN1	SNP	-
contig_1	901957	901958	GA	G	contig_1	896545	896545	DEL109	SYN1	DEL	-
contig_1	932513	932513	G	GA	contig_1	927100	927101	INS110	SYN1	INS	-
contig_1	940663	940663	G	GA	contig_1	935251	935252	INS111	SYN1	INS	-
contig_1	959552	959553	AT	A	contig_1	954141	954141	DEL112	SYN1	DEL	-
contig_1	963640	963640	G	GC	contig_1	958228	958229	INS113	SYN1	INS	-
contig_1	995630	995631	TA	T	contig_1	990219	990219	DEL114	SYN1	DEL	-
contig_1	999162	999163	CT	C	contig_1	993750	993750	DEL115	SYN1	DEL	-
contig_1	1020555	1020555	C	T	contig_1	1015142	1015142	SNP116	SYN1	SNP	-
contig_1	1022405	1022405	C	CA	contig_1	1016992	1016993	INS117	SYN1	INS	-
contig_1	1031608	1031608	T	C	contig_1	1026196	1026196	SNP118	SYN1	SNP	-
contig_1	1035453	1035454	AG	A	contig_1	1030041	1030041	DEL119	SYN1	DEL	-
contig_1	1036169	1036169	C	CA	contig_1	1030756	1030757	INS120	SYN1	INS	-
contig_1	1058350	1058350	A	AGGCATTATG	contig_1	1052938	1052947	INS121	SYN1	INS	-
contig_1	1066897	1066898	CT	C	contig_1	1061494	1061494	DEL122	SYN1	DEL	-
contig_1	1069073	1069073	A	AG	contig_1	1063669	1063670	INS123	SYN1	INS	-
contig_1	1133596	1133597	CT	C	contig_1	1128193	1128193	DEL124	SYN1	DEL	-
contig_1	1148153	1148154	AG	A	contig_1	1142749	1142749	DEL125	SYN1	DEL	-
contig_1	1152343	1152344	GT	G	contig_1	1146938	1146938	DEL126	SYN1	DEL	-
contig_1	1181643	1194707	-	-	contig_1	1359696	1372761	TRANS8	-	TRANS	-
contig_1	1181643	1194707	-	-	contig_1	1359696	1372761	TRANSAL13	TRANS8	TRANSAL	-
contig_1	1182903	1182904	CT	C	contig_1	1360956	1360956	DEL127	TRANS8	DEL	-
contig_1	1188696	1188696	G	A	contig_1	1366748	1366748	SNP128	TRANS8	SNP	-
contig_1	1192726	1192726	T	TC	contig_1	1370778	1370779	INS129	TRANS8	INS	-
contig_1	1194603	1194603	T	TC	contig_1	1372656	1372657	INS130	TRANS8	INS	-
contig_1	1194698	1378150	-	-	contig_1	1176248	1359697	INV5	-	INV	-
contig_1	1194698	1378150	-	-	contig_1	1359697	1176248	INVAL10	INV5	INVAL	-
contig_1	1196362	1196363	CA	C	contig_1	1358033	1358033	DEL131	INV5	DEL	-
contig_1	1197727	1197727	G	GC	contig_1	1356668	1356669	INS132	INV5	INS	-
contig_1	1210097	1210098	GA	G	contig_1	1344298	1344298	DEL133	INV5	DEL	-
contig_1	1227113	1227114	GA	G	contig_1	1327283	1327283	DEL134	INV5	DEL	-
contig_1	1249429	1249429	G	GT	contig_1	1304967	1304968	INS135	INV5	INS	-
contig_1	1258540	1258540	C	CT	contig_1	1295855	1295856	INS136	INV5	INS	-
contig_1	1267278	1267278	A	G	contig_1	1287117	1287117	SNP137	INV5	SNP	-
contig_1	1276308	1276308	A	AG	contig_1	1278086	1278087	INS138	INV5	INS	-
contig_1	1276860	1276861	GT	G	contig_1	1277534	1277534	DEL139	INV5	DEL	-
contig_1	1280921	1280921	C	CG	contig_1	1273473	1273474	INS140	INV5	INS	-
contig_1	1292186	1292187	CT	C	contig_1	1262208	1262208	DEL141	INV5	DEL	-
contig_1	1301930	1301930	A	G	contig_1	1252465	1252465	SNP142	INV5	SNP	-
contig_1	1302914	1302914	G	GT	contig_1	1251480	1251481	INS143	INV5	INS	-
contig_1	1313348	1313350	GGA	G	contig_1	1241046	1241046	DEL144	INV5	DEL	-
contig_1	1329554	1329554	G	GA	contig_1	1224841	1224842	INS145	INV5	INS	-
contig_1	1342541	1342542	CT	C	contig_1	1211854	1211854	DEL146	INV5	DEL	-
contig_1	1351504	1351505	TC	T	contig_1	1202892	1202892	DEL147	INV5	DEL	-
contig_1	1368725	1368726	AT	A	contig_1	1185672	1185672	DEL148	INV5	DEL	-
contig_1	1378142	2191251	-	-	contig_1	1372761	2095418	SYN2	-	SYN	-
contig_1	1378142	1656407	-	-	contig_1	1372761	1651010	SYNAL3	SYN2	SYNAL	-
contig_1	1391555	1391556	TC	T	contig_1	1386174	1386174	DEL149	SYN2	DEL	-
contig_1	1398006	1398006	C	T	contig_1	1392624	1392624	SNP150	SYN2	SNP	-
contig_1	1400769	1400769	C	CG	contig_1	1395387	1395388	INS151	SYN2	INS	-
contig_1	1403256	1403256	A	G	contig_1	1397875	1397875	SNP152	SYN2	SNP	-
contig_1	1405623	1405625	TCC	T	contig_1	1400242	1400242	DEL153	SYN2	DEL	-
contig_1	1412075	1412075	T	TA	contig_1	1406692	1406693	INS154	SYN2	INS	-
contig_1	1413344	1413344	C	CG	contig_1	1407962	1407963	INS155	SYN2	INS	-
contig_1	1418725	1418726	TC	T	contig_1	1413344	1413344	DEL156	SYN2	DEL	-
contig_1	1420545	1420546	GT	G	contig_1	1415163	1415163	DEL157	SYN2	DEL	-
contig_1	1432983	1432983	C	T	contig_1	1427600	1427600	SNP158	SYN2	SNP	-
contig_1	1432984	1432984	T	C	contig_1	1427601	1427601	SNP159	SYN2	SNP	-
contig_1	1435473	1435474	TG	T	contig_1	1430090	1430090	DEL160	SYN2	DEL	-
contig_1	1437289	1437290	CG	C	contig_1	1431905	1431905	DEL161	SYN2	DEL	-
contig_1	1438661	1438661	T	TC	contig_1	1433276	1433277	INS162	SYN2	INS	-
contig_1	1442163	1442163	C	T	contig_1	1436779	1436779	SNP163	SYN2	SNP	-
contig_1	1442617	1442618	GT	G	contig_1	1437233	1437233	DEL164	SYN2	DEL	-
contig_1	1446098	1446099	TA	T	contig_1	1440713	1440713	DEL165	SYN2	DEL	-
contig_1	1449083	1449084	GA	G	contig_1	1443697	1443697	DEL166	SYN2	DEL	-
contig_1	1449396	1449397	CT	C	contig_1	1444009	1444009	DEL167	SYN2	DEL	-
contig_1	1452713	1452713	G	GT	contig_1	1447325	1447326	INS168	SYN2	INS	-
contig_1	1452771	1452772	CT	C	contig_1	1447384	1447384	DEL169	SYN2	DEL	-
contig_1	1452953	1452953	G	A	contig_1	1447565	1447565	SNP170	SYN2	SNP	-
contig_1	1457489	1457490	CA	C	contig_1	1452101	1452101	DEL171	SYN2	DEL	-
contig_1	1480959	1480960	CA	C	contig_1	1475570	1475570	DEL172	SYN2	DEL	-
contig_1	1486304	1486305	TG	T	contig_1	1480914	1480914	DEL173	SYN2	DEL	-
contig_1	1488635	1488636	CG	C	contig_1	1483244	1483244	DEL174	SYN2	DEL	-
contig_1	1492201	1492202	GC	G	contig_1	1486809	1486809	DEL175	SYN2	DEL	-
contig_1	1495261	1495262	AG	A	contig_1	1489868	1489868	DEL176	SYN2	DEL	-
contig_1	1499381	1499381	G	GA	contig_1	1493987	1493988	INS177	SYN2	INS	-
contig_1	1500377	1500377	T	TA	contig_1	1494984	1494985	INS178	SYN2	INS	-
contig_1	1502014	1502014	G	GT	contig_1	1496622	1496623	INS179	SYN2	INS	-
contig_1	1504342	1504342	T	C	contig_1	1498951	1498951	SNP180	SYN2	SNP	-
contig_1	1508107	1508108	AG	A	contig_1	1502716	1502716	DEL181	SYN2	DEL	-
contig_1	1523758	1523758	A	AG	contig_1	1518366	1518367	INS182	SYN2	INS	-
contig_1	1527607	1527607	G	GC	contig_1	1522216	1522217	INS183	SYN2	INS	-
contig_1	1529475	1529475	A	AG	contig_1	1524085	1524086	INS184	SYN2	INS	-
contig_1	1531962	1531962	A	G	contig_1	1526573	1526573	SNP185	SYN2	SNP	-
contig_1	1535212	1535212	G	GA	contig_1	1529823	1529824	INS186	SYN2	INS	-
contig_1	1538225	1538226	CA	C	contig_1	1532837	1532837	DEL187	SYN2	DEL	-
contig_1	1556747	1556748	CT	C	contig_1	1551358	1551358	DEL188	SYN2	DEL	-
contig_1	1562142	1562142	A	AG	contig_1	1556752	1556753	INS189	SYN2	INS	-
contig_1	1562322	1562323	AG	A	contig_1	1556933	1556933	DEL190	SYN2	DEL	-
contig_1	1562535	1562536	CT	C	contig_1	1557145	1557145	DEL191	SYN2	DEL	-
contig_1	1567030	1567031	TA	T	contig_1	1561639	1561639	DEL192	SYN2	DEL	-
contig_1	1567493	1567493	C	CA	contig_1	1562101	1562102	INS193	SYN2	INS	-
contig_1	1568550	1568550	G	GA	contig_1	1563159	1563160	INS194	SYN2	INS	-
contig_1	1570243	1570244	AG	A	contig_1	1564853	1564853	DEL195	SYN2	DEL	-
contig_1	1573463	1573464	TA	T	contig_1	1568072	1568072	DEL196	SYN2	DEL	-
contig_1	1576954	1576955	TG	T	contig_1	1571562	1571562	DEL197	SYN2	DEL	-
contig_1	1580091	1580091	T	TA	contig_1	1574698	1574699	INS198	SYN2	INS	-
contig_1	1580175	1580175	A	AG	contig_1	1574783	1574784	INS199	SYN2	INS	-
contig_1	1580280	1580280	A	AG	contig_1	1574889	1574890	INS200	SYN2	INS	-
contig_1	1580295	1580296	AG	A	contig_1	1574905	1574905	DEL201	SYN2	DEL	-
contig_1	1580315	1580315	A	AG	contig_1	1574924	1574925	INS202	SYN2	INS	-
contig_1	1601516	1601517	GA	G	contig_1	1596126	1596126	DEL203	SYN2	DEL	-
contig_1	1606340	1606341	CT	C	contig_1	1600949	1600949	DEL204	SYN2	DEL	-
contig_1	1608236	1608237	GA	G	contig_1	1602844	1602844	DEL205	SYN2	DEL	-
contig_1	1614878	1614879	AT	A	contig_1	1609485	1609485	DEL206	SYN2	DEL	-
contig_1	1623131	1623131	A	AT	contig_1	1617737	1617738	INS207	SYN2	INS	-
contig_1	1625105	1625106	AG	A	contig_1	1619712	1619712	DEL208	SYN2	DEL	-
contig_1	1632607	1632607	T	C	contig_1	1627213	1627213	SNP209	SYN2	SNP	-
contig_1	1632779	1632780	AG	A	contig_1	1627385	1627385	DEL210	SYN2	DEL	-
contig_1	1633852	1633853	CG	C	contig_1	1628457	1628457	DEL211	SYN2	DEL	-
contig_1	1652943	1652944	CT	C	contig_1	1647547	1647547	DEL212	SYN2	DEL	-
contig_1	1656407	1657802	-	-	contig_1	1651010	1651010	DEL2	SYN2	DEL	-
contig_1	1657803	1815841	-	-	contig_1	1651010	1808461	SYNAL4	SYN2	SYNAL	-
contig_1	1664503	1664504	AT	A	contig_1	1657710	1657710	DEL213	SYN2	DEL	-
contig_1	1665974	1665974	G	A	contig_1	1659180	1659180	SNP214	SYN2	SNP	-
contig_1	1667259	1667259	T	TC	contig_1	1660465	1660466	INS215	SYN2	INS	-
contig_1	1672512	1672512	C	CT	contig_1	1665719	1665720	INS216	SYN2	INS	-
contig_1	1677875	1677876	CT	C	contig_1	1671083	1671083	DEL217	SYN2	DEL	-
contig_1	1680356	1680356	A	AC	contig_1	1673563	1673564	INS218	SYN2	INS	-
contig_1	1681023	1681024	TC	T	contig_1	1674231	1674231	DEL219	SYN2	DEL	-
contig_1	1682998	1682999	AG	A	contig_1	1676205	1676205	DEL220	SYN2	DEL	-
contig_1	1700406	1700407	GC	G	contig_1	1693612	1693612	DEL221	SYN2	DEL	-
contig_1	1721639	1721640	GT	G	contig_1	1714844	1714844	DEL222	SYN2	DEL	-
contig_1	1723572	1723572	C	CCATAAAGCG	contig_1	1716776	1716785	INS223	SYN2	INS	-
contig_1	1746981	1746981	G	A	contig_1	1740194	1740194	SNP224	SYN2	SNP	-
contig_1	1752190	1752190	T	TGCCAGCGGG	contig_1	1745403	1745412	INS225	SYN2	INS	-
contig_1	1763902	1763903	GA	G	contig_1	1757124	1757124	DEL226	SYN2	DEL	-
contig_1	1768871	1769466	-	-	contig_1	1762092	1762092	DEL227	SYN2	DEL	-
contig_1	1769892	1769893	CT	C	contig_1	1762518	1762518	DEL228	SYN2	DEL	-
contig_1	1787636	1787637	CT	C	contig_1	1780261	1780261	DEL229	SYN2	DEL	-
contig_1	1788443	1788443	C	CT	contig_1	1781067	1781068	INS230	SYN2	INS	-
contig_1	1794293	1794295	AAG	A	contig_1	1786918	1786918	DEL231	SYN2	DEL	-
contig_1	1796008	1796010	GTT	G	contig_1	1788631	1788631	DEL232	SYN2	DEL	-
contig_1	1810053	1810054	AT	A	contig_1	1802674	1802674	DEL233	SYN2	DEL	-
contig_1	1815841	1904307	-	-	contig_1	1808461	1808461	DEL3	SYN2	DEL	-
contig_1	1904308	2191251	-	-	contig_1	1808462	2095418	SYNAL5	SYN2	SYNAL	-
contig_1	1905529	1905530	CT	C	contig_1	1809683	1809683	DEL234	SYN2	DEL	-
contig_1	1909001	1909001	T	TG	contig_1	1813154	1813155	INS235	SYN2	INS	-
contig_1	1915044	1915045	AT	A	contig_1	1819198	1819198	DEL236	SYN2	DEL	-
contig_1	1917249	1917249	G	GT	contig_1	1821402	1821403	INS237	SYN2	INS	-
contig_1	1922243	1922244	AG	A	contig_1	1826397	1826397	DEL238	SYN2	DEL	-
contig_1	1922695	1922696	GC	G	contig_1	1826848	1826848	DEL239	SYN2	DEL	-
contig_1	1927838	1927839	TA	T	contig_1	1831990	1831990	DEL240	SYN2	DEL	-
contig_1	1934346	1934346	T	TCGGATTCAG	contig_1	1838497	1838506	INS241	SYN2	INS	-
contig_1	1941844	1941845	GA	G	contig_1	1846004	1846004	DEL242	SYN2	DEL	-
contig_1	1952670	1952671	AT	A	contig_1	1856829	1856829	DEL243	SYN2	DEL	-
contig_1	1970813	1970814	AT	A	contig_1	1874971	1874971	DEL244	SYN2	DEL	-
contig_1	1973185	1973185	T	TG	contig_1	1877342	1877343	INS245	SYN2	INS	-
contig_1	1973901	1973901	C	CT	contig_1	1878059	1878060	INS246	SYN2	INS	-
contig_1	1997669	1997669	C	CT	contig_1	1901828	1901829	INS247	SYN2	INS	-
contig_1	2003501	2003501	T	TC	contig_1	1907661	1907662	INS248	SYN2	INS	-
contig_1	2012143	2012144	GC	G	contig_1	1916304	1916304	DEL249	SYN2	DEL	-
contig_1	2014470	2014471	GC	G	contig_1	1918630	1918630	DEL250	SYN2	DEL	-
contig_1	2018564	2018565	CG	C	contig_1	1922723	1922723	DEL251	SYN2	DEL	-
contig_1	2021580	2021580	C	CG	contig_1	1925738	1925739	INS252	SYN2	INS	-
contig_1	2032177	2032178	GA	G	contig_1	1936336	1936336	DEL253	SYN2	DEL	-
contig_1	2034012	2034013	GA	G	contig_1	1938170	1938170	DEL254	SYN2	DEL	-
contig_1	2034654	2034654	G	GT	contig_1	1938811	1938812	INS255	SYN2	INS	-
contig_1	2035440	2035440	T	C	contig_1	1939598	1939598	SNP256	SYN2	SNP	-
contig_1	2054603	2054603	G	GA	contig_1	1958761	1958762	INS257	SYN2	INS	-
contig_1	2064558	2064558	C	CT	contig_1	1968717	1968718	INS258	SYN2	INS	-
contig_1	2067592	2067593	GT	G	contig_1	1971752	1971752	DEL259	SYN2	DEL	-
contig_1	2086232	2086233	CT	C	contig_1	1990391	1990391	DEL260	SYN2	DEL	-
contig_1	2094077	2094078	AT	A	contig_1	1998235	1998235	DEL261	SYN2	DEL	-
contig_1	2106689	2106689	G	GATTGATATT	contig_1	2010846	2010855	INS262	SYN2	INS	-
contig_1	2112631	2112632	GC	G	contig_1	2016797	2016797	DEL263	SYN2	DEL	-
contig_1	2115947	2115948	CA	C	contig_1	2020112	2020112	DEL264	SYN2	DEL	-
contig_1	2122172	2122173	TG	T	contig_1	2026336	2026336	DEL265	SYN2	DEL	-
contig_1	2123244	2123245	CA	C	contig_1	2027407	2027407	DEL266	SYN2	DEL	-
contig_1	2123827	2123828	GT	G	contig_1	2027989	2027989	DEL267	SYN2	DEL	-
contig_1	2139129	2139129	C	CT	contig_1	2043290	2043291	INS268	SYN2	INS	-
contig_1	2148887	2148888	CT	C	contig_1	2053049	2053049	DEL269	SYN2	DEL	-
contig_1	2150307	2150307	C	CACGCTTGAT	contig_1	2054468	2054477	INS270	SYN2	INS	-
contig_1	2156481	2156482	AT	A	contig_1	2060651	2060651	DEL271	SYN2	DEL	-
contig_1	2158891	2158892	GT	G	contig_1	2063060	2063060	DEL272	SYN2	DEL	-
contig_1	2159254	2159255	TC	T	contig_1	2063422	2063422	DEL273	SYN2	DEL	-
contig_1	2165009	2165010	CT	C	contig_1	2069176	2069176	DEL274	SYN2	DEL	-
contig_1	2165918	2165919	AG	A	contig_1	2070084	2070084	DEL275	SYN2	DEL	-
contig_1	2171341	2171341	G	GA	contig_1	2075506	2075507	INS276	SYN2	INS	-
contig_1	2172009	2172009	G	GT	contig_1	2076175	2076176	INS277	SYN2	INS	-
contig_1	2179462	2179462	T	TA	contig_1	2083629	2083630	INS278	SYN2	INS	-
contig_1	2179481	2179481	C	T	contig_1	2083649	2083649	SNP279	SYN2	SNP	-
contig_1	2179963	2179964	CT	C	contig_1	2084131	2084131	DEL280	SYN2	DEL	-
contig_1	2181534	2181534	C	T	contig_1	2085701	2085701	SNP281	SYN2	SNP	-
contig_1	2183197	2183198	CT	C	contig_1	2087364	2087364	DEL282	SYN2	DEL	-
contig_1	2187487	2187487	C	CT	contig_1	2091653	2091654	INS283	SYN2	INS	-
contig_1	2191252	2202360	-	-	-	-	-	NOTAL2	-	NOTAL	-
contig_1	2202361	2283209	-	-	contig_1	2095418	2176262	INV6	-	INV	-
contig_1	2202361	2283209	-	-	contig_1	2176262	2095418	INVAL11	INV6	INVAL	-
contig_1	2202934	2202935	CA	C	contig_1	2175689	2175689	DEL284	INV6	DEL	-
contig_1	2226492	2226492	G	GC	contig_1	2152131	2152132	INS285	INV6	INS	-
contig_1	2228164	2228164	T	TC	contig_1	2150458	2150459	INS286	INV6	INS	-
contig_1	2229178	2229179	GA	G	contig_1	2149444	2149444	DEL287	INV6	DEL	-
contig_1	2230325	2230325	C	CA	contig_1	2148297	2148298	INS288	INV6	INS	-
contig_1	2230516	2230517	AG	A	contig_1	2148106	2148106	DEL289	INV6	DEL	-
contig_1	2245303	2245303	T	TC	contig_1	2133319	2133320	INS290	INV6	INS	-
contig_1	2249382	2249382	C	CT	contig_1	2129239	2129240	INS291	INV6	INS	-
contig_1	2252190	2252190	T	TC	contig_1	2126430	2126431	INS292	INV6	INS	-
contig_1	2253930	2253931	GA	G	contig_1	2124690	2124690	DEL293	INV6	DEL	-
contig_1	2272733	2272734	GC	G	contig_1	2105888	2105888	DEL294	INV6	DEL	-
contig_1	2272939	2272940	AT	A	contig_1	2105683	2105683	DEL295	INV6	DEL	-
contig_1	2273364	2273365	TA	T	contig_1	2105259	2105259	DEL296	INV6	DEL	-
contig_1	2274213	2274214	CG	C	contig_1	2104411	2104411	DEL297	INV6	DEL	-
contig_1	2274601	2274602	TA	T	contig_1	2104024	2104024	DEL298	INV6	DEL	-
contig_1	2281112	2281113	AG	A	contig_1	2097514	2097514	DEL299	INV6	DEL	-
contig_1	2282476	2282476	G	A	contig_1	2096151	2096151	SNP300	INV6	SNP	-
contig_1	2283210	2291514	-	-	-	-	-	NOTAL3	-	NOTAL	-
contig_1	2291515	3026546	-	-	contig_1	2176262	2900998	SYN3	-	SYN	-
contig_1	2291515	2374568	-	-	contig_1	2176262	2259311	SYNAL6	SYN3	SYNAL	-
contig_1	2294634	2294635	GA	G	contig_1	2179381	2179381	DEL301	SYN3	DEL	-
contig_1	2296990	2296991	GA	G	contig_1	2181736	2181736	DEL302	SYN3	DEL	-
contig_1	2299006	2299007	GT	G	contig_1	2183751	2183751	DEL303	SYN3	DEL	-
contig_1	2301086	2301087	AT	A	contig_1	2185830	2185830	DEL304	SYN3	DEL	-
contig_1	2301271	2301271	T	TC	contig_1	2186014	2186015	INS305	SYN3	INS	-
contig_1	2305081	2305082	CT	C	contig_1	2189825	2189825	DEL306	SYN3	DEL	-
contig_1	2307304	2307305	AT	A	contig_1	2192047	2192047	DEL307	SYN3	DEL	-
contig_1	2307552	2307552	C	CT	contig_1	2192294	2192295	INS308	SYN3	INS	-
contig_1	2310644	2310644	G	GA	contig_1	2195387	2195388	INS309	SYN3	INS	-
contig_1	2310736	2310736	T	C	contig_1	2195480	2195480	SNP310	SYN3	SNP	-
contig_1	2311075	2311075	A	AT	contig_1	2195819	2195820	INS311	SYN3	INS	-
contig_1	2311661	2311661	G	GC	contig_1	2196406	2196407	INS312	SYN3	INS	-
contig_1	2311663	2311663	T	A	contig_1	2196409	2196409	SNP313	SYN3	SNP	-
contig_1	2311666	2311666	C	T	contig_1	2196412	2196412	SNP314	SYN3	SNP	-
contig_1	2315557	2315558	AT	A	contig_1	2200303	2200303	DEL315	SYN3	DEL	-
contig_1	2315785	2315785	C	CA	contig_1	2200530	2200531	INS316	SYN3	INS	-
contig_1	2317650	2317650	T	G	contig_1	2202396	2202396	SNP317	SYN3	SNP	-
contig_1	2322251	2322252	CA	C	contig_1	2206997	2206997	DEL318	SYN3	DEL	-
contig_1	2358076	2358077	TC	T	contig_1	2242821	2242821	DEL319	SYN3	DEL	-
contig_1	2373989	2373990	CG	C	contig_1	2258733	2258733	DEL320	SYN3	DEL	-
contig_1	2374568	2379053	-	-	contig_1	2259311	2259311	DEL4	SYN3	DEL	-
contig_1	2379054	2633391	-	-	contig_1	2259310	2513638	SYNAL7	SYN3	SYNAL	-
contig_1	2384128	2384129	CA	C	contig_1	2264384	2264384	DEL321	SYN3	DEL	-
contig_1	2391959	2391959	T	C	contig_1	2272214	2272214	SNP322	SYN3	SNP	-
contig_1	2392557	2392557	G	GC	contig_1	2272812	2272813	INS323	SYN3	INS	-
contig_1	2394178	2394179	GA	G	contig_1	2274434	2274434	DEL324	SYN3	DEL	-
contig_1	2394615	2394616	TG	T	contig_1	2274870	2274870	DEL325	SYN3	DEL	-
contig_1	2397129	2397129	T	TC	contig_1	2277383	2277384	INS326	SYN3	INS	-
contig_1	2397943	2397944	CT	C	contig_1	2278198	2278198	DEL327	SYN3	DEL	-
contig_1	2401252	2401253	TA	T	contig_1	2281506	2281506	DEL328	SYN3	DEL	-
contig_1	2405011	2405012	CT	C	contig_1	2285264	2285264	DEL329	SYN3	DEL	-
contig_1	2445005	2445006	AG	A	contig_1	2325257	2325257	DEL330	SYN3	DEL	-
contig_1	2472276	2472277	CT	C	contig_1	2352527	2352527	DEL331	SYN3	DEL	-
contig_1	2493364	2493365	AT	A	contig_1	2373614	2373614	DEL332	SYN3	DEL	-
contig_1	2512418	2512419	CG	C	contig_1	2392667	2392667	DEL333	SYN3	DEL	-
contig_1	2572340	2572340	A	G	contig_1	2452588	2452588	SNP334	SYN3	SNP	-
contig_1	2588031	2588031	T	TA	contig_1	2468279	2468280	INS335	SYN3	INS	-
contig_1	2588291	2588292	TC	T	contig_1	2468540	2468540	DEL336	SYN3	DEL	-
contig_1	2590369	2590370	TG	T	contig_1	2470617	2470617	DEL337	SYN3	DEL	-
contig_1	2595712	2595713	AG	A	contig_1	2475959	2475959	DEL338	SYN3	DEL	-
contig_1	2596238	2596239	CA	C	contig_1	2476484	2476484	DEL339	SYN3	DEL	-
contig_1	2603382	2603382	A	AG	contig_1	2483627	2483628	INS340	SYN3	INS	-
contig_1	2603862	2603863	GC	G	contig_1	2484108	2484108	DEL341	SYN3	DEL	-
contig_1	2609566	2609566	G	A	contig_1	2489811	2489811	SNP342	SYN3	SNP	-
contig_1	2611392	2611392	T	C	contig_1	2491637	2491637	SNP343	SYN3	SNP	-
contig_1	2611552	2611552	C	CG	contig_1	2491797	2491798	INS344	SYN3	INS	-
contig_1	2614491	2614491	T	C	contig_1	2494737	2494737	SNP345	SYN3	SNP	-
contig_1	2632508	2632508	G	GC	contig_1	2512754	2512755	INS346	SYN3	INS	-
contig_1	2633391	2639187	-	-	contig_1	2513638	2513638	DEL5	SYN3	DEL	-
contig_1	2639188	3026546	-	-	contig_1	2513638	2900998	SYNAL8	SYN3	SYNAL	-
contig_1	2639918	2639918	C	T	contig_1	2514368	2514368	SNP347	SYN3	SNP	-
contig_1	2643517	2643517	G	C	contig_1	2517967	2517967	SNP348	SYN3	SNP	-
contig_1	2645756	2645757	TC	T	contig_1	2520206	2520206	DEL349	SYN3	DEL	-
contig_1	2646560	2646561	GA	G	contig_1	2521009	2521009	DEL350	SYN3	DEL	-
contig_1	2648277	2648277	T	TC	contig_1	2522725	2522726	INS351	SYN3	INS	-
contig_1	2652659	2652659	T	TG	contig_1	2527108	2527109	INS352	SYN3	INS	-
contig_1	2655135	2655136	GA	G	contig_1	2529585	2529585	DEL353	SYN3	DEL	-
contig_1	2656708	2656709	CA	C	contig_1	2531157	2531157	DEL354	SYN3	DEL	-
contig_1	2658130	2658131	AC	A	contig_1	2532578	2532578	DEL355	SYN3	DEL	-
contig_1	2658548	2658549	GC	G	contig_1	2532995	2532995	DEL356	SYN3	DEL	-
contig_1	2687726	2687726	G	GA	contig_1	2562172	2562173	INS357	SYN3	INS	-
contig_1	2694428	2694429	GA	G	contig_1	2568875	2568875	DEL358	SYN3	DEL	-
contig_1	2696362	2696363	CA	C	contig_1	2570808	2570808	DEL359	SYN3	DEL	-
contig_1	2701301	2701302	AT	A	contig_1	2575746	2575746	DEL360	SYN3	DEL	-
contig_1	2708668	2708668	A	G	contig_1	2583112	2583112	SNP361	SYN3	SNP	-
contig_1	2714213	2714214	TC	T	contig_1	2588657	2588657	DEL362	SYN3	DEL	-
contig_1	2719048	2719048	T	TC	contig_1	2593491	2593492	INS363	SYN3	INS	-
contig_1	2727156	2727157	TC	T	contig_1	2601600	2601600	DEL364	SYN3	DEL	-
contig_1	2727543	2727543	T	C	contig_1	2601986	2601986	SNP365	SYN3	SNP	-
contig_1	2727648	2727648	G	GC	contig_1	2602091	2602092	INS366	SYN3	INS	-
contig_1	2733127	2733128	GT	G	contig_1	2607571	2607571	DEL367	SYN3	DEL	-
contig_1	2736457	2736457	C	T	contig_1	2610900	2610900	SNP368	SYN3	SNP	-
contig_1	2744556	2744556	T	TC	contig_1	2618999	2619000	INS369	SYN3	INS	-
contig_1	2745171	2745171	A	AG	contig_1	2619615	2619616	INS370	SYN3	INS	-
contig_1	2749364	2749365	GA	G	contig_1	2623809	2623809	DEL371	SYN3	DEL	-
contig_1	2759921	2759921	T	TC	contig_1	2634365	2634366	INS372	SYN3	INS	-
contig_1	2760142	2760143	GC	G	contig_1	2634587	2634587	DEL373	SYN3	DEL	-
contig_1	2763030	2763031	TG	T	contig_1	2637474	2637474	DEL374	SYN3	DEL	-
contig_1	2770062	2770062	T	C	contig_1	2644505	2644505	SNP375	SYN3	SNP	-
contig_1	2770158	2770158	T	C	contig_1	2644601	2644601	SNP376	SYN3	SNP	-
contig_1	2772745	2772745	T	TC	contig_1	2647188	2647189	INS377	SYN3	INS	-
contig_1	2778329	2778329	C	CA	contig_1	2652773	2652774	INS378	SYN3	INS	-
contig_1	2779027	2779027	C	CA	contig_1	2653472	2653473	INS379	SYN3	INS	-
contig_1	2787251	2787251	T	TTCATCATTA	contig_1	2661697	2661706	INS380	SYN3	INS	-
contig_1	2787554	2787555	CA	C	contig_1	2662009	2662009	DEL381	SYN3	DEL	-
contig_1	2809942	2809943	GT	G	contig_1	2684396	2684396	DEL382	SYN3	DEL	-
contig_1	2853704	2853705	AG	A	contig_1	2728157	2728157	DEL383	SYN3	DEL	-
contig_1	2873571	2873572	CT	C	contig_1	2748023	2748023	DEL384	SYN3	DEL	-
contig_1	2876547	2876547	G	GC	contig_1	2750998	2750999	INS385	SYN3	INS	-
contig_1	2884664	2884665	GC	G	contig_1	2759116	2759116	DEL386	SYN3	DEL	-
contig_1	2888611	2888611	A	AC	contig_1	2763062	2763063	INS387	SYN3	INS	-
contig_1	2892659	2892660	TC	T	contig_1	2767111	2767111	DEL388	SYN3	DEL	-
contig_1	2901117	2901118	AT	A	contig_1	2775568	2775568	DEL389	SYN3	DEL	-
contig_1	2914152	2914152	C	CT	contig_1	2788602	2788603	INS390	SYN3	INS	-
contig_1	2922687	2922687	C	T	contig_1	2797138	2797138	SNP391	SYN3	SNP	-
contig_1	2923555	2923556	CG	C	contig_1	2798006	2798006	DEL392	SYN3	DEL	-
contig_1	2926373	2926374	CT	C	contig_1	2800823	2800823	DEL393	SYN3	DEL	-
contig_1	2945689	2945690	TA	T	contig_1	2820138	2820138	DEL394	SYN3	DEL	-
contig_1	2949494	2949494	G	GA	contig_1	2823942	2823943	INS395	SYN3	INS	-
contig_1	2975158	2975159	GA	G	contig_1	2849607	2849607	DEL396	SYN3	DEL	-
contig_1	2989503	2989503	T	TA	contig_1	2863951	2863952	INS397	SYN3	INS	-
contig_1	2991898	2991899	GA	G	contig_1	2866347	2866347	DEL398	SYN3	DEL	-
contig_1	3000970	3000970	G	GC	contig_1	2875418	2875419	INS399	SYN3	INS	-
contig_1	3020489	3020489	C	CG	contig_1	2894938	2894939	INS400	SYN3	INS	-
contig_1	3023325	3023325	C	CAA	contig_1	2897775	2897777	INS401	SYN3	INS	-
contig_1	3026538	3039318	-	-	contig_1	2900998	2913778	INV7	-	INV	-
contig_1	3026538	3039318	-	-	contig_1	2913778	2900998	INVAL12	INV7	INVAL	-
contig_1	3039319	3057756	-	-	-	-	-	NOTAL4	-	NOTAL	-
contig_1	3057757	3965065	-	-	contig_1	2913779	3820896	SYN4	-	SYN	-
contig_1	3057757	3965065	-	-	contig_1	2913779	3820896	SYNAL9	SYN4	SYNAL	-
contig_1	3062314	3062315	TA	T	contig_1	2918336	2918336	DEL402	SYN4	DEL	-
contig_1	3065919	3065920	CT	C	contig_1	2921940	2921940	DEL403	SYN4	DEL	-
contig_1	3088898	3088899	AT	A	contig_1	2944918	2944918	DEL404	SYN4	DEL	-
contig_1	3096620	3096621	GA	G	contig_1	2952639	2952639	DEL405	SYN4	DEL	-
contig_1	3099127	3099128	GA	G	contig_1	2955145	2955145	DEL406	SYN4	DEL	-
contig_1	3108684	3108685	TA	T	contig_1	2964701	2964701	DEL407	SYN4	DEL	-
contig_1	3112506	3112507	CA	C	contig_1	2968522	2968522	DEL408	SYN4	DEL	-
contig_1	3113290	3113290	A	AT	contig_1	2969305	2969306	INS409	SYN4	INS	-
contig_1	3117478	3117478	C	CT	contig_1	2973494	2973495	INS410	SYN4	INS	-
contig_1	3118645	3118646	CT	C	contig_1	2974662	2974662	DEL411	SYN4	DEL	-
contig_1	3118820	3118821	AG	A	contig_1	2974836	2974836	DEL412	SYN4	DEL	-
contig_1	3119100	3119100	T	C	contig_1	2975115	2975115	SNP413	SYN4	SNP	-
contig_1	3120444	3120445	CG	C	contig_1	2976459	2976459	DEL414	SYN4	DEL	-
contig_1	3123472	3123472	C	CG	contig_1	2979486	2979487	INS415	SYN4	INS	-
contig_1	3134094	3134095	CA	C	contig_1	2990109	2990109	DEL416	SYN4	DEL	-
contig_1	3178593	3178594	CT	C	contig_1	3034607	3034607	DEL417	SYN4	DEL	-
contig_1	3179910	3179910	A	AT	contig_1	3035923	3035924	INS418	SYN4	INS	-
contig_1	3186324	3186324	T	TC	contig_1	3042338	3042339	INS419	SYN4	INS	-
contig_1	3190567	3190567	C	T	contig_1	3046582	3046582	SNP420	SYN4	SNP	-
contig_1	3190598	3190600	ATT	A	contig_1	3046613	3046613	DEL421	SYN4	DEL	-
contig_1	3191788	3191789	TA	T	contig_1	3047801	3047801	DEL422	SYN4	DEL	-
contig_1	3206971	3206971	C	CA	contig_1	3062983	3062984	INS423	SYN4	INS	-
contig_1	3219466	3219467	GC	G	contig_1	3075479	3075479	DEL424	SYN4	DEL	-
contig_1	3221914	3221914	G	GA	contig_1	3077926	3077927	INS425	SYN4	INS	-
contig_1	3231196	3231196	T	TG	contig_1	3087209	3087210	INS426	SYN4	INS	-
contig_1	3236165	3236166	CT	C	contig_1	3092179	3092179	DEL427	SYN4	DEL	-
contig_1	3237587	3237588	AC	A	contig_1	3093600	3093600	DEL428	SYN4	DEL	-
contig_1	3246932	3246933	TA	T	contig_1	3102944	3102944	DEL429	SYN4	DEL	-
contig_1	3256361	3256362	CG	C	contig_1	3112372	3112372	DEL430	SYN4	DEL	-
contig_1	3262289	3262289	T	C	contig_1	3118299	3118299	SNP431	SYN4	SNP	-
contig_1	3280558	3280558	A	AG	contig_1	3136568	3136569	INS432	SYN4	INS	-
contig_1	3281029	3281030	AG	A	contig_1	3137040	3137040	DEL433	SYN4	DEL	-
contig_1	3308271	3308271	C	CCT	contig_1	3164281	3164283	INS434	SYN4	INS	-
contig_1	3318598	3318598	G	GA	contig_1	3174610	3174611	INS435	SYN4	INS	-
contig_1	3324192	3324193	AG	A	contig_1	3180205	3180205	DEL436	SYN4	DEL	-
contig_1	3327062	3327063	TC	T	contig_1	3183074	3183074	DEL437	SYN4	DEL	-
contig_1	3335389	3335389	C	T	contig_1	3191400	3191400	SNP438	SYN4	SNP	-
contig_1	3336463	3336463	C	T	contig_1	3192474	3192474	SNP439	SYN4	SNP	-
contig_1	3339011	3339011	G	GT	contig_1	3195022	3195023	INS440	SYN4	INS	-
contig_1	3339109	3339110	CT	C	contig_1	3195121	3195121	DEL441	SYN4	DEL	-
contig_1	3351217	3351218	GT	G	contig_1	3207228	3207228	DEL442	SYN4	DEL	-
contig_1	3354047	3354047	T	TA	contig_1	3210057	3210058	INS443	SYN4	INS	-
contig_1	3354923	3354924	GA	G	contig_1	3210934	3210934	DEL444	SYN4	DEL	-
contig_1	3355073	3355074	TA	T	contig_1	3211083	3211083	DEL445	SYN4	DEL	-
contig_1	3355876	3355877	CT	C	contig_1	3211885	3211885	DEL446	SYN4	DEL	-
contig_1	3356246	3356246	C	T	contig_1	3212254	3212254	SNP447	SYN4	SNP	-
contig_1	3356308	3356308	T	TC	contig_1	3212316	3212317	INS448	SYN4	INS	-
contig_1	3356372	3356372	T	TC	contig_1	3212381	3212382	INS449	SYN4	INS	-
contig_1	3359168	3359168	G	GGC	contig_1	3215178	3215180	INS450	SYN4	INS	-
contig_1	3361430	3361430	C	CG	contig_1	3217442	3217443	INS451	SYN4	INS	-
contig_1	3367487	3367488	GC	G	contig_1	3223500	3223500	DEL452	SYN4	DEL	-
contig_1	3368362	3368363	AT	A	contig_1	3224374	3224374	DEL453	SYN4	DEL	-
contig_1	3368766	3368766	C	CCA	contig_1	3224777	3224779	INS454	SYN4	INS	-
contig_1	3369037	3369037	G	A	contig_1	3225050	3225050	SNP455	SYN4	SNP	-
contig_1	3369038	3369039	TA	T	contig_1	3225051	3225051	DEL456	SYN4	DEL	-
contig_1	3369040	3369040	C	T	contig_1	3225052	3225052	SNP457	SYN4	SNP	-
contig_1	3370390	3370392	TAC	T	contig_1	3226402	3226402	DEL458	SYN4	DEL	-
contig_1	3370431	3370433	AGG	A	contig_1	3226441	3226441	DEL459	SYN4	DEL	-
contig_1	3370517	3370518	TA	T	contig_1	3226525	3226525	DEL460	SYN4	DEL	-
contig_1	3370566	3370567	TG	T	contig_1	3226573	3226573	DEL461	SYN4	DEL	-
contig_1	3370578	3370579	AT	A	contig_1	3226584	3226584	DEL462	SYN4	DEL	-
contig_1	3371096	3371096	C	T	contig_1	3227101	3227101	SNP463	SYN4	SNP	-
contig_1	3371325	3371325	T	TA	contig_1	3227330	3227331	INS464	SYN4	INS	-
contig_1	3371372	3371372	G	GA	contig_1	3227378	3227379	INS465	SYN4	INS	-
contig_1	3372071	3372072	GT	G	contig_1	3228078	3228078	DEL466	SYN4	DEL	-
contig_1	3372350	3372351	GT	G	contig_1	3228356	3228356	DEL467	SYN4	DEL	-
contig_1	3372986	3372987	GA	G	contig_1	3228991	3228991	DEL468	SYN4	DEL	-
contig_1	3373791	3373791	A	AC	contig_1	3229795	3229796	INS469	SYN4	INS	-
contig_1	3379204	3379204	T	TA	contig_1	3235209	3235210	INS470	SYN4	INS	-
contig_1	3404051	3404051	G	A	contig_1	3260057	3260057	SNP471	SYN4	SNP	-
contig_1	3413950	3413951	AG	A	contig_1	3269956	3269956	DEL472	SYN4	DEL	-
contig_1	3414018	3414018	C	CT	contig_1	3270023	3270024	INS473	SYN4	INS	-
contig_1	3419401	3419402	GA	G	contig_1	3275407	3275407	DEL474	SYN4	DEL	-
contig_1	3420514	3420516	TCC	T	contig_1	3276519	3276519	DEL475	SYN4	DEL	-
contig_1	3421005	3421006	GA	G	contig_1	3277008	3277008	DEL476	SYN4	DEL	-
contig_1	3427287	3427288	GA	G	contig_1	3283289	3283289	DEL477	SYN4	DEL	-
contig_1	3434091	3434092	TC	T	contig_1	3290092	3290092	DEL478	SYN4	DEL	-
contig_1	3436006	3436006	A	AC	contig_1	3292006	3292007	INS479	SYN4	INS	-
contig_1	3448115	3448116	AC	A	contig_1	3304116	3304116	DEL480	SYN4	DEL	-
contig_1	3461310	3461311	GT	G	contig_1	3317310	3317310	DEL481	SYN4	DEL	-
contig_1	3465571	3465571	A	AC	contig_1	3321570	3321571	INS482	SYN4	INS	-
contig_1	3465669	3465670	CA	C	contig_1	3321669	3321669	DEL483	SYN4	DEL	-
contig_1	3465730	3465731	CT	C	contig_1	3321729	3321729	DEL484	SYN4	DEL	-
contig_1	3466192	3466192	C	CT	contig_1	3322190	3322191	INS485	SYN4	INS	-
contig_1	3475934	3475934	G	A	contig_1	3331933	3331933	SNP486	SYN4	SNP	-
contig_1	3477735	3477736	GC	G	contig_1	3333734	3333734	DEL487	SYN4	DEL	-
contig_1	3492808	3492808	G	GA	contig_1	3348806	3348807	INS488	SYN4	INS	-
contig_1	3508436	3508437	AC	A	contig_1	3364435	3364435	DEL489	SYN4	DEL	-
contig_1	3511247	3511248	GC	G	contig_1	3367245	3367245	DEL490	SYN4	DEL	-
contig_1	3518680	3518681	GA	G	contig_1	3374677	3374677	DEL491	SYN4	DEL	-
contig_1	3538839	3538840	GT	G	contig_1	3394835	3394835	DEL492	SYN4	DEL	-
contig_1	3544002	3544003	GA	G	contig_1	3399997	3399997	DEL493	SYN4	DEL	-
contig_1	3561326	3561327	CT	C	contig_1	3417320	3417320	DEL494	SYN4	DEL	-
contig_1	3599314	3599314	C	CG	contig_1	3455307	3455308	INS495	SYN4	INS	-
contig_1	3664723	3664724	GA	G	contig_1	3520717	3520717	DEL496	SYN4	DEL	-
contig_1	3664736	3664737	GT	G	contig_1	3520729	3520729	DEL497	SYN4	DEL	-
contig_1	3673573	3673734	-	-	contig_1	3529565	3529565	DEL498	SYN4	DEL	-
contig_1	3693393	3693394	TA	T	contig_1	3549224	3549224	DEL499	SYN4	DEL	-
contig_1	3699154	3699155	CT	C	contig_1	3554984	3554984	DEL500	SYN4	DEL	-
contig_1	3704883	3704884	CT	C	contig_1	3560712	3560712	DEL501	SYN4	DEL	-
contig_1	3704978	3704979	TA	T	contig_1	3560806	3560806	DEL502	SYN4	DEL	-
contig_1	3716363	3716363	G	GT	contig_1	3572190	3572191	INS503	SYN4	INS	-
contig_1	3737026	3737027	TC	T	contig_1	3592854	3592854	DEL504	SYN4	DEL	-
contig_1	3751591	3751591	C	CG	contig_1	3607418	3607419	INS505	SYN4	INS	-
contig_1	3764317	3764317	C	CT	contig_1	3620145	3620146	INS506	SYN4	INS	-
contig_1	3777247	3777247	T	G	contig_1	3633076	3633076	SNP507	SYN4	SNP	-
contig_1	3778065	3778066	TC	T	contig_1	3633894	3633894	DEL508	SYN4	DEL	-
contig_1	3803053	3803053	G	A	contig_1	3658881	3658881	SNP509	SYN4	SNP	-
contig_1	3804097	3804097	T	TTCTCCAGCC	contig_1	3659925	3659934	INS510	SYN4	INS	-
contig_1	3804224	3804225	TA	T	contig_1	3660061	3660061	DEL511	SYN4	DEL	-
contig_1	3805918	3805918	C	CG	contig_1	3661754	3661755	INS512	SYN4	INS	-
contig_1	3808229	3808230	CA	C	contig_1	3664066	3664066	DEL513	SYN4	DEL	-
contig_1	3818863	3818864	CT	C	contig_1	3674699	3674699	DEL514	SYN4	DEL	-
contig_1	3822816	3822817	CT	C	contig_1	3678651	3678651	DEL515	SYN4	DEL	-
contig_1	3833127	3833127	G	A	contig_1	3688961	3688961	SNP516	SYN4	SNP	-
contig_1	3835114	3835115	AT	A	contig_1	3690948	3690948	DEL517	SYN4	DEL	-
contig_1	3835739	3835739	A	G	contig_1	3691572	3691572	SNP518	SYN4	SNP	-
contig_1	3837209	3837209	C	CA	contig_1	3693042	3693043	INS519	SYN4	INS	-
contig_1	3837848	3837848	A	AG	contig_1	3693682	3693683	INS520	SYN4	INS	-
contig_1	3838748	3838748	G	GT	contig_1	3694583	3694584	INS521	SYN4	INS	-
contig_1	3838883	3838884	TC	T	contig_1	3694719	3694719	DEL522	SYN4	DEL	-
contig_1	3839140	3839141	AC	A	contig_1	3694975	3694975	DEL523	SYN4	DEL	-
contig_1	3839655	3839656	GT	G	contig_1	3695489	3695489	DEL524	SYN4	DEL	-
contig_1	3840094	3840095	TC	T	contig_1	3695927	3695927	DEL525	SYN4	DEL	-
contig_1	3840210	3840210	G	A	contig_1	3696042	3696042	SNP526	SYN4	SNP	-
contig_1	3840303	3840304	AT	A	contig_1	3696135	3696135	DEL527	SYN4	DEL	-
contig_1	3840807	3840807	A	AG	contig_1	3696638	3696639	INS528	SYN4	INS	-
contig_1	3841002	3841003	CT	C	contig_1	3696834	3696834	DEL529	SYN4	DEL	-
contig_1	3841099	3841099	A	AT	contig_1	3696930	3696931	INS530	SYN4	INS	-
contig_1	3841117	3841117	C	CT	contig_1	3696949	3696950	INS531	SYN4	INS	-
contig_1	3841237	3841238	GA	G	contig_1	3697070	3697070	DEL532	SYN4	DEL	-
contig_1	3841540	3841541	CT	C	contig_1	3697372	3697372	DEL533	SYN4	DEL	-
contig_1	3841998	3841998	T	TC	contig_1	3697829	3697830	INS534	SYN4	INS	-
contig_1	3842953	3842954	CT	C	contig_1	3698785	3698785	DEL535	SYN4	DEL	-
contig_1	3843426	3843427	TG	T	contig_1	3699257	3699257	DEL536	SYN4	DEL	-
contig_1	3843768	3843769	CT	C	contig_1	3699598	3699598	DEL537	SYN4	DEL	-
contig_1	3843804	3843804	C	CT	contig_1	3699633	3699634	INS538	SYN4	INS	-
contig_1	3843826	3843827	AC	A	contig_1	3699656	3699656	DEL539	SYN4	DEL	-
contig_1	3844202	3844202	G	GA	contig_1	3700031	3700032	INS540	SYN4	INS	-
contig_1	3844401	3844401	T	TC	contig_1	3700231	3700232	INS541	SYN4	INS	-
contig_1	3844459	3844459	T	TC	contig_1	3700290	3700291	INS542	SYN4	INS	-
contig_1	3845018	3845019	TC	T	contig_1	3700850	3700850	DEL543	SYN4	DEL	-
contig_1	3845184	3845184	C	T	contig_1	3701015	3701015	SNP544	SYN4	SNP	-
contig_1	3845219	3845219	G	A	contig_1	3701050	3701050	SNP545	SYN4	SNP	-
contig_1	3845221	3845221	A	G	contig_1	3701052	3701052	SNP546	SYN4	SNP	-
contig_1	3845222	3845222	G	GA	contig_1	3701053	3701054	INS547	SYN4	INS	-
contig_1	3845465	3845465	G	GA	contig_1	3701297	3701298	INS548	SYN4	INS	-
contig_1	3845493	3845493	C	CT	contig_1	3701326	3701327	INS549	SYN4	INS	-
contig_1	3845739	3845739	G	GA	contig_1	3701573	3701574	INS550	SYN4	INS	-
contig_1	3846032	3846032	T	TA	contig_1	3701867	3701868	INS551	SYN4	INS	-
contig_1	3846131	3846131	T	TC	contig_1	3701967	3701968	INS552	SYN4	INS	-
contig_1	3846346	3846346	C	CA	contig_1	3702183	3702184	INS553	SYN4	INS	-
contig_1	3846390	3846391	TC	T	contig_1	3702228	3702228	DEL554	SYN4	DEL	-
contig_1	3846446	3846446	C	CT	contig_1	3702283	3702284	INS555	SYN4	INS	-
contig_1	3846457	3846459	CCT	C	contig_1	3702295	3702295	DEL556	SYN4	DEL	-
contig_1	3846729	3846729	A	AT	contig_1	3702565	3702566	INS557	SYN4	INS	-
contig_1	3852411	3852412	GT	G	contig_1	3708248	3708248	DEL558	SYN4	DEL	-
contig_1	3853795	3853795	C	T	contig_1	3709631	3709631	SNP559	SYN4	SNP	-
contig_1	3853848	3853848	G	GA	contig_1	3709684	3709685	INS560	SYN4	INS	-
contig_1	3860429	3860429	T	TC	contig_1	3716266	3716267	INS561	SYN4	INS	-
contig_1	3862261	3862262	TC	T	contig_1	3718099	3718099	DEL562	SYN4	DEL	-
contig_1	3877773	3877774	GA	G	contig_1	3733610	3733610	DEL563	SYN4	DEL	-
contig_1	3877782	3877782	C	T	contig_1	3733618	3733618	SNP564	SYN4	SNP	-
contig_1	3885454	3885455	CT	C	contig_1	3741290	3741290	DEL565	SYN4	DEL	-
contig_1	3892376	3892377	TA	T	contig_1	3748211	3748211	DEL566	SYN4	DEL	-
contig_1	3898199	3898199	T	TA	contig_1	3754033	3754034	INS567	SYN4	INS	-
contig_1	3904905	3904906	TC	T	contig_1	3760740	3760740	DEL568	SYN4	DEL	-
contig_1	3905447	3905448	TA	T	contig_1	3761281	3761281	DEL569	SYN4	DEL	-
contig_1	3918690	3918690	C	CT	contig_1	3774523	3774524	INS570	SYN4	INS	-
contig_1	3928395	3928396	CT	C	contig_1	3784229	3784229	DEL571	SYN4	DEL	-
contig_1	3947848	3947849	AG	A	contig_1	3803681	3803681	DEL572	SYN4	DEL	-
contig_1	3954764	3954765	AG	A	contig_1	3810596	3810596	DEL573	SYN4	DEL	-
contig_1	3955184	3955184	A	G	contig_1	3811015	3811015	SNP574	SYN4	SNP	-
-	-	-	-	-	contig_1	1176239	1176247	NOTAL5	-	NOTAL	-
-	-	-	-	-	contig_1	3820897	3820897	NOTAL6	-	NOTAL	-
