contig_1	1	1185962	-	-	contig_1	1	1188619	SYN1	-	SYN	-
contig_1	1	1185962	-	-	contig_1	1	1188619	SYNAL1	SYN1	SYNAL	-
contig_1	5809	5809	A	AG	contig_1	5809	5810	INS6	SYN1	INS	-
contig_1	16726	16726	A	AG	contig_1	16727	16728	INS7	SYN1	INS	-
contig_1	54136	54136	C	CT	contig_1	54138	54139	INS8	SYN1	INS	-
contig_1	56926	56927	TC	T	contig_1	56929	56929	DEL9	SYN1	DEL	-
contig_1	63228	63229	CT	C	contig_1	63230	63230	DEL10	SYN1	DEL	-
contig_1	63616	63616	C	CA	contig_1	63617	63618	INS11	SYN1	INS	-
contig_1	76952	76952	G	GC	contig_1	76954	76955	INS12	SYN1	INS	-
contig_1	110444	110444	A	AG	contig_1	110447	110448	INS13	SYN1	INS	-
contig_1	117794	117794	G	GT	contig_1	117798	117799	INS14	SYN1	INS	-
contig_1	124088	124088	G	GA	contig_1	124093	124094	INS15	SYN1	INS	-
contig_1	132516	132516	A	AC	contig_1	132522	132523	INS16	SYN1	INS	-
contig_1	134480	134481	GT	G	contig_1	134487	134487	DEL17	SYN1	DEL	-
contig_1	134516	134516	G	GT	contig_1	134522	134523	INS18	SYN1	INS	-
contig_1	144726	144727	AG	A	contig_1	144733	144733	DEL19	SYN1	DEL	-
contig_1	173681	173681	C	T	contig_1	173687	173687	SNP20	SYN1	SNP	-
contig_1	180622	180622	G	GT	contig_1	180628	180629	INS21	SYN1	INS	-
contig_1	181584	181584	A	AG	contig_1	181591	181592	INS22	SYN1	INS	-
contig_1	184162	184162	G	GA	contig_1	184170	184171	INS23	SYN1	INS	-
contig_1	196600	196600	T	TG	contig_1	196609	196610	INS24	SYN1	INS	-
contig_1	206685	206686	CT	C	contig_1	206695	206695	DEL25	SYN1	DEL	-
contig_1	274839	274840	CT	C	contig_1	274848	274848	DEL26	SYN1	DEL	-
contig_1	281779	281780	TC	T	contig_1	281787	281787	DEL27	SYN1	DEL	-
contig_1	302094	302094	G	GA	contig_1	302101	302102	INS28	SYN1	INS	-
contig_1	305434	305434	A	G	contig_1	305442	305442	SNP29	SYN1	SNP	-
contig_1	310148	310149	GA	G	contig_1	310156	310156	DEL30	SYN1	DEL	-
contig_1	315972	315972	G	GC	contig_1	315979	315980	INS31	SYN1	INS	-
contig_1	318565	318565	C	CT	contig_1	318573	318574	INS32	SYN1	INS	-
contig_1	325195	325195	G	GA	contig_1	325204	325205	INS33	SYN1	INS	-
contig_1	356379	356380	TA	T	contig_1	356389	356389	DEL34	SYN1	DEL	-
contig_1	367337	367337	T	TG	contig_1	367346	367347	INS35	SYN1	INS	-
contig_1	373692	373692	A	AT	contig_1	373702	373703	INS36	SYN1	INS	-
contig_1	377954	377954	A	G	contig_1	377965	377965	SNP37	SYN1	SNP	-
contig_1	400166	400167	CG	C	contig_1	400177	400177	DEL38	SYN1	DEL	-
contig_1	404197	404197	A	AT	contig_1	404207	404208	INS39	SYN1	INS	-
contig_1	404638	404638	G	GAA	contig_1	404649	404651	INS40	SYN1	INS	-
contig_1	404759	404759	G	GC	contig_1	404772	404773	INS41	SYN1	INS	-
contig_1	406241	406241	G	GA	contig_1	406255	406256	INS42	SYN1	INS	-
contig_1	407402	407403	CA	C	contig_1	407417	407417	DEL43	SYN1	DEL	-
contig_1	407405	407405	T	C	contig_1	407419	407419	SNP44	SYN1	SNP	-
contig_1	407406	407406	T	C	contig_1	407420	407420	SNP45	SYN1	SNP	-
contig_1	408627	408627	C	CG	contig_1	408641	408642	INS46	SYN1	INS	-
contig_1	408673	408673	A	G	contig_1	408688	408688	SNP47	SYN1	SNP	-
contig_1	411000	411000	C	CT	contig_1	411015	411016	INS48	SYN1	INS	-
contig_1	411225	411225	T	TG	contig_1	411241	411242	INS49	SYN1	INS	-
contig_1	412232	412232	C	CA	contig_1	412249	412250	INS50	SYN1	INS	-
contig_1	412714	412715	CT	C	contig_1	412732	412732	DEL51	SYN1	DEL	-
contig_1	426614	426614	C	CA	contig_1	426631	426632	INS52	SYN1	INS	-
contig_1	427185	427185	C	CT	contig_1	427203	427204	INS53	SYN1	INS	-
contig_1	439459	439459	C	CT	contig_1	439478	439479	INS54	SYN1	INS	-
contig_1	457874	457874	G	GT	contig_1	457894	457895	INS55	SYN1	INS	-
contig_1	464534	464535	GA	G	contig_1	464555	464555	DEL56	SYN1	DEL	-
contig_1	466385	466385	T	TG	contig_1	466405	466406	INS57	SYN1	INS	-
contig_1	469185	469186	TG	T	contig_1	469206	469206	DEL58	SYN1	DEL	-
contig_1	476894	476895	TA	T	contig_1	476914	476914	DEL59	SYN1	DEL	-
contig_1	487262	487262	G	GT	contig_1	487282	487283	INS60	SYN1	INS	-
contig_1	493098	493099	CG	C	contig_1	493119	493119	DEL61	SYN1	DEL	-
contig_1	525571	525571	T	TA	contig_1	525591	525592	INS62	SYN1	INS	-
contig_1	536614	536615	CG	C	contig_1	536635	536635	DEL63	SYN1	DEL	-
contig_1	541947	541948	AG	A	contig_1	541967	541967	DEL64	SYN1	DEL	-
contig_1	549634	549634	C	CA	contig_1	549653	549654	INS65	SYN1	INS	-
contig_1	551484	551485	AC	A	contig_1	551504	551504	DEL66	SYN1	DEL	-
contig_1	552044	552506	-	-	contig_1	552063	552063	DEL67	SYN1	DEL	-
contig_1	556300	556301	TA	T	contig_1	555857	555857	DEL68	SYN1	DEL	-
contig_1	572512	572512	T	TC	contig_1	572068	572069	INS69	SYN1	INS	-
contig_1	586897	586897	A	AG	contig_1	586454	586455	INS70	SYN1	INS	-
contig_1	587017	587018	AG	A	contig_1	586575	586575	DEL71	SYN1	DEL	-
contig_1	590138	590139	TC	T	contig_1	589695	589695	DEL72	SYN1	DEL	-
contig_1	618543	618543	G	GAA	contig_1	618099	618101	INS73	SYN1	INS	-
contig_1	622759	622760	CT	C	contig_1	622317	622317	DEL74	SYN1	DEL	-
contig_1	632349	632349	T	TA	contig_1	631906	631907	INS75	SYN1	INS	-
contig_1	645699	645699	A	G	contig_1	645257	645257	SNP76	SYN1	SNP	-
contig_1	647984	647985	AG	A	contig_1	647542	647542	DEL77	SYN1	DEL	-
contig_1	657154	657154	C	CT	contig_1	656711	656712	INS78	SYN1	INS	-
contig_1	687343	687343	C	CA	contig_1	686901	686902	INS79	SYN1	INS	-
contig_1	694864	694864	G	GT	contig_1	694423	694424	INS80	SYN1	INS	-
contig_1	701610	701611	AG	A	contig_1	701170	701170	DEL81	SYN1	DEL	-
contig_1	727922	727922	G	GTT	contig_1	727482	727484	INS82	SYN1	INS	-
contig_1	774856	774856	A	G	contig_1	774418	774418	SNP83	SYN1	SNP	-
contig_1	774857	774857	A	T	contig_1	774419	774419	SNP84	SYN1	SNP	-
contig_1	781234	781235	AC	A	contig_1	780796	780796	DEL85	SYN1	DEL	-
contig_1	784922	784923	TC	T	contig_1	784483	784483	DEL86	SYN1	DEL	-
contig_1	787970	787970	C	T	contig_1	787530	787530	SNP87	SYN1	SNP	-
contig_1	788605	788605	T	C	contig_1	788165	788165	SNP88	SYN1	SNP	-
contig_1	827271	827272	CG	C	contig_1	826831	826831	DEL89	SYN1	DEL	-
contig_1	829596	829597	GA	G	contig_1	829155	829155	DEL90	SYN1	DEL	-
contig_1	837420	837421	TA	T	contig_1	836978	836978	DEL91	SYN1	DEL	-
contig_1	838898	838899	AG	A	contig_1	838455	838455	DEL92	SYN1	DEL	-
contig_1	851806	851807	CA	C	contig_1	851362	851362	DEL93	SYN1	DEL	-
contig_1	852800	852801	TG	T	contig_1	852355	852355	DEL94	SYN1	DEL	-
contig_1	865127	865127	C	CA	contig_1	864681	864682	INS95	SYN1	INS	-
contig_1	866642	866642	G	GA	contig_1	866197	866198	INS96	SYN1	INS	-
contig_1	867753	867753	C	CT	contig_1	867309	867310	INS97	SYN1	INS	-
contig_1	874045	874046	AT	A	contig_1	873602	873602	DEL98	SYN1	DEL	-
contig_1	918342	918342	T	G	contig_1	917898	917898	SNP99	SYN1	SNP	-
contig_1	918468	918468	A	G	contig_1	918024	918024	SNP100	SYN1	SNP	-
contig_1	918810	918810	C	T	contig_1	918366	918366	SNP101	SYN1	SNP	-
contig_1	918820	918820	T	A	contig_1	918376	918376	SNP102	SYN1	SNP	-
contig_1	919174	919174	A	G	contig_1	918730	918730	SNP103	SYN1	SNP	-
contig_1	919249	919249	A	T	contig_1	918805	918805	SNP104	SYN1	SNP	-
contig_1	919250	919250	T	G	contig_1	918806	918806	SNP105	SYN1	SNP	-
contig_1	919301	919301	T	C	contig_1	918857	918857	SNP106	SYN1	SNP	-
contig_1	938877	938877	A	AG	contig_1	938433	938434	INS107	SYN1	INS	-
contig_1	944058	944059	CT	C	contig_1	943615	943615	DEL108	SYN1	DEL	-
contig_1	963864	963865	AT	A	contig_1	963420	963420	DEL109	SYN1	DEL	-
contig_1	968952	968952	C	CT	contig_1	968507	968508	INS110	SYN1	INS	-
contig_1	999942	999943	TA	T	contig_1	999498	999498	DEL111	SYN1	DEL	-
contig_1	1003474	1003475	CT	C	contig_1	1003029	1003029	DEL112	SYN1	DEL	-
contig_1	1024867	1024867	C	T	contig_1	1024421	1024421	SNP113	SYN1	SNP	-
contig_1	1026717	1026718	CA	C	contig_1	1026271	1026271	DEL114	SYN1	DEL	-
contig_1	1035922	1035922	T	C	contig_1	1035475	1035475	SNP115	SYN1	SNP	-
contig_1	1040482	1040482	C	CA	contig_1	1040035	1040036	INS116	SYN1	INS	-
contig_1	1046481	1046481	G	GC	contig_1	1046035	1046036	INS117	SYN1	INS	-
contig_1	1062662	1062662	A	AGGCATTATG	contig_1	1062217	1062226	INS118	SYN1	INS	-
contig_1	1071209	1071210	CT	C	contig_1	1073866	1073866	DEL119	SYN1	DEL	-
contig_1	1085234	1085235	GA	G	contig_1	1087890	1087890	DEL120	SYN1	DEL	-
contig_1	1107673	1107673	G	GA	contig_1	1110328	1110329	INS121	SYN1	INS	-
contig_1	1112151	1112151	A	AT	contig_1	1114807	1114808	INS122	SYN1	INS	-
contig_1	1156653	1156654	GT	G	contig_1	1159310	1159310	DEL123	SYN1	DEL	-
contig_1	1168940	1168940	A	AG	contig_1	1171596	1171597	INS124	SYN1	INS	-
contig_1	1190626	1390239	-	-	contig_1	1193280	1392884	INV5	-	INV	-
contig_1	1190626	1390239	-	-	contig_1	1392884	1193280	INVAL9	INV5	INVAL	-
contig_1	1190728	1190728	A	AG	contig_1	1392781	1392782	INS125	INV5	INS	-
contig_1	1190996	1190997	GT	G	contig_1	1392513	1392513	DEL126	INV5	DEL	-
contig_1	1202427	1202428	GA	G	contig_1	1381083	1381083	DEL127	INV5	DEL	-
contig_1	1203682	1203683	CA	C	contig_1	1379829	1379829	DEL128	INV5	DEL	-
contig_1	1208448	1208449	CG	C	contig_1	1375065	1375065	DEL129	INV5	DEL	-
contig_1	1239199	1239200	GA	G	contig_1	1344315	1344315	DEL130	INV5	DEL	-
contig_1	1268005	1268006	CT	C	contig_1	1315510	1315510	DEL131	INV5	DEL	-
contig_1	1279367	1279367	A	G	contig_1	1304149	1304149	SNP132	INV5	SNP	-
contig_1	1287442	1287442	T	TC	contig_1	1296073	1296074	INS133	INV5	INS	-
contig_1	1304275	1304276	CT	C	contig_1	1279240	1279240	DEL134	INV5	DEL	-
contig_1	1314019	1314019	A	G	contig_1	1269497	1269497	SNP135	INV5	SNP	-
contig_1	1315003	1315003	G	GT	contig_1	1268512	1268513	INS136	INV5	INS	-
contig_1	1325432	1325434	TGG	T	contig_1	1258083	1258083	DEL137	INV5	DEL	-
contig_1	1348599	1348599	G	GC	contig_1	1234917	1234918	INS138	INV5	INS	-
contig_1	1353028	1353029	GC	G	contig_1	1230488	1230488	DEL139	INV5	DEL	-
contig_1	1356411	1356412	CT	C	contig_1	1227106	1227106	DEL140	INV5	DEL	-
contig_1	1358662	1358662	G	GT	contig_1	1224855	1224856	INS141	INV5	INS	-
contig_1	1363593	1363594	TC	T	contig_1	1219924	1219924	DEL142	INV5	DEL	-
contig_1	1380814	1380815	AT	A	contig_1	1202704	1202704	DEL143	INV5	DEL	-
contig_1	1390231	2221934	-	-	contig_1	1395977	2154218	SYN2	-	SYN	-
contig_1	1390231	1676235	-	-	contig_1	1395977	1685074	SYNAL2	SYN2	SYNAL	-
contig_1	1403644	1403645	TC	T	contig_1	1409390	1409390	DEL144	SYN2	DEL	-
contig_1	1413184	1413185	TC	T	contig_1	1418930	1418930	DEL145	SYN2	DEL	-
contig_1	1415951	1415951	C	CG	contig_1	1421696	1421697	INS146	SYN2	INS	-
contig_1	1418438	1418438	A	G	contig_1	1424184	1424184	SNP147	SYN2	SNP	-
contig_1	1420805	1420806	TC	T	contig_1	1426551	1426551	DEL148	SYN2	DEL	-
contig_1	1427256	1427256	T	TA	contig_1	1433001	1433002	INS149	SYN2	INS	-
contig_1	1428525	1428525	C	CG	contig_1	1434271	1434272	INS150	SYN2	INS	-
contig_1	1443498	1443498	T	TC	contig_1	1449245	1449246	INS151	SYN2	INS	-
contig_1	1446342	1446343	TC	T	contig_1	1452090	1452090	DEL152	SYN2	DEL	-
contig_1	1450240	1450240	A	AT	contig_1	1455987	1455988	INS153	SYN2	INS	-
contig_1	1450651	1450652	TG	T	contig_1	1456399	1456399	DEL154	SYN2	DEL	-
contig_1	1453838	1453838	T	TC	contig_1	1459585	1459586	INS155	SYN2	INS	-
contig_1	1461274	1461275	TA	T	contig_1	1467022	1467022	DEL156	SYN2	DEL	-
contig_1	1464571	1464572	CT	C	contig_1	1470318	1470318	DEL157	SYN2	DEL	-
contig_1	1467888	1467888	G	GT	contig_1	1473634	1473635	INS158	SYN2	INS	-
contig_1	1472663	1472664	CA	C	contig_1	1478410	1478410	DEL159	SYN2	DEL	-
contig_1	1506139	1506140	TG	T	contig_1	1511886	1511886	DEL160	SYN2	DEL	-
contig_1	1510909	1510910	TA	T	contig_1	1516655	1516655	DEL161	SYN2	DEL	-
contig_1	1512036	1512037	GC	G	contig_1	1517781	1517781	DEL162	SYN2	DEL	-
contig_1	1513238	1513238	G	GA	contig_1	1518982	1518983	INS163	SYN2	INS	-
contig_1	1515095	1515096	AG	A	contig_1	1520840	1520840	DEL164	SYN2	DEL	-
contig_1	1519215	1519215	G	GA	contig_1	1524959	1524960	INS165	SYN2	INS	-
contig_1	1520211	1520211	T	TA	contig_1	1525956	1525957	INS166	SYN2	INS	-
contig_1	1521848	1521848	G	GT	contig_1	1527594	1527595	INS167	SYN2	INS	-
contig_1	1524176	1524176	T	C	contig_1	1529923	1529923	SNP168	SYN2	SNP	-
contig_1	1527941	1527942	AG	A	contig_1	1533688	1533688	DEL169	SYN2	DEL	-
contig_1	1535901	1535901	G	GA	contig_1	1541647	1541648	INS170	SYN2	INS	-
contig_1	1543591	1543591	A	AG	contig_1	1549338	1549339	INS171	SYN2	INS	-
contig_1	1547440	1547440	G	GC	contig_1	1553188	1553189	INS172	SYN2	INS	-
contig_1	1551796	1551796	A	G	contig_1	1557545	1557545	SNP173	SYN2	SNP	-
contig_1	1555046	1555046	G	GA	contig_1	1560795	1560796	INS174	SYN2	INS	-
contig_1	1582155	1582156	AG	A	contig_1	1587905	1587905	DEL175	SYN2	DEL	-
contig_1	1582308	1582309	GA	G	contig_1	1588057	1588057	DEL176	SYN2	DEL	-
contig_1	1582369	1582370	CT	C	contig_1	1588117	1588117	DEL177	SYN2	DEL	-
contig_1	1586864	1586865	TA	T	contig_1	1592611	1592611	DEL178	SYN2	DEL	-
contig_1	1587327	1587327	C	CA	contig_1	1593073	1593074	INS179	SYN2	INS	-
contig_1	1588384	1588384	G	GA	contig_1	1594131	1594132	INS180	SYN2	INS	-
contig_1	1590077	1590078	AG	A	contig_1	1595825	1595825	DEL181	SYN2	DEL	-
contig_1	1593297	1593298	TA	T	contig_1	1599044	1599044	DEL182	SYN2	DEL	-
contig_1	1596788	1596789	TG	T	contig_1	1602534	1602534	DEL183	SYN2	DEL	-
contig_1	1599925	1599925	T	TA	contig_1	1605670	1605671	INS184	SYN2	INS	-
contig_1	1600009	1600009	A	AG	contig_1	1605755	1605756	INS185	SYN2	INS	-
contig_1	1600114	1600114	A	AG	contig_1	1605861	1605862	INS186	SYN2	INS	-
contig_1	1600129	1600130	AG	A	contig_1	1605877	1605877	DEL187	SYN2	DEL	-
contig_1	1600149	1600149	A	AG	contig_1	1605896	1605897	INS188	SYN2	INS	-
contig_1	1608646	1608646	A	AG	contig_1	1614394	1614395	INS189	SYN2	INS	-
contig_1	1620528	1620528	T	TC	contig_1	1626277	1626278	INS190	SYN2	INS	-
contig_1	1621348	1621349	GA	G	contig_1	1627098	1627098	DEL191	SYN2	DEL	-
contig_1	1626172	1626173	CT	C	contig_1	1631921	1631921	DEL192	SYN2	DEL	-
contig_1	1628189	1628189	A	G	contig_1	1633937	1633937	SNP193	SYN2	SNP	-
contig_1	1630758	1630758	T	TC	contig_1	1636506	1636507	INS194	SYN2	INS	-
contig_1	1634708	1634709	AT	A	contig_1	1640457	1640457	DEL195	SYN2	DEL	-
contig_1	1636916	1636916	T	TC	contig_1	1642664	1642665	INS196	SYN2	INS	-
contig_1	1642960	1642960	A	AT	contig_1	1648709	1648710	INS197	SYN2	INS	-
contig_1	1644934	1644935	AG	A	contig_1	1650684	1650684	DEL198	SYN2	DEL	-
contig_1	1652436	1652436	T	C	contig_1	1658185	1658185	SNP199	SYN2	SNP	-
contig_1	1652608	1652609	AG	A	contig_1	1658357	1658357	DEL200	SYN2	DEL	-
contig_1	1653681	1653682	CG	C	contig_1	1659429	1659429	DEL201	SYN2	DEL	-
contig_1	1670408	1670408	T	TA	contig_1	1676155	1676156	INS202	SYN2	INS	-
contig_1	1672771	1672772	CT	C	contig_1	1678519	1678519	DEL203	SYN2	DEL	-
contig_1	1676235	1680732	-	-	contig_1	1685074	1685074	DEL1	SYN2	DEL	-
contig_1	1680733	1838770	-	-	contig_1	1685074	1851803	SYNAL3	SYN2	SYNAL	-
contig_1	1684781	1684782	CA	C	contig_1	1689122	1689122	DEL204	SYN2	DEL	-
contig_1	1687434	1687435	AT	A	contig_1	1691774	1691774	DEL205	SYN2	DEL	-
contig_1	1703288	1703288	A	AC	contig_1	1707627	1707628	INS206	SYN2	INS	-
contig_1	1703955	1703956	TC	T	contig_1	1708295	1708295	DEL207	SYN2	DEL	-
contig_1	1705930	1705931	AG	A	contig_1	1710269	1710269	DEL208	SYN2	DEL	-
contig_1	1723338	1723339	GC	G	contig_1	1727676	1727676	DEL209	SYN2	DEL	-
contig_1	1744571	1744572	GT	G	contig_1	1748908	1748908	DEL210	SYN2	DEL	-
contig_1	1746504	1746504	C	CCATAAAGCG	contig_1	1750840	1750849	INS211	SYN2	INS	-
contig_1	1755625	1755625	A	AG	contig_1	1763062	1763063	INS212	SYN2	INS	-
contig_1	1760019	1760020	TC	T	contig_1	1767457	1767457	DEL213	SYN2	DEL	-
contig_1	1763571	1763572	CA	C	contig_1	1771008	1771008	DEL214	SYN2	DEL	-
contig_1	1769914	1769914	G	A	contig_1	1777350	1777350	SNP215	SYN2	SNP	-
contig_1	1775123	1775123	T	TGCCAGCGGG	contig_1	1782559	1782568	INS216	SYN2	INS	-
contig_1	1777089	1777089	C	CT	contig_1	1787627	1787628	INS217	SYN2	INS	-
contig_1	1791802	1792397	-	-	contig_1	1802341	1802341	DEL218	SYN2	DEL	-
contig_1	1792823	1792824	CT	C	contig_1	1805860	1805860	DEL219	SYN2	DEL	-
contig_1	1800093	1800093	A	AG	contig_1	1813129	1813130	INS220	SYN2	INS	-
contig_1	1810566	1810567	CT	C	contig_1	1823603	1823603	DEL221	SYN2	DEL	-
contig_1	1811373	1811373	C	CT	contig_1	1824409	1824410	INS222	SYN2	INS	-
contig_1	1817223	1817225	AAG	A	contig_1	1830260	1830260	DEL223	SYN2	DEL	-
contig_1	1818938	1818939	GT	G	contig_1	1831973	1831973	DEL224	SYN2	DEL	-
contig_1	1832982	1832983	AT	A	contig_1	1846016	1846016	DEL225	SYN2	DEL	-
contig_1	1838770	1927233	-	-	contig_1	1851803	1851803	DEL2	SYN2	DEL	-
contig_1	1927234	2221934	-	-	contig_1	1854896	2154218	SYNAL4	SYN2	SYNAL	-
contig_1	1928455	1928456	CT	C	contig_1	1856117	1856117	DEL226	SYN2	DEL	-
contig_1	1935221	1935222	CT	C	contig_1	1862882	1862882	DEL227	SYN2	DEL	-
contig_1	1937972	1937973	AT	A	contig_1	1865632	1865632	DEL228	SYN2	DEL	-
contig_1	1945623	1945624	GC	G	contig_1	1873282	1873282	DEL229	SYN2	DEL	-
contig_1	1950766	1950767	TA	T	contig_1	1878424	1878424	DEL230	SYN2	DEL	-
contig_1	2003875	2003875	T	TG	contig_1	1929957	1929958	INS231	SYN2	INS	-
contig_1	2004591	2004591	C	CT	contig_1	1930674	1930675	INS232	SYN2	INS	-
contig_1	2028359	2028359	C	CT	contig_1	1954443	1954444	INS233	SYN2	INS	-
contig_1	2034191	2034191	T	TC	contig_1	1960276	1960277	INS234	SYN2	INS	-
contig_1	2040757	2040758	CT	C	contig_1	1966843	1966843	DEL235	SYN2	DEL	-
contig_1	2042834	2042836	GCC	G	contig_1	1968919	1968919	DEL236	SYN2	DEL	-
contig_1	2045162	2045163	GC	G	contig_1	1971245	1971245	DEL237	SYN2	DEL	-
contig_1	2049256	2049257	CG	C	contig_1	1975338	1975338	DEL238	SYN2	DEL	-
contig_1	2067499	2067499	G	GT	contig_1	1993580	1993581	INS239	SYN2	INS	-
contig_1	2085294	2085294	G	GA	contig_1	2011376	2011377	INS240	SYN2	INS	-
contig_1	2098284	2098285	GT	G	contig_1	2024367	2024367	DEL241	SYN2	DEL	-
contig_1	2116924	2116925	CT	C	contig_1	2043006	2043006	DEL242	SYN2	DEL	-
contig_1	2124769	2124770	AT	A	contig_1	2050850	2050850	DEL243	SYN2	DEL	-
contig_1	2137381	2137381	G	GATTGATATT	contig_1	2063461	2063470	INS244	SYN2	INS	-
contig_1	2143323	2143324	GC	G	contig_1	2072505	2072505	DEL245	SYN2	DEL	-
contig_1	2146639	2146640	CA	C	contig_1	2075820	2075820	DEL246	SYN2	DEL	-
contig_1	2150556	2150556	G	GA	contig_1	2079736	2079737	INS247	SYN2	INS	-
contig_1	2152863	2152864	TG	T	contig_1	2082044	2082044	DEL248	SYN2	DEL	-
contig_1	2169818	2169818	C	CT	contig_1	2098998	2098999	INS249	SYN2	INS	-
contig_1	2180995	2180995	C	CACGCTTGAT	contig_1	2110176	2110185	INS250	SYN2	INS	-
contig_1	2187169	2187170	AT	A	contig_1	2119451	2119451	DEL251	SYN2	DEL	-
contig_1	2188588	2188588	C	CT	contig_1	2120869	2120870	INS252	SYN2	INS	-
contig_1	2189870	2189870	A	AG	contig_1	2122152	2122153	INS253	SYN2	INS	-
contig_1	2196601	2196602	AG	A	contig_1	2128884	2128884	DEL254	SYN2	DEL	-
contig_1	2202024	2202024	G	GA	contig_1	2134306	2134307	INS255	SYN2	INS	-
contig_1	2202692	2202692	G	GT	contig_1	2134975	2134976	INS256	SYN2	INS	-
contig_1	2213880	2213881	CT	C	contig_1	2146164	2146164	DEL257	SYN2	DEL	-
contig_1	2218170	2218170	C	CT	contig_1	2150453	2150454	INS258	SYN2	INS	-
contig_1	2221441	2221441	A	G	contig_1	2153725	2153725	SNP259	SYN2	SNP	-
contig_1	2221935	2233043	-	-	-	-	-	NOTAL1	-	NOTAL	-
contig_1	2233044	2318557	-	-	contig_1	2154218	2242817	INV6	-	INV	-
contig_1	2233044	2318557	-	-	contig_1	2242817	2154218	INVAL10	INV6	INVAL	-
contig_1	2233617	2233618	CA	C	contig_1	2239151	2239151	DEL260	INV6	DEL	-
contig_1	2257175	2257175	G	GC	contig_1	2215593	2215594	INS261	INV6	INS	-
contig_1	2258847	2258847	T	TC	contig_1	2213920	2213921	INS262	INV6	INS	-
contig_1	2259861	2259862	GA	G	contig_1	2212906	2212906	DEL263	INV6	DEL	-
contig_1	2260551	2260552	CA	C	contig_1	2212217	2212217	DEL264	INV6	DEL	-
contig_1	2261201	2261202	AG	A	contig_1	2211568	2211568	DEL265	INV6	DEL	-
contig_1	2304049	2304050	TA	T	contig_1	2168721	2168721	DEL266	INV6	DEL	-
contig_1	2304898	2304899	CG	C	contig_1	2167873	2167873	DEL267	INV6	DEL	-
contig_1	2305286	2305287	TA	T	contig_1	2167486	2167486	DEL268	INV6	DEL	-
contig_1	2311797	2311798	AG	A	contig_1	2160976	2160976	DEL269	INV6	DEL	-
contig_1	2313161	2313161	G	A	contig_1	2159613	2159613	SNP270	INV6	SNP	-
contig_1	2318558	2326862	-	-	-	-	-	NOTAL2	-	NOTAL	-
contig_1	2326863	3060763	-	-	contig_1	2242817	2976832	SYN3	-	SYN	-
contig_1	2326863	2409914	-	-	contig_1	2242817	2328959	SYNAL5	SYN3	SYNAL	-
contig_1	2336431	2336432	AT	A	contig_1	2252385	2252385	DEL271	SYN3	DEL	-
contig_1	2342649	2342650	AT	A	contig_1	2258602	2258602	DEL272	SYN3	DEL	-
contig_1	2342897	2342897	C	CT	contig_1	2258849	2258850	INS273	SYN3	INS	-
contig_1	2346421	2346421	A	AT	contig_1	2262374	2262375	INS274	SYN3	INS	-
contig_1	2357668	2357668	T	TG	contig_1	2273622	2273623	INS275	SYN3	INS	-
contig_1	2359348	2359348	C	T	contig_1	2275303	2275303	SNP276	SYN3	SNP	-
contig_1	2393421	2393422	TC	T	contig_1	2309376	2309376	DEL277	SYN3	DEL	-
contig_1	2409323	2409324	AG	A	contig_1	2325277	2325277	DEL278	SYN3	DEL	-
contig_1	2409335	2409336	CG	C	contig_1	2325288	2325288	DEL279	SYN3	DEL	-
contig_1	2409914	2414398	-	-	contig_1	2328959	2328959	DEL3	SYN3	DEL	-
contig_1	2414399	2668731	-	-	contig_1	2328958	2583285	SYNAL6	SYN3	SYNAL	-
contig_1	2419473	2419474	CA	C	contig_1	2334032	2334032	DEL280	SYN3	DEL	-
contig_1	2427304	2427304	T	C	contig_1	2341862	2341862	SNP281	SYN3	SNP	-
contig_1	2433288	2433289	CT	C	contig_1	2347846	2347846	DEL282	SYN3	DEL	-
contig_1	2436597	2436598	TA	T	contig_1	2351154	2351154	DEL283	SYN3	DEL	-
contig_1	2457257	2457257	A	AG	contig_1	2371813	2371814	INS284	SYN3	INS	-
contig_1	2480348	2480349	AG	A	contig_1	2394905	2394905	DEL285	SYN3	DEL	-
contig_1	2485543	2485543	G	GA	contig_1	2400099	2400100	INS286	SYN3	INS	-
contig_1	2515330	2515330	T	TC	contig_1	2429887	2429888	INS287	SYN3	INS	-
contig_1	2528704	2528705	AT	A	contig_1	2443262	2443262	DEL288	SYN3	DEL	-
contig_1	2547729	2547729	T	TC	contig_1	2462286	2462287	INS289	SYN3	INS	-
contig_1	2547757	2547758	CG	C	contig_1	2462315	2462315	DEL290	SYN3	DEL	-
contig_1	2548557	2548557	C	CA	contig_1	2463114	2463115	INS291	SYN3	INS	-
contig_1	2554149	2554150	GT	G	contig_1	2468707	2468707	DEL292	SYN3	DEL	-
contig_1	2563063	2563064	TC	T	contig_1	2477620	2477620	DEL293	SYN3	DEL	-
contig_1	2580564	2580565	AT	A	contig_1	2495120	2495120	DEL294	SYN3	DEL	-
contig_1	2580608	2580608	A	AG	contig_1	2495163	2495164	INS295	SYN3	INS	-
contig_1	2605672	2605672	T	TG	contig_1	2520228	2520229	INS296	SYN3	INS	-
contig_1	2607677	2607677	A	AG	contig_1	2522234	2522235	INS297	SYN3	INS	-
contig_1	2623369	2623369	T	TA	contig_1	2537927	2537928	INS298	SYN3	INS	-
contig_1	2623629	2623630	TC	T	contig_1	2538188	2538188	DEL299	SYN3	DEL	-
contig_1	2625707	2625708	TG	T	contig_1	2540265	2540265	DEL300	SYN3	DEL	-
contig_1	2631050	2631051	AG	A	contig_1	2545607	2545607	DEL301	SYN3	DEL	-
contig_1	2631576	2631577	CA	C	contig_1	2546132	2546132	DEL302	SYN3	DEL	-
contig_1	2639201	2639202	GC	G	contig_1	2553756	2553756	DEL303	SYN3	DEL	-
contig_1	2643457	2643458	GC	G	contig_1	2558011	2558011	DEL304	SYN3	DEL	-
contig_1	2644906	2644906	G	A	contig_1	2559459	2559459	SNP305	SYN3	SNP	-
contig_1	2646732	2646732	T	C	contig_1	2561285	2561285	SNP306	SYN3	SNP	-
contig_1	2646892	2646892	C	CG	contig_1	2561445	2561446	INS307	SYN3	INS	-
contig_1	2649831	2649831	T	C	contig_1	2564385	2564385	SNP308	SYN3	SNP	-
contig_1	2668731	2673411	-	-	contig_1	2583285	2583285	DEL4	SYN3	DEL	-
contig_1	2673412	3060763	-	-	contig_1	2586379	2976832	SYNAL7	SYN3	SYNAL	-
contig_1	2674142	2674142	C	T	contig_1	2587109	2587109	SNP309	SYN3	SNP	-
contig_1	2679980	2679981	TC	T	contig_1	2592947	2592947	DEL310	SYN3	DEL	-
contig_1	2686883	2686883	T	TG	contig_1	2599849	2599850	INS311	SYN3	INS	-
contig_1	2689359	2689360	GA	G	contig_1	2602326	2602326	DEL312	SYN3	DEL	-
contig_1	2690932	2690933	CA	C	contig_1	2603898	2603898	DEL313	SYN3	DEL	-
contig_1	2691998	2691998	C	CA	contig_1	2604963	2604964	INS314	SYN3	INS	-
contig_1	2692353	2692354	AC	A	contig_1	2605319	2605319	DEL315	SYN3	DEL	-
contig_1	2693676	2693677	CA	C	contig_1	2606641	2606641	DEL316	SYN3	DEL	-
contig_1	2721949	2721949	G	GA	contig_1	2634913	2634914	INS317	SYN3	INS	-
contig_1	2735522	2735523	AT	A	contig_1	2648487	2648487	DEL318	SYN3	DEL	-
contig_1	2753268	2753268	T	TC	contig_1	2666232	2666233	INS319	SYN3	INS	-
contig_1	2761867	2761867	G	GC	contig_1	2674832	2674833	INS320	SYN3	INS	-
contig_1	2767346	2767347	GT	G	contig_1	2680312	2680312	DEL321	SYN3	DEL	-
contig_1	2768441	2768441	T	TA	contig_1	2681406	2681407	INS322	SYN3	INS	-
contig_1	2778774	2778774	T	TC	contig_1	2691740	2691741	INS323	SYN3	INS	-
contig_1	2779389	2779389	A	AG	contig_1	2692356	2692357	INS324	SYN3	INS	-
contig_1	2794360	2794361	GC	G	contig_1	2707328	2707328	DEL325	SYN3	DEL	-
contig_1	2797248	2797249	TG	T	contig_1	2710215	2710215	DEL326	SYN3	DEL	-
contig_1	2803847	2803848	GA	G	contig_1	2716813	2716813	DEL327	SYN3	DEL	-
contig_1	2806964	2806964	T	TC	contig_1	2719929	2719930	INS328	SYN3	INS	-
contig_1	2808456	2808456	G	GA	contig_1	2721422	2721423	INS329	SYN3	INS	-
contig_1	2813246	2813246	C	CA	contig_1	2726213	2726214	INS330	SYN3	INS	-
contig_1	2821470	2821470	T	TTCATCATTA	contig_1	2734438	2734447	INS331	SYN3	INS	-
contig_1	2844160	2844161	GT	G	contig_1	2760230	2760230	DEL332	SYN3	DEL	-
contig_1	2874495	2874496	TC	T	contig_1	2790564	2790564	DEL333	SYN3	DEL	-
contig_1	2892906	2892906	A	AC	contig_1	2808974	2808975	INS334	SYN3	INS	-
contig_1	2904356	2904356	T	TC	contig_1	2820425	2820426	INS335	SYN3	INS	-
contig_1	2907787	2907788	CT	C	contig_1	2823857	2823857	DEL336	SYN3	DEL	-
contig_1	2918881	2918882	GC	G	contig_1	2834950	2834950	DEL337	SYN3	DEL	-
contig_1	2922828	2922828	A	AC	contig_1	2838896	2838897	INS338	SYN3	INS	-
contig_1	2935333	2935334	AT	A	contig_1	2851402	2851402	DEL339	SYN3	DEL	-
contig_1	2947244	2947244	G	GA	contig_1	2863312	2863313	INS340	SYN3	INS	-
contig_1	2948367	2948367	C	CT	contig_1	2864436	2864437	INS341	SYN3	INS	-
contig_1	2956532	2956533	CT	C	contig_1	2872602	2872602	DEL342	SYN3	DEL	-
contig_1	2956867	2956868	CT	C	contig_1	2872936	2872936	DEL343	SYN3	DEL	-
contig_1	2957805	2957806	TC	T	contig_1	2873873	2873873	DEL344	SYN3	DEL	-
contig_1	2968620	2968621	CT	C	contig_1	2884687	2884687	DEL345	SYN3	DEL	-
contig_1	2978673	2978673	G	GC	contig_1	2894739	2894740	INS346	SYN3	INS	-
contig_1	2979905	2979906	TA	T	contig_1	2895972	2895972	DEL347	SYN3	DEL	-
contig_1	3023719	3023719	T	TA	contig_1	2939785	2939786	INS348	SYN3	INS	-
contig_1	3026114	3026115	GA	G	contig_1	2942181	2942181	DEL349	SYN3	DEL	-
contig_1	3035161	3035161	C	CG	contig_1	2951227	2951228	INS350	SYN3	INS	-
contig_1	3041333	3041334	TC	T	contig_1	2957400	2957400	DEL351	SYN3	DEL	-
contig_1	3053631	3053631	G	GT	contig_1	2969697	2969698	INS352	SYN3	INS	-
contig_1	3057542	3057542	C	CAA	contig_1	2973609	2973611	INS353	SYN3	INS	-
contig_1	3060755	3073535	-	-	contig_1	2976832	2992704	INV7	-	INV	-
contig_1	3060755	3073535	-	-	contig_1	2992704	2976832	INVAL11	INV7	INVAL	-
contig_1	3073536	3091972	-	-	-	-	-	NOTAL3	-	NOTAL	-
contig_1	3091973	4014776	-	-	contig_1	2997917	3923637	SYN4	-	SYN	-
contig_1	3091973	4014776	-	-	contig_1	2997917	3923637	SYNAL8	SYN4	SYNAL	-
contig_1	3096530	3096531	TA	T	contig_1	3002474	3002474	DEL354	SYN4	DEL	-
contig_1	3100135	3100136	CT	C	contig_1	3006078	3006078	DEL355	SYN4	DEL	-
contig_1	3123114	3123115	AT	A	contig_1	3029056	3029056	DEL356	SYN4	DEL	-
contig_1	3133342	3133343	GA	G	contig_1	3039283	3039283	DEL357	SYN4	DEL	-
contig_1	3142899	3142900	TA	T	contig_1	3048839	3048839	DEL358	SYN4	DEL	-
contig_1	3146721	3146722	CA	C	contig_1	3052660	3052660	DEL359	SYN4	DEL	-
contig_1	3151694	3151694	C	CT	contig_1	3057632	3057633	INS360	SYN4	INS	-
contig_1	3152861	3152862	CT	C	contig_1	3058800	3058800	DEL361	SYN4	DEL	-
contig_1	3153315	3153315	T	C	contig_1	3059253	3059253	SNP362	SYN4	SNP	-
contig_1	3168309	3168310	CA	C	contig_1	3074247	3074247	DEL363	SYN4	DEL	-
contig_1	3169189	3169189	G	GA	contig_1	3075126	3075127	INS364	SYN4	INS	-
contig_1	3202921	3202921	C	CA	contig_1	3108859	3108860	INS365	SYN4	INS	-
contig_1	3212806	3212807	CT	C	contig_1	3118745	3118745	DEL366	SYN4	DEL	-
contig_1	3224782	3224782	C	T	contig_1	3130720	3130720	SNP367	SYN4	SNP	-
contig_1	3224813	3224815	ATT	A	contig_1	3130751	3130751	DEL368	SYN4	DEL	-
contig_1	3226003	3226004	TA	T	contig_1	3131939	3131939	DEL369	SYN4	DEL	-
contig_1	3241186	3241186	C	CA	contig_1	3147121	3147122	INS370	SYN4	INS	-
contig_1	3290141	3290142	CT	C	contig_1	3196077	3196077	DEL371	SYN4	DEL	-
contig_1	3290575	3290576	CG	C	contig_1	3196510	3196510	DEL372	SYN4	DEL	-
contig_1	3296692	3296692	G	GA	contig_1	3202626	3202627	INS373	SYN4	INS	-
contig_1	3315243	3315244	AG	A	contig_1	3221178	3221178	DEL374	SYN4	DEL	-
contig_1	3352814	3352814	G	GA	contig_1	3258748	3258749	INS375	SYN4	INS	-
contig_1	3356543	3356543	T	TC	contig_1	3262478	3262479	INS376	SYN4	INS	-
contig_1	3361006	3361006	C	CG	contig_1	3266942	3266943	INS377	SYN4	INS	-
contig_1	3361275	3361276	TC	T	contig_1	3267212	3267212	DEL378	SYN4	DEL	-
contig_1	3367551	3367551	T	TC	contig_1	3273487	3273488	INS379	SYN4	INS	-
contig_1	3368454	3368454	C	CG	contig_1	3274391	3274392	INS380	SYN4	INS	-
contig_1	3370968	3370969	TA	T	contig_1	3276906	3276906	DEL381	SYN4	DEL	-
contig_1	3373223	3373223	G	GT	contig_1	3279160	3279161	INS382	SYN4	INS	-
contig_1	3378260	3378260	C	CA	contig_1	3284198	3284199	INS383	SYN4	INS	-
contig_1	3400239	3400240	GA	G	contig_1	3306178	3306178	DEL384	SYN4	DEL	-
contig_1	3412189	3412190	TA	T	contig_1	3318127	3318127	DEL385	SYN4	DEL	-
contig_1	3416502	3416502	T	TAA	contig_1	3322439	3322441	INS386	SYN4	INS	-
contig_1	3441348	3441348	G	A	contig_1	3347287	3347287	SNP387	SYN4	SNP	-
contig_1	3451247	3451248	AG	A	contig_1	3357186	3357186	DEL388	SYN4	DEL	-
contig_1	3456699	3456700	GA	G	contig_1	3362637	3362637	DEL389	SYN4	DEL	-
contig_1	3457812	3457814	TCC	T	contig_1	3363749	3363749	DEL390	SYN4	DEL	-
contig_1	3460383	3460383	A	AT	contig_1	3366318	3366319	INS391	SYN4	INS	-
contig_1	3471386	3471387	TC	T	contig_1	3377322	3377322	DEL392	SYN4	DEL	-
contig_1	3485411	3485412	AC	A	contig_1	3391346	3391346	DEL393	SYN4	DEL	-
contig_1	3496902	3496903	TC	T	contig_1	3402836	3402836	DEL394	SYN4	DEL	-
contig_1	3498607	3498608	GT	G	contig_1	3404540	3404540	DEL395	SYN4	DEL	-
contig_1	3519094	3519095	GA	G	contig_1	3425026	3425026	DEL396	SYN4	DEL	-
contig_1	3531463	3531463	C	CT	contig_1	3437394	3437395	INS397	SYN4	INS	-
contig_1	3545733	3545734	AC	A	contig_1	3451665	3451665	DEL398	SYN4	DEL	-
contig_1	3546631	3546631	A	AT	contig_1	3452562	3452563	INS399	SYN4	INS	-
contig_1	3548543	3548544	GC	G	contig_1	3454475	3454475	DEL400	SYN4	DEL	-
contig_1	3555976	3555977	GA	G	contig_1	3461907	3461907	DEL401	SYN4	DEL	-
contig_1	3576135	3576136	GT	G	contig_1	3482065	3482065	DEL402	SYN4	DEL	-
contig_1	3598664	3598665	AT	A	contig_1	3504593	3504593	DEL403	SYN4	DEL	-
contig_1	3636609	3636609	C	CG	contig_1	3542537	3542538	INS404	SYN4	INS	-
contig_1	3702018	3702019	GA	G	contig_1	3607947	3607947	DEL405	SYN4	DEL	-
contig_1	3702031	3702032	GT	G	contig_1	3607959	3607959	DEL406	SYN4	DEL	-
contig_1	3710868	3715701	-	-	contig_1	3616795	3616795	DEL407	SYN4	DEL	-
contig_1	3725255	3725256	GT	G	contig_1	3631012	3631012	DEL408	SYN4	DEL	-
contig_1	3735361	3735362	TA	T	contig_1	3641117	3641117	DEL409	SYN4	DEL	-
contig_1	3746850	3746851	CT	C	contig_1	3652605	3652605	DEL410	SYN4	DEL	-
contig_1	3746945	3746946	TA	T	contig_1	3652699	3652699	DEL411	SYN4	DEL	-
contig_1	3757472	3757472	C	CT	contig_1	3663225	3663226	INS412	SYN4	INS	-
contig_1	3778907	3778907	C	CA	contig_1	3684661	3684662	INS413	SYN4	INS	-
contig_1	3803905	3803906	GA	G	contig_1	3709660	3709660	DEL414	SYN4	DEL	-
contig_1	3804874	3804874	G	GT	contig_1	3710628	3710629	INS415	SYN4	INS	-
contig_1	3808117	3808118	GC	G	contig_1	3713872	3713872	DEL416	SYN4	DEL	-
contig_1	3820033	3820034	TC	T	contig_1	3725787	3725787	DEL417	SYN4	DEL	-
contig_1	3828691	3828692	AT	A	contig_1	3734444	3734444	DEL418	SYN4	DEL	-
contig_1	3838671	3838671	A	AT	contig_1	3744423	3744424	INS419	SYN4	INS	-
contig_1	3840005	3840005	T	TG	contig_1	3745758	3745759	INS420	SYN4	INS	-
contig_1	3846064	3846064	T	TTCTCCAGCC	contig_1	3751818	3751827	INS421	SYN4	INS	-
contig_1	3858040	3858040	A	AG	contig_1	3766897	3766898	INS422	SYN4	INS	-
contig_1	3860828	3860829	CT	C	contig_1	3769686	3769686	DEL423	SYN4	DEL	-
contig_1	3860843	3860843	T	C	contig_1	3769700	3769700	SNP424	SYN4	SNP	-
contig_1	3868799	3868799	G	GA	contig_1	3777656	3777657	INS425	SYN4	INS	-
contig_1	3875090	3875090	G	A	contig_1	3783948	3783948	SNP426	SYN4	SNP	-
contig_1	3882263	3882263	C	CA	contig_1	3791120	3791121	INS427	SYN4	INS	-
contig_1	3882902	3882902	A	AG	contig_1	3791760	3791761	INS428	SYN4	INS	-
contig_1	3883938	3883939	TC	T	contig_1	3792797	3792797	DEL429	SYN4	DEL	-
contig_1	3885147	3885148	TC	T	contig_1	3794005	3794005	DEL430	SYN4	DEL	-
contig_1	3885263	3885263	G	A	contig_1	3794120	3794120	SNP431	SYN4	SNP	-
contig_1	3885420	3885421	AT	A	contig_1	3794277	3794277	DEL432	SYN4	DEL	-
contig_1	3885860	3885860	A	AG	contig_1	3794716	3794717	INS433	SYN4	INS	-
contig_1	3886170	3886170	C	CT	contig_1	3795027	3795028	INS434	SYN4	INS	-
contig_1	3886290	3886291	GA	G	contig_1	3795148	3795148	DEL435	SYN4	DEL	-
contig_1	3886593	3886594	CT	C	contig_1	3795450	3795450	DEL436	SYN4	DEL	-
contig_1	3886859	3886859	G	GT	contig_1	3795715	3795716	INS437	SYN4	INS	-
contig_1	3888854	3888854	C	CT	contig_1	3797711	3797712	INS438	SYN4	INS	-
contig_1	3889251	3889251	G	GA	contig_1	3798109	3798110	INS439	SYN4	INS	-
contig_1	3889450	3889450	T	TC	contig_1	3798309	3798310	INS440	SYN4	INS	-
contig_1	3890166	3890168	TCC	T	contig_1	3799026	3799026	DEL441	SYN4	DEL	-
contig_1	3890170	3890170	A	G	contig_1	3799028	3799028	SNP442	SYN4	SNP	-
contig_1	3890171	3890171	G	A	contig_1	3799029	3799029	SNP443	SYN4	SNP	-
contig_1	3890517	3890517	G	GA	contig_1	3799375	3799376	INS444	SYN4	INS	-
contig_1	3891086	3891086	T	TA	contig_1	3799945	3799946	INS445	SYN4	INS	-
contig_1	3891501	3891501	C	CT	contig_1	3800361	3800362	INS446	SYN4	INS	-
contig_1	3896185	3896185	A	AG	contig_1	3805046	3805047	INS447	SYN4	INS	-
contig_1	3897464	3897465	GT	G	contig_1	3806326	3806326	DEL448	SYN4	DEL	-
contig_1	3898901	3898901	G	GA	contig_1	3807762	3807763	INS449	SYN4	INS	-
contig_1	3905482	3905482	T	TC	contig_1	3814344	3814345	INS450	SYN4	INS	-
contig_1	3919472	3919472	T	C	contig_1	3828335	3828335	SNP451	SYN4	SNP	-
contig_1	3932480	3932480	A	AT	contig_1	3841343	3841344	INS452	SYN4	INS	-
contig_1	3937425	3937425	T	TA	contig_1	3846289	3846290	INS453	SYN4	INS	-
contig_1	3949953	3949954	TC	T	contig_1	3858818	3858818	DEL454	SYN4	DEL	-
contig_1	3959911	3959912	AT	A	contig_1	3868775	3868775	DEL455	SYN4	DEL	-
contig_1	3994663	3994663	C	CA	contig_1	3903525	3903526	INS456	SYN4	INS	-
contig_1	3997558	3997559	AG	A	contig_1	3906421	3906421	DEL457	SYN4	DEL	-
contig_1	4004474	4004475	AG	A	contig_1	3913336	3913336	DEL458	SYN4	DEL	-
contig_1	4004894	4004894	A	G	contig_1	3913755	3913755	SNP459	SYN4	SNP	-
