contig_1	1	1	-	-	-	-	-	NOTAL1	-	NOTAL	-
contig_1	2	1181644	-	-	contig_1	1	1176676	SYN1	-	SYN	-
contig_1	2	549437	-	-	contig_1	1	549414	SYNAL1	SYN1	SYNAL	-
contig_1	5433	5434	AG	A	contig_1	5432	5432	DEL4	SYN1	DEL	-
contig_1	5811	5812	AG	A	contig_1	5809	5809	DEL5	SYN1	DEL	-
contig_1	16729	16730	AG	A	contig_1	16726	16726	DEL6	SYN1	DEL	-
contig_1	21316	21317	AT	A	contig_1	21312	21312	DEL7	SYN1	DEL	-
contig_1	24725	24726	GT	G	contig_1	24720	24720	DEL8	SYN1	DEL	-
contig_1	54142	54143	CT	C	contig_1	54136	54136	DEL9	SYN1	DEL	-
contig_1	56933	56933	T	TCC	contig_1	56926	56928	INS10	SYN1	INS	-
contig_1	63233	63233	C	CT	contig_1	63228	63229	INS11	SYN1	INS	-
contig_1	63620	63621	CA	C	contig_1	63616	63616	DEL12	SYN1	DEL	-
contig_1	76957	76958	GC	G	contig_1	76952	76952	DEL13	SYN1	DEL	-
contig_1	110450	110451	AG	A	contig_1	110444	110444	DEL14	SYN1	DEL	-
contig_1	117801	117802	GT	G	contig_1	117794	117794	DEL15	SYN1	DEL	-
contig_1	124096	124097	GA	G	contig_1	124088	124088	DEL16	SYN1	DEL	-
contig_1	132525	132526	AC	A	contig_1	132516	132516	DEL17	SYN1	DEL	-
contig_1	170147	170147	G	A	contig_1	170137	170137	SNP18	SYN1	SNP	-
contig_1	180632	180633	GT	G	contig_1	180622	180622	DEL19	SYN1	DEL	-
contig_1	181595	181596	AG	A	contig_1	181584	181584	DEL20	SYN1	DEL	-
contig_1	184174	184175	GA	G	contig_1	184162	184162	DEL21	SYN1	DEL	-
contig_1	232530	232530	C	CA	contig_1	232517	232518	INS22	SYN1	INS	-
contig_1	241575	241575	A	AG	contig_1	241563	241564	INS23	SYN1	INS	-
contig_1	262425	262425	T	C	contig_1	262414	262414	SNP24	SYN1	SNP	-
contig_1	262426	262426	C	T	contig_1	262415	262415	SNP25	SYN1	SNP	-
contig_1	295165	295166	TA	T	contig_1	295154	295154	DEL26	SYN1	DEL	-
contig_1	306203	306204	CT	C	contig_1	306191	306191	DEL27	SYN1	DEL	-
contig_1	315985	315986	GC	G	contig_1	315972	315972	DEL28	SYN1	DEL	-
contig_1	316783	316783	G	GA	contig_1	316769	316770	INS29	SYN1	INS	-
contig_1	318568	318568	C	CG	contig_1	318555	318556	INS30	SYN1	INS	-
contig_1	318577	318578	CT	C	contig_1	318565	318565	DEL31	SYN1	DEL	-
contig_1	320756	320757	CT	C	contig_1	320743	320743	DEL32	SYN1	DEL	-
contig_1	324462	324463	AG	A	contig_1	324448	324448	DEL33	SYN1	DEL	-
contig_1	325210	325211	GA	G	contig_1	325195	325195	DEL34	SYN1	DEL	-
contig_1	325386	325386	A	G	contig_1	325370	325370	SNP35	SYN1	SNP	-
contig_1	325735	325736	TC	T	contig_1	325719	325719	DEL36	SYN1	DEL	-
contig_1	326482	326483	TC	T	contig_1	326465	326465	DEL37	SYN1	DEL	-
contig_1	326545	326546	GA	G	contig_1	326527	326527	DEL38	SYN1	DEL	-
contig_1	327140	327140	C	CG	contig_1	327121	327122	INS39	SYN1	INS	-
contig_1	337015	337016	GT	G	contig_1	336997	336997	DEL40	SYN1	DEL	-
contig_1	352911	352911	G	A	contig_1	352892	352892	SNP41	SYN1	SNP	-
contig_1	356398	356398	T	TA	contig_1	356379	356380	INS42	SYN1	INS	-
contig_1	357176	357176	A	AAG	contig_1	357158	357160	INS43	SYN1	INS	-
contig_1	357500	357500	A	G	contig_1	357484	357484	SNP44	SYN1	SNP	-
contig_1	357502	357502	A	AG	contig_1	357486	357487	INS45	SYN1	INS	-
contig_1	373707	373708	AT	A	contig_1	373692	373692	DEL46	SYN1	DEL	-
contig_1	377970	377970	G	A	contig_1	377954	377954	SNP47	SYN1	SNP	-
contig_1	389199	389200	GC	G	contig_1	389183	389183	DEL48	SYN1	DEL	-
contig_1	404655	404656	GA	G	contig_1	404638	404638	DEL49	SYN1	DEL	-
contig_1	404813	404814	CG	C	contig_1	404795	404795	DEL50	SYN1	DEL	-
contig_1	412251	412252	CA	C	contig_1	412232	412232	DEL51	SYN1	DEL	-
contig_1	426634	426635	CA	C	contig_1	426614	426614	DEL52	SYN1	DEL	-
contig_1	427206	427207	CT	C	contig_1	427185	427185	DEL53	SYN1	DEL	-
contig_1	435582	435583	GA	G	contig_1	435560	435560	DEL54	SYN1	DEL	-
contig_1	439482	439483	CT	C	contig_1	439459	439459	DEL55	SYN1	DEL	-
contig_1	444710	444710	T	C	contig_1	444686	444686	SNP56	SYN1	SNP	-
contig_1	444711	444711	C	T	contig_1	444687	444687	SNP57	SYN1	SNP	-
contig_1	464558	464558	G	GA	contig_1	464534	464535	INS58	SYN1	INS	-
contig_1	484193	484194	GT	G	contig_1	484170	484170	DEL59	SYN1	DEL	-
contig_1	490030	490030	C	CG	contig_1	490006	490007	INS60	SYN1	INS	-
contig_1	518270	518270	G	GA	contig_1	518247	518248	INS61	SYN1	INS	-
contig_1	522294	522295	CG	C	contig_1	522272	522272	DEL62	SYN1	DEL	-
contig_1	538878	538878	A	AG	contig_1	538855	538856	INS63	SYN1	INS	-
contig_1	546564	546565	CA	C	contig_1	546542	546542	DEL64	SYN1	DEL	-
contig_1	549437	554384	-	-	contig_1	549414	549414	DEL1	SYN1	DEL	-
contig_1	554385	1181644	-	-	contig_1	549414	1176676	SYNAL2	SYN1	SYNAL	-
contig_1	555086	555086	T	TA	contig_1	550115	550116	INS65	SYN1	INS	-
contig_1	585917	585918	AG	A	contig_1	580947	580947	DEL66	SYN1	DEL	-
contig_1	588924	588924	T	TC	contig_1	583953	583954	INS67	SYN1	INS	-
contig_1	610024	610024	A	AG	contig_1	605054	605055	INS68	SYN1	INS	-
contig_1	617327	617328	GA	G	contig_1	612358	612358	DEL69	SYN1	DEL	-
contig_1	621544	621544	C	CT	contig_1	616574	616575	INS70	SYN1	INS	-
contig_1	631133	631134	TA	T	contig_1	626164	626164	DEL71	SYN1	DEL	-
contig_1	646769	646769	A	AG	contig_1	641799	641800	INS72	SYN1	INS	-
contig_1	658286	658286	C	CT	contig_1	653317	653318	INS73	SYN1	INS	-
contig_1	675235	675236	TC	T	contig_1	670267	670267	DEL74	SYN1	DEL	-
contig_1	686127	686128	CA	C	contig_1	681158	681158	DEL75	SYN1	DEL	-
contig_1	693649	693650	GT	G	contig_1	688679	688679	DEL76	SYN1	DEL	-
contig_1	700684	700684	C	CT	contig_1	695713	695714	INS77	SYN1	INS	-
contig_1	705274	705274	C	CGCGTTTTT	contig_1	700304	700312	INS78	SYN1	INS	-
contig_1	708824	708824	A	AC	contig_1	703862	703863	INS79	SYN1	INS	-
contig_1	717932	717933	GC	G	contig_1	712971	712971	DEL80	SYN1	DEL	-
contig_1	723607	723609	GTT	G	contig_1	718645	718645	DEL81	SYN1	DEL	-
contig_1	771223	771224	CT	C	contig_1	766259	766259	DEL82	SYN1	DEL	-
contig_1	780652	780653	CA	C	contig_1	775687	775687	DEL83	SYN1	DEL	-
contig_1	789408	789408	G	GA	contig_1	784442	784443	INS84	SYN1	INS	-
contig_1	825284	825284	G	GA	contig_1	820319	820320	INS85	SYN1	INS	-
contig_1	843706	843707	GA	G	contig_1	838742	838742	DEL86	SYN1	DEL	-
contig_1	846092	846092	A	AC	contig_1	841127	841128	INS87	SYN1	INS	-
contig_1	847437	847438	TC	T	contig_1	842473	842473	DEL88	SYN1	DEL	-
contig_1	847494	847494	C	CA	contig_1	842529	842530	INS89	SYN1	INS	-
contig_1	847717	847717	T	TC	contig_1	842753	842754	INS90	SYN1	INS	-
contig_1	848117	848118	CA	C	contig_1	843154	843154	DEL91	SYN1	DEL	-
contig_1	848624	848625	CA	C	contig_1	843660	843660	DEL92	SYN1	DEL	-
contig_1	857775	857775	G	GA	contig_1	852810	852811	INS93	SYN1	INS	-
contig_1	860814	860815	CA	C	contig_1	855850	855850	DEL94	SYN1	DEL	-
contig_1	862330	862331	GA	G	contig_1	857365	857365	DEL95	SYN1	DEL	-
contig_1	863442	863443	CT	C	contig_1	858476	858476	DEL96	SYN1	DEL	-
contig_1	869735	869735	A	AT	contig_1	864768	864769	INS97	SYN1	INS	-
contig_1	881707	881707	G	GA	contig_1	876741	876742	INS98	SYN1	INS	-
contig_1	884137	884138	TC	T	contig_1	879172	879172	DEL99	SYN1	DEL	-
contig_1	888120	888120	A	G	contig_1	883154	883154	SNP100	SYN1	SNP	-
contig_1	901957	901958	GA	G	contig_1	896991	896991	DEL101	SYN1	DEL	-
contig_1	914032	914032	G	T	contig_1	909065	909065	SNP102	SYN1	SNP	-
contig_1	914158	914158	G	A	contig_1	909191	909191	SNP103	SYN1	SNP	-
contig_1	914500	914500	T	C	contig_1	909533	909533	SNP104	SYN1	SNP	-
contig_1	914510	914510	A	T	contig_1	909543	909543	SNP105	SYN1	SNP	-
contig_1	914864	914864	G	A	contig_1	909897	909897	SNP106	SYN1	SNP	-
contig_1	914939	914939	T	A	contig_1	909972	909972	SNP107	SYN1	SNP	-
contig_1	914940	914940	G	T	contig_1	909973	909973	SNP108	SYN1	SNP	-
contig_1	914991	914991	C	T	contig_1	910024	910024	SNP109	SYN1	SNP	-
contig_1	932513	932513	G	GA	contig_1	927546	927547	INS110	SYN1	INS	-
contig_1	934566	934567	AG	A	contig_1	929600	929600	DEL111	SYN1	DEL	-
contig_1	939748	939748	C	CT	contig_1	934781	934782	INS112	SYN1	INS	-
contig_1	940663	940663	G	GA	contig_1	935697	935698	INS113	SYN1	INS	-
contig_1	963640	963640	G	GC	contig_1	958675	958676	INS114	SYN1	INS	-
contig_1	964639	964640	CT	C	contig_1	959675	959675	DEL115	SYN1	DEL	-
contig_1	1022405	1022405	C	CAA	contig_1	1017440	1017442	INS116	SYN1	INS	-
contig_1	1035453	1035454	AG	A	contig_1	1030490	1030490	DEL117	SYN1	DEL	-
contig_1	1042168	1042169	GC	G	contig_1	1037204	1037204	DEL118	SYN1	DEL	-
contig_1	1069073	1069073	A	AG	contig_1	1064108	1064109	INS119	SYN1	INS	-
contig_1	1080921	1080921	G	GA	contig_1	1075957	1075958	INS120	SYN1	INS	-
contig_1	1103359	1103360	GA	G	contig_1	1098396	1098396	DEL121	SYN1	DEL	-
contig_1	1107838	1107839	AT	A	contig_1	1102874	1102874	DEL122	SYN1	DEL	-
contig_1	1133596	1133597	CT	C	contig_1	1128631	1128631	DEL123	SYN1	DEL	-
contig_1	1148153	1148154	AG	A	contig_1	1143187	1143187	DEL124	SYN1	DEL	-
contig_1	1164630	1164631	AG	A	contig_1	1159663	1159663	DEL125	SYN1	DEL	-
contig_1	1181645	1181647	-	-	-	-	-	NOTAL2	-	NOTAL	-
contig_1	1181648	1194706	-	-	contig_1	1176686	1189746	INV3	-	INV	-
contig_1	1181648	1194706	-	-	contig_1	1189746	1176686	INVAL5	INV3	INVAL	-
contig_1	1188696	1188696	G	A	contig_1	1182698	1182698	SNP126	INV3	SNP	-
contig_1	1192726	1192726	T	TC	contig_1	1178667	1178668	INS127	INV3	INS	-
contig_1	1194330	1194330	C	CA	contig_1	1177062	1177063	INS128	INV3	INS	-
contig_1	1194698	3965065	-	-	contig_1	1189751	3955874	SYN2	-	SYN	-
contig_1	1194698	2633390	-	-	contig_1	1189751	2628432	SYNAL3	SYN2	SYNAL	-
contig_1	1196363	1196363	A	G	contig_1	1191416	1191416	SNP129	SYN2	SNP	-
contig_1	1197727	1197727	G	GC	contig_1	1192780	1192781	INS130	SYN2	INS	-
contig_1	1210097	1210098	GA	G	contig_1	1205151	1205151	DEL131	SYN2	DEL	-
contig_1	1249429	1249429	G	GT	contig_1	1244482	1244483	INS132	SYN2	INS	-
contig_1	1255918	1255918	C	CT	contig_1	1250972	1250973	INS133	SYN2	INS	-
contig_1	1258540	1258540	C	CT	contig_1	1253595	1253596	INS134	SYN2	INS	-
contig_1	1275353	1275354	TC	T	contig_1	1270409	1270409	DEL135	SYN2	DEL	-
contig_1	1276308	1276308	A	AG	contig_1	1271363	1271364	INS136	SYN2	INS	-
contig_1	1276860	1276861	GT	G	contig_1	1271916	1271916	DEL137	SYN2	DEL	-
contig_1	1280921	1280921	C	CG	contig_1	1275976	1275977	INS138	SYN2	INS	-
contig_1	1313350	1313350	A	G	contig_1	1308406	1308406	SNP139	SYN2	SNP	-
contig_1	1329554	1329554	G	GA	contig_1	1324610	1324611	INS140	SYN2	INS	-
contig_1	1336509	1336510	GC	G	contig_1	1331566	1331566	DEL141	SYN2	DEL	-
contig_1	1340939	1340939	G	GC	contig_1	1335995	1335996	INS142	SYN2	INS	-
contig_1	1342541	1342542	CT	C	contig_1	1337598	1337598	DEL143	SYN2	DEL	-
contig_1	1344322	1344322	C	CT	contig_1	1339378	1339379	INS144	SYN2	INS	-
contig_1	1346572	1346573	GT	G	contig_1	1341629	1341629	DEL145	SYN2	DEL	-
contig_1	1398006	1398006	C	CT	contig_1	1393062	1393063	INS146	SYN2	INS	-
contig_1	1405623	1405624	TC	T	contig_1	1400680	1400680	DEL147	SYN2	DEL	-
contig_1	1418725	1418726	TC	T	contig_1	1413781	1413781	DEL148	SYN2	DEL	-
contig_1	1420545	1420546	GT	G	contig_1	1415600	1415600	DEL149	SYN2	DEL	-
contig_1	1428319	1428320	TC	T	contig_1	1423373	1423373	DEL150	SYN2	DEL	-
contig_1	1431164	1431164	T	TC	contig_1	1426217	1426218	INS151	SYN2	INS	-
contig_1	1432983	1432983	C	T	contig_1	1428037	1428037	SNP152	SYN2	SNP	-
contig_1	1432984	1432984	T	C	contig_1	1428038	1428038	SNP153	SYN2	SNP	-
contig_1	1435061	1435062	AT	A	contig_1	1430115	1430115	DEL154	SYN2	DEL	-
contig_1	1437289	1437290	CG	C	contig_1	1432342	1432342	DEL155	SYN2	DEL	-
contig_1	1442163	1442163	C	T	contig_1	1437215	1437215	SNP156	SYN2	SNP	-
contig_1	1442617	1442618	GT	G	contig_1	1437669	1437669	DEL157	SYN2	DEL	-
contig_1	1449083	1449084	GA	G	contig_1	1444134	1444134	DEL158	SYN2	DEL	-
contig_1	1452771	1452772	CT	C	contig_1	1447821	1447821	DEL159	SYN2	DEL	-
contig_1	1452953	1452953	G	A	contig_1	1448002	1448002	SNP160	SYN2	SNP	-
contig_1	1480959	1480960	CA	C	contig_1	1476008	1476008	DEL161	SYN2	DEL	-
contig_1	1488635	1488636	CG	C	contig_1	1483683	1483683	DEL162	SYN2	DEL	-
contig_1	1491075	1491075	T	TA	contig_1	1486122	1486123	INS163	SYN2	INS	-
contig_1	1493403	1493404	GA	G	contig_1	1488451	1488451	DEL164	SYN2	DEL	-
contig_1	1516067	1516068	GA	G	contig_1	1511114	1511114	DEL165	SYN2	DEL	-
contig_1	1529475	1529475	A	AG	contig_1	1524521	1524522	INS166	SYN2	INS	-
contig_1	1538225	1538226	CA	C	contig_1	1533272	1533272	DEL167	SYN2	DEL	-
contig_1	1556747	1556748	CT	C	contig_1	1551793	1551793	DEL168	SYN2	DEL	-
contig_1	1562142	1562142	A	AG	contig_1	1557187	1557188	INS169	SYN2	INS	-
contig_1	1562475	1562475	G	GA	contig_1	1557521	1557522	INS170	SYN2	INS	-
contig_1	1588812	1588813	AG	A	contig_1	1583859	1583859	DEL171	SYN2	DEL	-
contig_1	1600695	1600696	TC	T	contig_1	1595741	1595741	DEL172	SYN2	DEL	-
contig_1	1608236	1608237	GA	G	contig_1	1603281	1603281	DEL173	SYN2	DEL	-
contig_1	1608358	1608358	G	A	contig_1	1603402	1603402	SNP174	SYN2	SNP	-
contig_1	1610927	1610928	TC	T	contig_1	1605971	1605971	DEL175	SYN2	DEL	-
contig_1	1617086	1617087	TC	T	contig_1	1612129	1612129	DEL176	SYN2	DEL	-
contig_1	1650579	1650580	TA	T	contig_1	1645621	1645621	DEL177	SYN2	DEL	-
contig_1	1656948	1656948	T	TCAGTTTTCC	contig_1	1651989	1651998	INS178	SYN2	INS	-
contig_1	1661851	1661851	C	CA	contig_1	1656901	1656902	INS179	SYN2	INS	-
contig_1	1665974	1665974	G	A	contig_1	1661025	1661025	SNP180	SYN2	SNP	-
contig_1	1667259	1667259	T	TC	contig_1	1662310	1662311	INS181	SYN2	INS	-
contig_1	1672512	1672512	C	CT	contig_1	1667564	1667565	INS182	SYN2	INS	-
contig_1	1677875	1677876	CT	C	contig_1	1672928	1672928	DEL183	SYN2	DEL	-
contig_1	1732693	1732694	AG	A	contig_1	1727745	1727745	DEL184	SYN2	DEL	-
contig_1	1737088	1737088	T	TC	contig_1	1732139	1732140	INS185	SYN2	INS	-
contig_1	1740639	1740639	C	CA	contig_1	1735691	1735692	INS186	SYN2	INS	-
contig_1	1754156	1754157	CT	C	contig_1	1749209	1749209	DEL187	SYN2	DEL	-
contig_1	1763902	1763903	GA	G	contig_1	1758954	1758954	DEL188	SYN2	DEL	-
contig_1	1777162	1777163	AG	A	contig_1	1772213	1772213	DEL189	SYN2	DEL	-
contig_1	1796008	1796009	GT	G	contig_1	1791058	1791058	DEL190	SYN2	DEL	-
contig_1	1845086	1845086	C	CA	contig_1	1840135	1840136	INS191	SYN2	INS	-
contig_1	1848057	1848058	TC	T	contig_1	1843107	1843107	DEL192	SYN2	DEL	-
contig_1	1848650	1848650	A	T	contig_1	1843699	1843699	SNP193	SYN2	SNP	-
contig_1	1849819	1849819	T	TG	contig_1	1844868	1844869	INS194	SYN2	INS	-
contig_1	1866506	1866506	C	T	contig_1	1861556	1861556	SNP195	SYN2	SNP	-
contig_1	1870867	1870868	AT	A	contig_1	1865917	1865917	DEL196	SYN2	DEL	-
contig_1	1873258	1873258	T	TG	contig_1	1868307	1868308	INS197	SYN2	INS	-
contig_1	1875991	1875992	AT	A	contig_1	1871041	1871041	DEL198	SYN2	DEL	-
contig_1	1876173	1876174	CA	C	contig_1	1871222	1871222	DEL199	SYN2	DEL	-
contig_1	1883485	1883486	AT	A	contig_1	1878533	1878533	DEL200	SYN2	DEL	-
contig_1	1884278	1884279	CT	C	contig_1	1879325	1879325	DEL201	SYN2	DEL	-
contig_1	1909001	1909001	T	TG	contig_1	1904047	1904048	INS202	SYN2	INS	-
contig_1	1912294	1912294	C	CT	contig_1	1907341	1907342	INS203	SYN2	INS	-
contig_1	1917249	1917249	G	GT	contig_1	1912297	1912298	INS204	SYN2	INS	-
contig_1	1922243	1922244	AG	A	contig_1	1917292	1917292	DEL205	SYN2	DEL	-
contig_1	1934346	1934346	T	TCGGATTCAG	contig_1	1929394	1929403	INS206	SYN2	INS	-
contig_1	1941844	1941845	GA	G	contig_1	1936901	1936901	DEL207	SYN2	DEL	-
contig_1	1952670	1952671	AT	A	contig_1	1947726	1947726	DEL208	SYN2	DEL	-
contig_1	1970813	1970814	AT	A	contig_1	1965868	1965868	DEL209	SYN2	DEL	-
contig_1	2010067	2010067	C	CT	contig_1	2005121	2005122	INS210	SYN2	INS	-
contig_1	2012143	2012143	G	GC	contig_1	2007198	2007199	INS211	SYN2	INS	-
contig_1	2021580	2021580	C	CG	contig_1	2016636	2016637	INS212	SYN2	INS	-
contig_1	2032177	2032178	GA	G	contig_1	2027234	2027234	DEL213	SYN2	DEL	-
contig_1	2034012	2034013	GA	G	contig_1	2029068	2029068	DEL214	SYN2	DEL	-
contig_1	2034654	2034654	G	GT	contig_1	2029709	2029710	INS215	SYN2	INS	-
contig_1	2035440	2035440	T	C	contig_1	2030496	2030496	SNP216	SYN2	SNP	-
contig_1	2036807	2036808	GT	G	contig_1	2031863	2031863	DEL217	SYN2	DEL	-
contig_1	2064558	2064558	C	CT	contig_1	2059613	2059614	INS218	SYN2	INS	-
contig_1	2119864	2119865	GA	G	contig_1	2114920	2114920	DEL219	SYN2	DEL	-
contig_1	2123244	2123245	CA	C	contig_1	2118299	2118299	DEL220	SYN2	DEL	-
contig_1	2123827	2123828	GT	G	contig_1	2118881	2118881	DEL221	SYN2	DEL	-
contig_1	2148887	2148888	CT	C	contig_1	2143940	2143940	DEL222	SYN2	DEL	-
contig_1	2157900	2157901	CT	C	contig_1	2152952	2152952	DEL223	SYN2	DEL	-
contig_1	2158891	2158892	GT	G	contig_1	2153942	2153942	DEL224	SYN2	DEL	-
contig_1	2159184	2159185	AG	A	contig_1	2154234	2154234	DEL225	SYN2	DEL	-
contig_1	2159254	2159255	TC	T	contig_1	2154303	2154303	DEL226	SYN2	DEL	-
contig_1	2165009	2165010	CT	C	contig_1	2160057	2160057	DEL227	SYN2	DEL	-
contig_1	2179462	2179462	T	TA	contig_1	2174509	2174510	INS228	SYN2	INS	-
contig_1	2179481	2179481	C	T	contig_1	2174529	2174529	SNP229	SYN2	SNP	-
contig_1	2179963	2179964	CT	C	contig_1	2175011	2175011	DEL230	SYN2	DEL	-
contig_1	2181534	2181534	C	T	contig_1	2176581	2176581	SNP231	SYN2	SNP	-
contig_1	2190758	2190758	G	A	contig_1	2185805	2185805	SNP232	SYN2	SNP	-
contig_1	2229868	2229868	C	CA	contig_1	2224915	2224916	INS233	SYN2	INS	-
contig_1	2230325	2230325	C	CA	contig_1	2225373	2225374	INS234	SYN2	INS	-
contig_1	2245303	2245303	T	TC	contig_1	2240352	2240353	INS235	SYN2	INS	-
contig_1	2249382	2249382	C	CT	contig_1	2244432	2244433	INS236	SYN2	INS	-
contig_1	2252190	2252190	T	TC	contig_1	2247241	2247242	INS237	SYN2	INS	-
contig_1	2253930	2253931	GA	G	contig_1	2248982	2248982	DEL238	SYN2	DEL	-
contig_1	2272733	2272734	GC	G	contig_1	2267784	2267784	DEL239	SYN2	DEL	-
contig_1	2272939	2272940	AT	A	contig_1	2267989	2267989	DEL240	SYN2	DEL	-
contig_1	2294634	2294635	GA	G	contig_1	2289683	2289683	DEL241	SYN2	DEL	-
contig_1	2296990	2296991	GA	G	contig_1	2292038	2292038	DEL242	SYN2	DEL	-
contig_1	2299006	2299007	GT	G	contig_1	2294053	2294053	DEL243	SYN2	DEL	-
contig_1	2301271	2301271	T	TC	contig_1	2296317	2296318	INS244	SYN2	INS	-
contig_1	2305081	2305082	CT	C	contig_1	2300128	2300128	DEL245	SYN2	DEL	-
contig_1	2310644	2310644	G	GA	contig_1	2305690	2305691	INS246	SYN2	INS	-
contig_1	2310736	2310736	T	C	contig_1	2305783	2305783	SNP247	SYN2	SNP	-
contig_1	2311661	2311661	G	GC	contig_1	2306708	2306709	INS248	SYN2	INS	-
contig_1	2311663	2311663	T	A	contig_1	2306711	2306711	SNP249	SYN2	SNP	-
contig_1	2311666	2311666	C	T	contig_1	2306714	2306714	SNP250	SYN2	SNP	-
contig_1	2315557	2315558	AT	A	contig_1	2310605	2310605	DEL251	SYN2	DEL	-
contig_1	2315785	2315785	C	CA	contig_1	2310832	2310833	INS252	SYN2	INS	-
contig_1	2317650	2317650	T	G	contig_1	2312698	2312698	SNP253	SYN2	SNP	-
contig_1	2322251	2322252	CA	C	contig_1	2317299	2317299	DEL254	SYN2	DEL	-
contig_1	2322322	2322323	TG	T	contig_1	2317369	2317369	DEL255	SYN2	DEL	-
contig_1	2324003	2324003	T	C	contig_1	2319049	2319049	SNP256	SYN2	SNP	-
contig_1	2373978	2373978	A	AG	contig_1	2369024	2369025	INS257	SYN2	INS	-
contig_1	2376903	2376903	A	G	contig_1	2371950	2371950	SNP258	SYN2	SNP	-
contig_1	2378314	2378314	C	A	contig_1	2373361	2373361	SNP259	SYN2	SNP	-
contig_1	2378838	2378839	TA	T	contig_1	2373885	2373885	DEL260	SYN2	DEL	-
contig_1	2392557	2392557	G	GC	contig_1	2387603	2387604	INS261	SYN2	INS	-
contig_1	2394178	2394179	GA	G	contig_1	2389225	2389225	DEL262	SYN2	DEL	-
contig_1	2394615	2394616	TG	T	contig_1	2389661	2389661	DEL263	SYN2	DEL	-
contig_1	2397129	2397129	T	TC	contig_1	2392174	2392175	INS264	SYN2	INS	-
contig_1	2405011	2405012	CT	C	contig_1	2400057	2400057	DEL265	SYN2	DEL	-
contig_1	2421913	2421914	AG	A	contig_1	2416958	2416958	DEL266	SYN2	DEL	-
contig_1	2450200	2450201	GA	G	contig_1	2445244	2445244	DEL267	SYN2	DEL	-
contig_1	2472276	2472277	CT	C	contig_1	2467319	2467319	DEL268	SYN2	DEL	-
contig_1	2479989	2479990	TC	T	contig_1	2475031	2475031	DEL269	SYN2	DEL	-
contig_1	2512389	2512390	TC	T	contig_1	2507430	2507430	DEL270	SYN2	DEL	-
contig_1	2513218	2513219	CA	C	contig_1	2508258	2508258	DEL271	SYN2	DEL	-
contig_1	2518811	2518811	G	GT	contig_1	2513850	2513851	INS272	SYN2	INS	-
contig_1	2527724	2527724	T	TC	contig_1	2522764	2522765	INS273	SYN2	INS	-
contig_1	2545224	2545224	A	AT	contig_1	2540265	2540266	INS274	SYN2	INS	-
contig_1	2545267	2545268	AG	A	contig_1	2540309	2540309	DEL275	SYN2	DEL	-
contig_1	2570332	2570333	TG	T	contig_1	2565373	2565373	DEL276	SYN2	DEL	-
contig_1	2572339	2572340	GA	G	contig_1	2567379	2567379	DEL277	SYN2	DEL	-
contig_1	2603382	2603382	A	AG	contig_1	2598421	2598422	INS278	SYN2	INS	-
contig_1	2608118	2608118	G	GC	contig_1	2603158	2603159	INS279	SYN2	INS	-
contig_1	2632508	2632508	G	GC	contig_1	2627549	2627550	INS280	SYN2	INS	-
contig_1	2633390	2637598	-	-	contig_1	2628432	2628432	DEL2	SYN2	DEL	-
contig_1	2637599	3965065	-	-	contig_1	2628433	3955874	SYNAL4	SYN2	SYNAL	-
contig_1	2638687	2638688	TC	T	contig_1	2629521	2629521	DEL281	SYN2	DEL	-
contig_1	2643517	2643517	G	C	contig_1	2634350	2634350	SNP282	SYN2	SNP	-
contig_1	2646560	2646561	GA	G	contig_1	2637393	2637393	DEL283	SYN2	DEL	-
contig_1	2648277	2648277	T	TC	contig_1	2639109	2639110	INS284	SYN2	INS	-
contig_1	2657774	2657775	CA	C	contig_1	2648607	2648607	DEL285	SYN2	DEL	-
contig_1	2658548	2658549	GC	G	contig_1	2649380	2649380	DEL286	SYN2	DEL	-
contig_1	2659454	2659454	C	CA	contig_1	2650285	2650286	INS287	SYN2	INS	-
contig_1	2694428	2694429	GA	G	contig_1	2685260	2685260	DEL288	SYN2	DEL	-
contig_1	2696362	2696363	CA	C	contig_1	2687193	2687193	DEL289	SYN2	DEL	-
contig_1	2708668	2708668	A	G	contig_1	2699498	2699498	SNP290	SYN2	SNP	-
contig_1	2714213	2714214	TC	T	contig_1	2705043	2705043	DEL291	SYN2	DEL	-
contig_1	2727156	2727157	TC	T	contig_1	2717985	2717985	DEL292	SYN2	DEL	-
contig_1	2727543	2727543	T	C	contig_1	2718371	2718371	SNP293	SYN2	SNP	-
contig_1	2734222	2734223	TA	T	contig_1	2725050	2725050	DEL294	SYN2	DEL	-
contig_1	2736457	2736457	C	T	contig_1	2727284	2727284	SNP295	SYN2	SNP	-
contig_1	2749364	2749365	GA	G	contig_1	2740191	2740191	DEL296	SYN2	DEL	-
contig_1	2759921	2759921	T	TC	contig_1	2750747	2750748	INS297	SYN2	INS	-
contig_1	2769629	2769629	G	GA	contig_1	2760456	2760457	INS298	SYN2	INS	-
contig_1	2770062	2770062	T	C	contig_1	2760890	2760890	SNP299	SYN2	SNP	-
contig_1	2770158	2770158	T	C	contig_1	2760986	2760986	SNP300	SYN2	SNP	-
contig_1	2774237	2774238	GA	G	contig_1	2765065	2765065	DEL301	SYN2	DEL	-
contig_1	2778329	2778329	C	CA	contig_1	2769156	2769157	INS302	SYN2	INS	-
contig_1	2787554	2787555	CA	C	contig_1	2778382	2778382	DEL303	SYN2	DEL	-
contig_1	2840277	2840277	T	TC	contig_1	2831104	2831105	INS304	SYN2	INS	-
contig_1	2853704	2853705	AG	A	contig_1	2844532	2844532	DEL305	SYN2	DEL	-
contig_1	2858688	2858689	AC	A	contig_1	2849515	2849515	DEL306	SYN2	DEL	-
contig_1	2870139	2870140	TC	T	contig_1	2860965	2860965	DEL307	SYN2	DEL	-
contig_1	2876547	2876547	G	GC	contig_1	2867372	2867373	INS308	SYN2	INS	-
contig_1	2892659	2892660	TC	T	contig_1	2883485	2883485	DEL309	SYN2	DEL	-
contig_1	2913028	2913029	GA	G	contig_1	2903853	2903853	DEL310	SYN2	DEL	-
contig_1	2922317	2922317	C	CT	contig_1	2913141	2913142	INS311	SYN2	INS	-
contig_1	2922651	2922651	C	CT	contig_1	2913476	2913477	INS312	SYN2	INS	-
contig_1	2922687	2922687	C	T	contig_1	2913513	2913513	SNP313	SYN2	SNP	-
contig_1	2923555	2923556	CG	C	contig_1	2914381	2914381	DEL314	SYN2	DEL	-
contig_1	2923589	2923589	T	TC	contig_1	2914414	2914415	INS315	SYN2	INS	-
contig_1	2926373	2926374	CT	C	contig_1	2917199	2917199	DEL316	SYN2	DEL	-
contig_1	2934404	2934404	C	CT	contig_1	2925229	2925230	INS317	SYN2	INS	-
contig_1	2944456	2944457	GC	G	contig_1	2935282	2935282	DEL318	SYN2	DEL	-
contig_1	2949494	2949494	G	GA	contig_1	2940319	2940320	INS319	SYN2	INS	-
contig_1	2975158	2975159	GA	G	contig_1	2965984	2965984	DEL320	SYN2	DEL	-
contig_1	3000945	3000946	CG	C	contig_1	2991770	2991770	DEL321	SYN2	DEL	-
contig_1	3000970	3000970	G	GC	contig_1	2991794	2991795	INS322	SYN2	INS	-
contig_1	3007117	3007117	T	TC	contig_1	2997942	2997943	INS323	SYN2	INS	-
contig_1	3019414	3019415	GT	G	contig_1	3010240	3010240	DEL324	SYN2	DEL	-
contig_1	3020489	3020489	C	CG	contig_1	3011314	3011315	INS325	SYN2	INS	-
contig_1	3047183	3047183	T	TA	contig_1	3038009	3038010	INS326	SYN2	INS	-
contig_1	3049008	3049009	GA	G	contig_1	3039835	3039835	DEL327	SYN2	DEL	-
contig_1	3050929	3050930	AT	A	contig_1	3041755	3041755	DEL328	SYN2	DEL	-
contig_1	3096620	3096621	GA	G	contig_1	3087445	3087445	DEL329	SYN2	DEL	-
contig_1	3113290	3113290	A	AT	contig_1	3104114	3104115	INS330	SYN2	INS	-
contig_1	3118820	3118821	AG	A	contig_1	3109645	3109645	DEL331	SYN2	DEL	-
contig_1	3120444	3120445	CG	C	contig_1	3111268	3111268	DEL332	SYN2	DEL	-
contig_1	3123472	3123472	C	CG	contig_1	3114295	3114296	INS333	SYN2	INS	-
contig_1	3134974	3134975	GA	G	contig_1	3125798	3125798	DEL334	SYN2	DEL	-
contig_1	3168707	3168708	CA	C	contig_1	3159530	3159530	DEL335	SYN2	DEL	-
contig_1	3179910	3179910	A	AT	contig_1	3170732	3170733	INS336	SYN2	INS	-
contig_1	3186324	3186324	T	TC	contig_1	3177147	3177148	INS337	SYN2	INS	-
contig_1	3219466	3219467	GC	G	contig_1	3210290	3210290	DEL338	SYN2	DEL	-
contig_1	3221914	3221914	G	GA	contig_1	3212737	3212738	INS339	SYN2	INS	-
contig_1	3231196	3231196	T	TG	contig_1	3222020	3222021	INS340	SYN2	INS	-
contig_1	3236165	3236166	CT	C	contig_1	3226990	3226990	DEL341	SYN2	DEL	-
contig_1	3237587	3237588	AC	A	contig_1	3228411	3228411	DEL342	SYN2	DEL	-
contig_1	3246932	3246933	TA	T	contig_1	3237755	3237755	DEL343	SYN2	DEL	-
contig_1	3255928	3255928	C	CT	contig_1	3246750	3246751	INS344	SYN2	INS	-
contig_1	3262289	3262289	T	C	contig_1	3253112	3253112	SNP345	SYN2	SNP	-
contig_1	3262478	3262479	GA	G	contig_1	3253301	3253301	DEL346	SYN2	DEL	-
contig_1	3280558	3280558	A	AG	contig_1	3271380	3271381	INS347	SYN2	INS	-
contig_1	3308271	3308271	C	CCT	contig_1	3299094	3299096	INS348	SYN2	INS	-
contig_1	3322327	3322328	TC	T	contig_1	3313152	3313152	DEL349	SYN2	DEL	-
contig_1	3324192	3324193	AG	A	contig_1	3315016	3315016	DEL350	SYN2	DEL	-
contig_1	3326792	3326793	CG	C	contig_1	3317615	3317615	DEL351	SYN2	DEL	-
contig_1	3333338	3333339	TC	T	contig_1	3324160	3324160	DEL352	SYN2	DEL	-
contig_1	3334242	3334243	CG	C	contig_1	3325063	3325063	DEL353	SYN2	DEL	-
contig_1	3335389	3335389	C	T	contig_1	3326209	3326209	SNP354	SYN2	SNP	-
contig_1	3336463	3336463	C	T	contig_1	3327283	3327283	SNP355	SYN2	SNP	-
contig_1	3336757	3336757	T	TA	contig_1	3327577	3327578	INS356	SYN2	INS	-
contig_1	3339109	3339110	CT	C	contig_1	3329930	3329930	DEL357	SYN2	DEL	-
contig_1	3344049	3344050	CA	C	contig_1	3334869	3334869	DEL358	SYN2	DEL	-
contig_1	3351217	3351218	GT	G	contig_1	3342036	3342036	DEL359	SYN2	DEL	-
contig_1	3354047	3354047	T	TA	contig_1	3344865	3344866	INS360	SYN2	INS	-
contig_1	3354923	3354924	GA	G	contig_1	3345742	3345742	DEL361	SYN2	DEL	-
contig_1	3355073	3355074	TA	T	contig_1	3345891	3345891	DEL362	SYN2	DEL	-
contig_1	3355876	3355877	CT	C	contig_1	3346693	3346693	DEL363	SYN2	DEL	-
contig_1	3356246	3356246	C	T	contig_1	3347062	3347062	SNP364	SYN2	SNP	-
contig_1	3356308	3356308	T	TC	contig_1	3347124	3347125	INS365	SYN2	INS	-
contig_1	3356372	3356372	T	TC	contig_1	3347189	3347190	INS366	SYN2	INS	-
contig_1	3359168	3359168	G	GGC	contig_1	3349986	3349988	INS367	SYN2	INS	-
contig_1	3361430	3361430	C	CG	contig_1	3352250	3352251	INS368	SYN2	INS	-
contig_1	3362935	3362935	G	GA	contig_1	3353756	3353757	INS369	SYN2	INS	-
contig_1	3367487	3367488	GC	G	contig_1	3358309	3358309	DEL370	SYN2	DEL	-
contig_1	3368362	3368363	AT	A	contig_1	3359183	3359183	DEL371	SYN2	DEL	-
contig_1	3368766	3368766	C	CCA	contig_1	3359586	3359588	INS372	SYN2	INS	-
contig_1	3369037	3369037	G	A	contig_1	3359859	3359859	SNP373	SYN2	SNP	-
contig_1	3369038	3369039	TA	T	contig_1	3359860	3359860	DEL374	SYN2	DEL	-
contig_1	3369040	3369040	C	T	contig_1	3359861	3359861	SNP375	SYN2	SNP	-
contig_1	3370390	3370392	TAC	T	contig_1	3361211	3361211	DEL376	SYN2	DEL	-
contig_1	3370431	3370433	AGG	A	contig_1	3361250	3361250	DEL377	SYN2	DEL	-
contig_1	3370517	3370518	TA	T	contig_1	3361334	3361334	DEL378	SYN2	DEL	-
contig_1	3370566	3370567	TG	T	contig_1	3361382	3361382	DEL379	SYN2	DEL	-
contig_1	3370578	3370579	AT	A	contig_1	3361393	3361393	DEL380	SYN2	DEL	-
contig_1	3371096	3371096	C	T	contig_1	3361910	3361910	SNP381	SYN2	SNP	-
contig_1	3371325	3371325	T	TA	contig_1	3362139	3362140	INS382	SYN2	INS	-
contig_1	3371372	3371372	G	GA	contig_1	3362187	3362188	INS383	SYN2	INS	-
contig_1	3372071	3372072	GT	G	contig_1	3362887	3362887	DEL384	SYN2	DEL	-
contig_1	3372350	3372351	GT	G	contig_1	3363165	3363165	DEL385	SYN2	DEL	-
contig_1	3372986	3372987	GA	G	contig_1	3363800	3363800	DEL386	SYN2	DEL	-
contig_1	3373791	3373791	A	AC	contig_1	3364604	3364605	INS387	SYN2	INS	-
contig_1	3374892	3374892	T	TA	contig_1	3365706	3365707	INS388	SYN2	INS	-
contig_1	3379204	3379205	TA	T	contig_1	3370019	3370019	DEL389	SYN2	DEL	-
contig_1	3414018	3414018	C	CT	contig_1	3404832	3404833	INS390	SYN2	INS	-
contig_1	3421005	3421006	GA	G	contig_1	3411820	3411820	DEL391	SYN2	DEL	-
contig_1	3423086	3423087	AT	A	contig_1	3413900	3413900	DEL392	SYN2	DEL	-
contig_1	3427287	3427288	GA	G	contig_1	3418100	3418100	DEL393	SYN2	DEL	-
contig_1	3436006	3436006	A	AC	contig_1	3426818	3426819	INS394	SYN2	INS	-
contig_1	3459606	3459606	T	TC	contig_1	3450419	3450420	INS395	SYN2	INS	-
contig_1	3465571	3465571	A	AC	contig_1	3456385	3456386	INS396	SYN2	INS	-
contig_1	3465669	3465670	CA	C	contig_1	3456484	3456484	DEL397	SYN2	DEL	-
contig_1	3465730	3465731	CT	C	contig_1	3456544	3456544	DEL398	SYN2	DEL	-
contig_1	3466192	3466192	C	CT	contig_1	3457005	3457006	INS399	SYN2	INS	-
contig_1	3475934	3475934	G	A	contig_1	3466748	3466748	SNP400	SYN2	SNP	-
contig_1	3477735	3477736	GC	G	contig_1	3468549	3468549	DEL401	SYN2	DEL	-
contig_1	3481798	3481798	G	GA	contig_1	3472611	3472612	INS402	SYN2	INS	-
contig_1	3492808	3492808	G	GA	contig_1	3483622	3483623	INS403	SYN2	INS	-
contig_1	3494165	3494166	CT	C	contig_1	3484980	3484980	DEL404	SYN2	DEL	-
contig_1	3509334	3509335	AT	A	contig_1	3500148	3500148	DEL405	SYN2	DEL	-
contig_1	3544002	3544003	GA	G	contig_1	3534815	3534815	DEL406	SYN2	DEL	-
contig_1	3561326	3561327	CT	C	contig_1	3552138	3552138	DEL407	SYN2	DEL	-
contig_1	3561370	3561370	A	AT	contig_1	3552181	3552182	INS408	SYN2	INS	-
contig_1	3673564	3673564	C	CCACGACGCG	contig_1	3664376	3664385	INS409	SYN2	INS	-
contig_1	3683288	3683288	G	GT	contig_1	3674109	3674110	INS410	SYN2	INS	-
contig_1	3699154	3699155	CT	C	contig_1	3689976	3689976	DEL411	SYN2	DEL	-
contig_1	3715505	3715506	CT	C	contig_1	3706326	3706326	DEL412	SYN2	DEL	-
contig_1	3716363	3716363	G	GT	contig_1	3707183	3707184	INS413	SYN2	INS	-
contig_1	3736940	3736941	CA	C	contig_1	3727761	3727761	DEL414	SYN2	DEL	-
contig_1	3737026	3737027	TC	T	contig_1	3727846	3727846	DEL415	SYN2	DEL	-
contig_1	3751591	3751591	C	CG	contig_1	3742410	3742411	INS416	SYN2	INS	-
contig_1	3761939	3761939	G	GA	contig_1	3752759	3752760	INS417	SYN2	INS	-
contig_1	3762907	3762908	GT	G	contig_1	3753728	3753728	DEL418	SYN2	DEL	-
contig_1	3764317	3764317	C	CT	contig_1	3755137	3755138	INS419	SYN2	INS	-
contig_1	3766150	3766150	G	GC	contig_1	3756971	3756972	INS420	SYN2	INS	-
contig_1	3777247	3777247	T	G	contig_1	3768069	3768069	SNP421	SYN2	SNP	-
contig_1	3786723	3786723	A	AT	contig_1	3777545	3777546	INS422	SYN2	INS	-
contig_1	3796702	3796703	AT	A	contig_1	3787525	3787525	DEL423	SYN2	DEL	-
contig_1	3798037	3798038	TG	T	contig_1	3788859	3788859	DEL424	SYN2	DEL	-
contig_1	3803053	3803053	G	A	contig_1	3793874	3793874	SNP425	SYN2	SNP	-
contig_1	3804224	3804225	TA	T	contig_1	3795045	3795045	DEL426	SYN2	DEL	-
contig_1	3805918	3805918	C	CG	contig_1	3796738	3796739	INS427	SYN2	INS	-
contig_1	3808229	3808230	CA	C	contig_1	3799050	3799050	DEL428	SYN2	DEL	-
contig_1	3816074	3816075	AG	A	contig_1	3806894	3806894	DEL429	SYN2	DEL	-
contig_1	3818878	3818878	C	T	contig_1	3809697	3809697	SNP430	SYN2	SNP	-
contig_1	3822816	3822817	CT	C	contig_1	3813635	3813635	DEL431	SYN2	DEL	-
contig_1	3826835	3826836	GA	G	contig_1	3817653	3817653	DEL432	SYN2	DEL	-
contig_1	3835114	3835115	AT	A	contig_1	3825931	3825931	DEL433	SYN2	DEL	-
contig_1	3835739	3835739	A	G	contig_1	3826555	3826555	SNP434	SYN2	SNP	-
contig_1	3838748	3838748	G	GT	contig_1	3829564	3829565	INS435	SYN2	INS	-
contig_1	3839140	3839141	AC	A	contig_1	3829957	3829957	DEL436	SYN2	DEL	-
contig_1	3839655	3839656	GT	G	contig_1	3830471	3830471	DEL437	SYN2	DEL	-
contig_1	3840303	3840304	AT	A	contig_1	3831118	3831118	DEL438	SYN2	DEL	-
contig_1	3840368	3840368	A	AT	contig_1	3831182	3831183	INS439	SYN2	INS	-
contig_1	3841002	3841003	CT	C	contig_1	3831817	3831817	DEL440	SYN2	DEL	-
contig_1	3841099	3841099	A	AT	contig_1	3831913	3831914	INS441	SYN2	INS	-
contig_1	3841806	3841807	GT	G	contig_1	3832621	3832621	DEL442	SYN2	DEL	-
contig_1	3841998	3841998	T	TC	contig_1	3832812	3832813	INS443	SYN2	INS	-
contig_1	3842953	3842954	CT	C	contig_1	3833768	3833768	DEL444	SYN2	DEL	-
contig_1	3843426	3843427	TG	T	contig_1	3834240	3834240	DEL445	SYN2	DEL	-
contig_1	3843768	3843769	CT	C	contig_1	3834581	3834581	DEL446	SYN2	DEL	-
contig_1	3843826	3843827	AC	A	contig_1	3834638	3834638	DEL447	SYN2	DEL	-
contig_1	3844459	3844459	T	TC	contig_1	3835270	3835271	INS448	SYN2	INS	-
contig_1	3845018	3845019	TC	T	contig_1	3835830	3835830	DEL449	SYN2	DEL	-
contig_1	3845117	3845117	T	TCC	contig_1	3835928	3835930	INS450	SYN2	INS	-
contig_1	3845119	3845119	G	A	contig_1	3835932	3835932	SNP451	SYN2	SNP	-
contig_1	3845120	3845120	A	G	contig_1	3835933	3835933	SNP452	SYN2	SNP	-
contig_1	3845184	3845184	C	T	contig_1	3835997	3835997	SNP453	SYN2	SNP	-
contig_1	3845219	3845219	G	A	contig_1	3836032	3836032	SNP454	SYN2	SNP	-
contig_1	3845221	3845221	A	G	contig_1	3836034	3836034	SNP455	SYN2	SNP	-
contig_1	3845222	3845222	G	GA	contig_1	3836035	3836036	INS456	SYN2	INS	-
contig_1	3845493	3845493	C	CT	contig_1	3836307	3836308	INS457	SYN2	INS	-
contig_1	3845739	3845739	G	GA	contig_1	3836554	3836555	INS458	SYN2	INS	-
contig_1	3846131	3846131	T	TC	contig_1	3836947	3836948	INS459	SYN2	INS	-
contig_1	3846346	3846346	C	CA	contig_1	3837163	3837164	INS460	SYN2	INS	-
contig_1	3846390	3846391	TC	T	contig_1	3837208	3837208	DEL461	SYN2	DEL	-
contig_1	3846457	3846459	CCT	C	contig_1	3837274	3837274	DEL462	SYN2	DEL	-
contig_1	3846729	3846729	A	AT	contig_1	3837544	3837545	INS463	SYN2	INS	-
contig_1	3851131	3851132	AG	A	contig_1	3841947	3841947	DEL464	SYN2	DEL	-
contig_1	3853795	3853795	C	T	contig_1	3844610	3844610	SNP465	SYN2	SNP	-
contig_1	3862261	3862262	TC	T	contig_1	3853076	3853076	DEL466	SYN2	DEL	-
contig_1	3874420	3874420	C	T	contig_1	3865234	3865234	SNP467	SYN2	SNP	-
contig_1	3877773	3877774	GA	G	contig_1	3868587	3868587	DEL468	SYN2	DEL	-
contig_1	3877782	3877782	C	T	contig_1	3868595	3868595	SNP469	SYN2	SNP	-
contig_1	3885454	3885455	CT	C	contig_1	3876267	3876267	DEL470	SYN2	DEL	-
contig_1	3887430	3887431	AT	A	contig_1	3878242	3878242	DEL471	SYN2	DEL	-
contig_1	3892376	3892378	TAA	T	contig_1	3883187	3883187	DEL472	SYN2	DEL	-
contig_1	3898199	3898199	T	TA	contig_1	3889008	3889009	INS473	SYN2	INS	-
contig_1	3905447	3905448	TA	T	contig_1	3896257	3896257	DEL474	SYN2	DEL	-
contig_1	3914864	3914864	A	AT	contig_1	3905673	3905674	INS475	SYN2	INS	-
contig_1	3918690	3918690	C	CT	contig_1	3909500	3909501	INS476	SYN2	INS	-
contig_1	3928395	3928396	CT	C	contig_1	3919206	3919206	DEL477	SYN2	DEL	-
-	-	-	-	-	contig_1	1176677	1176685	NOTAL3	-	NOTAL	-
-	-	-	-	-	contig_1	1189747	1189750	NOTAL4	-	NOTAL	-
-	-	-	-	-	contig_1	3955875	3955875	NOTAL5	-	NOTAL	-
