chr1	start1	end1	REF	ALT	chr2	start2	end2	ID	parent	SVTYPE	MISC	start1_is_rm	end1_is_rm	start2_is_rm	end2_is_rm	start1_is	end1_is	start2_is	end2_is	SVLEN_ISDEL
contig_1	2	1187830	-	-	contig_1	1	1188610	SYN1	-	SYN	-	2	1181644	1	1176238	-1	9	-1	4	1181643
contig_1	2	552068	-	-	contig_1	1	552063	SYNAL1	SYN1	SYNAL	-	2	548975	1	548970	-1	3	-1	1	548974
contig_1	552068	560571	-	-	contig_1	552063	552063	DEL1	SYN1	DEL	-	548975	554385	548970	548970	3	6	1	1	5411
contig_1	560572	1187830	-	-	contig_1	555157	1188610	SYNAL2	SYN1	SYNAL	-	554386	1181644	548971	1176238	6	9	1	4	627259
contig_1	711460	711460	C	CGCGTTTTT	contig_1	706048	706056	INS83	SYN1	INS	-	705274	705274	699862	699870	7	7	2	2	9
contig_1	1064536	1064536	A	AGGCATTATG	contig_1	1062217	1062226	INS121	SYN1	INS	-	1058350	1058350	1052938	1052947	8	8	3	3	10
contig_1	1187829	1205565	-	-	contig_1	1376728	1395977	TRANS8	-	TRANS	-	1181643	1194707	1359696	1372761	9	11	5	6	13065
contig_1	1187829	1205565	-	-	contig_1	1376728	1395977	TRANSAL13	TRANS8	TRANSAL	-	1181643	1194707	1359696	1372761	9	11	5	6	13065
contig_1	1205556	1389008	-	-	contig_1	1193280	1376729	INV5	-	INV	-	1194698	1378150	1176248	1359697	11	12	4	5	183453
contig_1	1205556	1389008	-	-	contig_1	1376729	1193280	INVAL10	INV5	INVAL	-	1194698	1378150	1359697	1176248	11	12	5	4	183453
contig_1	1389000	2214528	-	-	contig_1	1395977	2154218	SYN2	-	SYN	-	1378142	2191251	1372761	2095418	12	30	6	18	813110
contig_1	1389000	1675021	-	-	contig_1	1395977	1685074	SYNAL3	SYN2	SYNAL	-	1378142	1656407	1372761	1651010	12	17	6	9	278266
contig_1	1675021	1676416	-	-	contig_1	1685074	1685074	DEL2	SYN2	DEL	-	1656407	1657802	1651010	1651010	17	18	9	9	1396
contig_1	1676417	1834455	-	-	contig_1	1685074	1851803	SYNAL4	SYN2	SYNAL	-	1657803	1815841	1651010	1808461	18	23	9	13	158039
contig_1	1742186	1742186	C	CCATAAAGCG	contig_1	1750840	1750849	INS223	SYN2	INS	-	1723572	1723572	1716776	1716785	19	19	10	10	10
contig_1	1770804	1770804	T	TGCCAGCGGG	contig_1	1782559	1782568	INS225	SYN2	INS	-	1752190	1752190	1745403	1745412	20	20	11	11	10
contig_1	1787485	1788080	-	-	contig_1	1802341	1802341	DEL227	SYN2	DEL	-	1768871	1769466	1762092	1762092	21	22	12	12	596
contig_1	1834455	1922921	-	-	contig_1	1851803	1851803	DEL3	SYN2	DEL	-	1815841	1904307	1808461	1808461	23	24	13	13	88467
contig_1	1922922	2214528	-	-	contig_1	1854896	2154218	SYNAL5	SYN2	SYNAL	-	1904308	2191251	1808462	2095418	24	30	13	18	286944
contig_1	1952960	1952960	T	TCGGATTCAG	contig_1	1884931	1884940	INS241	SYN2	INS	-	1934346	1934346	1838497	1838506	25	25	14	14	10
contig_1	2129966	2129966	G	GATTGATATT	contig_1	2063461	2063470	INS262	SYN2	INS	-	2106689	2106689	2010846	2010855	28	28	16	16	10
contig_1	2173584	2173584	C	CACGCTTGAT	contig_1	2110176	2110185	INS270	SYN2	INS	-	2150307	2150307	2054468	2054477	29	29	17	17	10
contig_1	2214529	2225637	-	-	-	-	-	NOTAL2	-	NOTAL	-	2191252	2202360	-	-	30	31	-1	-1	11109
contig_1	2225638	2311149	-	-	contig_1	2154218	2242817	INV6	-	INV	-	2202361	2283209	2095418	2176262	31	32	18	19	80849
contig_1	2225638	2311149	-	-	contig_1	2242817	2154218	INVAL11	INV6	INVAL	-	2202361	2283209	2176262	2095418	31	32	19	18	80849
contig_1	2311150	2319454	-	-	-	-	-	NOTAL3	-	NOTAL	-	2283210	2291514	-	-	32	34	-1	-1	8305
contig_1	2319455	3054486	-	-	contig_1	2242817	2976832	SYN3	-	SYN	-	2291515	3026546	2176262	2900998	34	40	19	23	735032
contig_1	2319455	2402508	-	-	contig_1	2242817	2328959	SYNAL6	SYN3	SYNAL	-	2291515	2374568	2176262	2259311	34	35	19	20	83054
contig_1	2402508	2406993	-	-	contig_1	2328959	2328959	DEL4	SYN3	DEL	-	2374568	2379053	2259311	2259311	35	36	20	20	4486
contig_1	2406994	2661331	-	-	contig_1	2328958	2586379	SYNAL7	SYN3	SYNAL	-	2379054	2633391	2259310	2513638	36	37	20	21	254338
contig_1	2661331	2667127	-	-	contig_1	2586379	2586379	DEL5	SYN3	DEL	-	2633391	2639187	2513638	2513638	37	38	21	21	5797
contig_1	2667128	3054486	-	-	contig_1	2586379	2976832	SYNAL8	SYN3	SYNAL	-	2639188	3026546	2513638	2900998	38	40	21	23	387359
contig_1	2815191	2815191	T	TTCATCATTA	contig_1	2734438	2734447	INS380	SYN3	INS	-	2787251	2787251	2661697	2661706	39	39	22	22	10
contig_1	3054478	3067258	-	-	contig_1	2976832	2992704	INV7	-	INV	-	3026538	3039318	2900998	2913778	40	41	23	24	12781
contig_1	3054478	3067258	-	-	contig_1	2992704	2976832	INVAL12	INV7	INVAL	-	3026538	3039318	2913778	2900998	40	41	24	23	12781
contig_1	3067259	3085696	-	-	-	-	-	NOTAL4	-	NOTAL	-	3039319	3057756	-	-	41	42	-1	-1	18438
contig_1	3085697	4003851	-	-	contig_1	2997917	3923636	SYN4	-	SYN	-	3057757	3965065	2913779	3820896	42	-1	24	-1	907309
contig_1	3085697	4003851	-	-	contig_1	2997917	3923636	SYNAL9	SYN4	SYNAL	-	3057757	3965065	2913779	3820896	42	-1	24	-1	907309
contig_1	3704606	3704767	-	-	contig_1	3616795	3616795	DEL498	SYN4	DEL	-	3673573	3673734	3529565	3529565	45	46	26	26	162
contig_1	3835130	3835130	T	TTCTCCAGCC	contig_1	3751818	3751827	INS510	SYN4	INS	-	3804097	3804097	3659925	3659934	47	47	27	27	10
-	-	-	-	-	contig_1	1188611	1188619	NOTAL5	-	NOTAL	-	-	-	1176239	1176247	-1	-1	4	4	9
