chr1	start1	end1	REF	ALT	chr2	start2	end2	ID	parent	SVTYPE	MISC	start1_is_rm	end1_is_rm	start2_is_rm	end2_is_rm	start1_is	end1_is	start2_is	end2_is	SVLEN_ISDEL
contig_1	1	1185962	-	-	contig_1	1	1188619	SYN1	-	SYN	-	1	1176685	1	1176247	-1	9	-1	4	1176685
contig_1	1	1185962	-	-	contig_1	1	1188619	SYNAL1	SYN1	SYNAL	-	1	1176685	1	1176247	-1	9	-1	4	1176685
contig_1	552044	552506	-	-	contig_1	552063	552063	DEL67	SYN1	DEL	-	548952	549414	548970	548970	3	4	1	1	463
contig_1	1062662	1062662	A	AGGCATTATG	contig_1	1062217	1062226	INS118	SYN1	INS	-	1053385	1053385	1052938	1052947	8	8	3	3	10
contig_1	1190626	1390239	-	-	contig_1	1193280	1392884	INV5	-	INV	-	1176686	1373206	1176248	1372760	9	13	4	6	196521
contig_1	1190626	1390239	-	-	contig_1	1392884	1193280	INVAL9	INV5	INVAL	-	1176686	1373206	1372760	1176248	9	13	6	4	196521
contig_1	1390231	2221934	-	-	contig_1	1395977	2154218	SYN2	-	SYN	-	1373198	2186298	1372761	2095418	13	34	6	18	813101
contig_1	1390231	1676235	-	-	contig_1	1395977	1685074	SYNAL2	SYN2	SYNAL	-	1373198	1651448	1372761	1651010	13	18	6	9	278251
contig_1	1676235	1680732	-	-	contig_1	1685074	1685074	DEL1	SYN2	DEL	-	1651448	1652852	1651010	1651010	18	21	9	9	1405
contig_1	1680733	1838770	-	-	contig_1	1685074	1851803	SYNAL3	SYN2	SYNAL	-	1652853	1810890	1651010	1808461	21	26	9	13	158038
contig_1	1746504	1746504	C	CCATAAAGCG	contig_1	1750840	1750849	INS211	SYN2	INS	-	1718624	1718624	1716776	1716785	22	22	10	10	10
contig_1	1775123	1775123	T	TGCCAGCGGG	contig_1	1782559	1782568	INS216	SYN2	INS	-	1747243	1747243	1745403	1745412	23	23	11	11	10
contig_1	1791802	1792397	-	-	contig_1	1802341	1802341	DEL218	SYN2	DEL	-	1763922	1764517	1762092	1762092	24	25	12	12	596
contig_1	1838770	1927233	-	-	contig_1	1851803	1851803	DEL2	SYN2	DEL	-	1810890	1899353	1808461	1808461	26	27	13	13	88464
contig_1	1927234	2221934	-	-	contig_1	1854896	2154218	SYNAL4	SYN2	SYNAL	-	1899354	2186298	1808462	2095418	27	34	13	18	286945
contig_1	2137381	2137381	G	GATTGATATT	contig_1	2063461	2063470	INS244	SYN2	INS	-	2101745	2101745	2010846	2010855	32	32	16	16	10
contig_1	2180995	2180995	C	CACGCTTGAT	contig_1	2110176	2110185	INS250	SYN2	INS	-	2145359	2145359	2054468	2054477	33	33	17	17	10
contig_1	2221935	2233043	-	-	-	-	-	NOTAL1	-	NOTAL	-	2186299	2197407	-	-	34	35	-1	-1	11109
contig_1	2233044	2318557	-	-	contig_1	2154218	2242817	INV6	-	INV	-	2197408	2278258	2095418	2176262	35	36	18	19	80851
contig_1	2233044	2318557	-	-	contig_1	2242817	2154218	INVAL10	INV6	INVAL	-	2197408	2278258	2176262	2095418	35	36	19	18	80851
contig_1	2318558	2326862	-	-	-	-	-	NOTAL2	-	NOTAL	-	2278259	2286563	-	-	36	38	-1	-1	8305
contig_1	2326863	3060763	-	-	contig_1	2242817	2976832	SYN3	-	SYN	-	2286564	3017372	2176262	2900998	38	45	19	23	730809
contig_1	2326863	2409914	-	-	contig_1	2242817	2328959	SYNAL5	SYN3	SYNAL	-	2286564	2369615	2176262	2259311	38	39	19	20	83052
contig_1	2409914	2414398	-	-	contig_1	2328959	2328959	DEL3	SYN3	DEL	-	2369615	2374099	2259311	2259311	39	40	20	20	4485
contig_1	2414399	2668731	-	-	contig_1	2328958	2583285	SYNAL6	SYN3	SYNAL	-	2374100	2628432	2259310	2513637	40	41	20	21	254333
contig_1	2668731	2673411	-	-	contig_1	2583285	2583285	DEL4	SYN3	DEL	-	2628432	2630020	2513637	2513637	41	43	21	21	1589
contig_1	2673412	3060763	-	-	contig_1	2586379	2976832	SYNAL7	SYN3	SYNAL	-	2630021	3017372	2513638	2900998	43	45	21	23	387352
contig_1	2821470	2821470	T	TTCATCATTA	contig_1	2734438	2734447	INS331	SYN3	INS	-	2778079	2778079	2661697	2661706	44	44	22	22	10
contig_1	3060755	3073535	-	-	contig_1	2976832	2992704	INV7	-	INV	-	3017364	3030144	2900998	2913778	45	46	23	24	12781
contig_1	3060755	3073535	-	-	contig_1	2992704	2976832	INVAL11	INV7	INVAL	-	3017364	3030144	2913778	2900998	45	46	24	23	12781
contig_1	3073536	3091972	-	-	-	-	-	NOTAL3	-	NOTAL	-	3030145	3048581	-	-	46	47	-1	-1	18437
contig_1	3091973	4014776	-	-	contig_1	2997917	3923637	SYN4	-	SYN	-	3048582	3955875	2913779	3820897	47	-1	24	-1	907294
contig_1	3091973	4014776	-	-	contig_1	2997917	3923637	SYNAL8	SYN4	SYNAL	-	3048582	3955875	2913779	3820897	47	-1	24	-1	907294
contig_1	3710868	3715701	-	-	contig_1	3616795	3616795	DEL407	SYN4	DEL	-	3664385	3664555	3529565	3529565	50	52	26	26	171
contig_1	3846064	3846064	T	TTCTCCAGCC	contig_1	3751818	3751827	INS421	SYN4	INS	-	3794918	3794918	3659925	3659934	53	53	27	27	10
